ошибки и лог ошибок == DATE:

    Monday, 19 May 2025 at 12:04:20 AM Central Indonesia Time
    
    2025-05-18T16:04:20Z



== PREVIEW UPDATE ERROR:

    SchemeBuildError: Failed to build the scheme “DDDDS_Test”
    
    expressions are not allowed at the top level
    
    Compiling DesignSystem.swift, ContentView.swift:
    Failed frontend command:
    /Applications/Xcode.app/Contents/Developer/Toolchains/XcodeDefault.xctoolchain/usr/bin/swift-frontend -frontend -c /Users/vladimirsvh/Desktop/MyDashboardApp\ best/DDDDS_Test/DDDDS_Test/Dashboard/AppDelegate.swift /Users/vladimirsvh/Desktop/MyDashboardApp\ best/DDDDS_Test/DDDDS_Test/Dashboard/Support/Extensions.swift /Users/vladimirsvh/Desktop/MyDashboardApp\ best/DDDDS_Test/DDDDS_Test/Dashboard/Widgets/HabitsWidgetView.swift /Users/vladimirsvh/Desktop/MyDashboardApp\ best/DDDDS_Test/DDDDS_Test/Dashboard/Widgets/MoneyWidgetView.swift -primary-file /Users/vladimirsvh/Desktop/MyDashboardApp\ best/DDDDS_Test/DDDDS_Test/Dashboard/Support/DesignSystem.swift -primary-file /Users/vladimirsvh/Desktop/MyDashboardApp\ best/DDDDS_Test/DDDDS_Test/ContentView.swift /Users/vladimirsvh/Desktop/MyDashboardApp\ best/DDDDS_Test/DDDDS_Test/Dashboard/Widgets/TasksWidgetView.swift /Users/vladimirsvh/Desktop/MyDashboardApp\ best/DDDDS_Test/DDDDS_Test/Dashboard/Widgets/DiaryWidgetView.swift /Users/vladimirsvh/Desktop/MyDashboardApp\ best/DDDDS_Test/DDDDS_Test/Dashboard/DashboardViewController.swift /Users/vladimirsvh/Desktop/MyDashboardApp\ best/DDDDS_Test/DDDDS_Test/Dashboard/Widgets/BodyWidgetView.swift /Users/vladimirsvh/Desktop/MyDashboardApp\ best/DDDDS_Test/DDDDS_Test/DDDDS_TestApp.swift /Users/vladimirsvh/Library/Developer/Xcode/DerivedData/DDDDS_Test-baycaolwgxvqjmavfjwyeeqaloxx/Build/Intermediates.noindex/DDDDS_Test.build/Debug-iphonesimulator/DDDDS_Test.build/DerivedSources/GeneratedAssetSymbols.swift -emit-dependencies-path /Users/vladimirsvh/Library/Developer/Xcode/DerivedData/DDDDS_Test-baycaolwgxvqjmavfjwyeeqaloxx/Build/Intermediates.noindex/DDDDS_Test.build/Debug-iphonesimulator/DDDDS_Test.build/Objects-normal/arm64/DesignSystem.d -emit-const-values-path /Users/vladimirsvh/Library/Developer/Xcode/DerivedData/DDDDS_Test-baycaolwgxvqjmavfjwyeeqaloxx/Build/Intermediates.noindex/DDDDS_Test.build/Debug-iphonesimulator/DDDDS_Test.build/Objects-normal/arm64/DesignSystem.swiftconstvalues -emit-reference-dependencies-path /Users/vladimirsvh/Library/Developer/Xcode/DerivedData/DDDDS_Test-baycaolwgxvqjmavfjwyeeqaloxx/Build/Intermediates.noindex/DDDDS_Test.build/Debug-iphonesimulator/DDDDS_Test.build/Objects-normal/arm64/DesignSystem.swiftdeps -serialize-diagnostics-path /Users/vladimirsvh/Library/Developer/Xcode/DerivedData/DDDDS_Test-baycaolwgxvqjmavfjwyeeqaloxx/Build/Intermediates.noindex/DDDDS_Test.build/Debug-iphonesimulator/DDDDS_Test.build/Objects-normal/arm64/DesignSystem.dia -emit-dependencies-path /Users/vladimirsvh/Library/Developer/Xcode/DerivedData/DDDDS_Test-baycaolwgxvqjmavfjwyeeqaloxx/Build/Intermediates.noindex/DDDDS_Test.build/Debug-iphonesimulator/DDDDS_Test.build/Objects-normal/arm64/ContentView.d -emit-const-values-path /Users/vladimirsvh/Library/Developer/Xcode/DerivedData/DDDDS_Test-baycaolwgxvqjmavfjwyeeqaloxx/Build/Intermediates.noindex/DDDDS_Test.build/Debug-iphonesimulator/DDDDS_Test.build/Objects-normal/arm64/ContentView.swiftconstvalues -emit-reference-dependencies-path /Users/vladimirsvh/Library/Developer/Xcode/DerivedData/DDDDS_Test-baycaolwgxvqjmavfjwyeeqaloxx/Build/Intermediates.noindex/DDDDS_Test.build/Debug-iphonesimulator/DDDDS_Test.build/Objects-normal/arm64/ContentView.swiftdeps -serialize-diagnostics-path /Users/vladimirsvh/Library/Developer/Xcode/DerivedData/DDDDS_Test-baycaolwgxvqjmavfjwyeeqaloxx/Build/Intermediates.noindex/DDDDS_Test.build/Debug-iphonesimulator/DDDDS_Test.build/Objects-normal/arm64/ContentView.dia -emit-localized-strings -emit-localized-strings-path /Users/vladimirsvh/Library/Developer/Xcode/DerivedData/DDDDS_Test-baycaolwgxvqjmavfjwyeeqaloxx/Build/Intermediates.noindex/DDDDS_Test.build/Debug-iphonesimulator/DDDDS_Test.build/Objects-normal/arm64 -target arm64-apple-ios18.4-simulator -Xllvm -aarch64-use-tbi -enable-objc-interop -sdk /Applications/Xcode.app/Contents/Developer/Platforms/iPhoneSimulator.platform/Developer/SDKs/iPhoneSimulator18.4.sdk -I /Users/vladimirsvh/Library/Developer/Xcode/DerivedData/DDDDS_Test-baycaolwgxvqjmavfjwyeeqaloxx/Build/Products/Debug-iphonesimulator -F /Users/vladimirsvh/Library/Developer/Xcode/DerivedData/DDDDS_Test-baycaolwgxvqjmavfjwyeeqaloxx/Build/Products/Debug-iphonesimulator -no-color-diagnostics -enable-testing -g -debug-info-format\=dwarf -dwarf-version\=5 -module-cache-path /Users/vladimirsvh/Library/Developer/Xcode/DerivedData/ModuleCache.noindex -swift-version 5 -enforce-exclusivity\=checked -Onone -D DEBUG -serialize-debugging-options -const-gather-protocols-file /Users/vladimirsvh/Library/Developer/Xcode/DerivedData/DDDDS_Test-baycaolwgxvqjmavfjwyeeqaloxx/Build/Intermediates.noindex/DDDDS_Test.build/Debug-iphonesimulator/DDDDS_Test.build/Objects-normal/arm64/DDDDS_Test_const_extract_protocols.json -enable-experimental-feature DebugDescriptionMacro -enable-bare-slash-regex -empty-abi-descriptor -validate-clang-modules-once -clang-build-session-file /Users/vladimirsvh/Library/Developer/Xcode/DerivedData/ModuleCache.noindex/Session.modulevalidation -Xcc -working-directory -Xcc /Users/vladimirsvh/Desktop/MyDashboardApp\ best/DDDDS_Test -resource-dir /Applications/Xcode.app/Contents/Developer/Toolchains/XcodeDefault.xctoolchain/usr/lib/swift -enable-anonymous-context-mangled-names -file-compilation-dir /Users/vladimirsvh/Desktop/MyDashboardApp\ best/DDDDS_Test -Xcc -ivfsstatcache -Xcc /Users/vladimirsvh/Library/Developer/Xcode/DerivedData/SDKStatCaches.noindex/iphonesimulator18.4-22E235-71825a6d136aa4733edcbe86ece5525b.sdkstatcache -Xcc -I/Users/vladimirsvh/Library/Developer/Xcode/DerivedData/DDDDS_Test-baycaolwgxvqjmavfjwyeeqaloxx/Build/Intermediates.noindex/DDDDS_Test.build/Debug-iphonesimulator/DDDDS_Test.build/swift-overrides.hmap -Xcc -iquote -Xcc /Users/vladimirsvh/Library/Developer/Xcode/DerivedData/DDDDS_Test-baycaolwgxvqjmavfjwyeeqaloxx/Build/Intermediates.noindex/DDDDS_Test.build/Debug-iphonesimulator/DDDDS_Test.build/DDDDS_Test-generated-files.hmap -Xcc -I/Users/vladimirsvh/Library/Developer/Xcode/DerivedData/DDDDS_Test-baycaolwgxvqjmavfjwyeeqaloxx/Build/Intermediates.noindex/DDDDS_Test.build/Debug-iphonesimulator/DDDDS_Test.build/DDDDS_Test-own-target-headers.hmap -Xcc -I/Users/vladimirsvh/Library/Developer/Xcode/DerivedData/DDDDS_Test-baycaolwgxvqjmavfjwyeeqaloxx/Build/Intermediates.noindex/DDDDS_Test.build/Debug-iphonesimulator/DDDDS_Test.build/DDDDS_Test-all-target-headers.hmap -Xcc -iquote -Xcc /Users/vladimirsvh/Library/Developer/Xcode/DerivedData/DDDDS_Test-baycaolwgxvqjmavfjwyeeqaloxx/Build/Intermediates.noindex/DDDDS_Test.build/Debug-iphonesimulator/DDDDS_Test.build/DDDDS_Test-project-headers.hmap -Xcc -I/Users/vladimirsvh/Library/Developer/Xcode/DerivedData/DDDDS_Test-baycaolwgxvqjmavfjwyeeqaloxx/Build/Products/Debug-iphonesimulator/include -Xcc -I/Users/vladimirsvh/Library/Developer/Xcode/DerivedData/DDDDS_Test-baycaolwgxvqjmavfjwyeeqaloxx/Build/Intermediates.noindex/DDDDS_Test.build/Debug-iphonesimulator/DDDDS_Test.build/DerivedSources-normal/arm64 -Xcc -I/Users/vladimirsvh/Library/Developer/Xcode/DerivedData/DDDDS_Test-baycaolwgxvqjmavfjwyeeqaloxx/Build/Intermediates.noindex/DDDDS_Test.build/Debug-iphonesimulator/DDDDS_Test.build/DerivedSources/arm64 -Xcc -I/Users/vladimirsvh/Library/Developer/Xcode/DerivedData/DDDDS_Test-baycaolwgxvqjmavfjwyeeqaloxx/Build/Intermediates.noindex/DDDDS_Test.build/Debug-iphonesimulator/DDDDS_Test.build/DerivedSources -Xcc -DDEBUG\=1 -module-name DDDDS_Test -frontend-parseable-output -disable-clang-spi -target-sdk-version 18.4 -target-sdk-name iphonesimulator18.4 -external-plugin-path /Applications/Xcode.app/Contents/Developer/Platforms/iPhoneOS.platform/Developer/usr/lib/swift/host/plugins\#/Applications/Xcode.app/Contents/Developer/Platforms/iPhoneOS.platform/Developer/usr/bin/swift-plugin-server -external-plugin-path /Applications/Xcode.app/Contents/Developer/Platforms/iPhoneOS.platform/Developer/usr/local/lib/swift/host/plugins\#/Applications/Xcode.app/Contents/Developer/Platforms/iPhoneOS.platform/Developer/usr/bin/swift-plugin-server -in-process-plugin-server-path /Applications/Xcode.app/Contents/Developer/Toolchains/XcodeDefault.xctoolchain/usr/lib/swift/host/libSwiftInProcPluginServer.dylib -plugin-path /Applications/Xcode.app/Contents/Developer/Toolchains/XcodeDefault.xctoolchain/usr/lib/swift/host/plugins -plugin-path /Applications/Xcode.app/Contents/Developer/Toolchains/XcodeDefault.xctoolchain/usr/local/lib/swift/host/plugins -o /Users/vladimirsvh/Library/Developer/Xcode/DerivedData/DDDDS_Test-baycaolwgxvqjmavfjwyeeqaloxx/Build/Intermediates.noindex/DDDDS_Test.build/Debug-iphonesimulator/DDDDS_Test.build/Objects-normal/arm64/DesignSystem.o -o /Users/vladimirsvh/Library/Developer/Xcode/DerivedData/DDDDS_Test-baycaolwgxvqjmavfjwyeeqaloxx/Build/Intermediates.noindex/DDDDS_Test.build/Debug-iphonesimulator/DDDDS_Test.build/Objects-normal/arm64/ContentView.o -index-unit-output-path /DDDDS_Test.build/Debug-iphonesimulator/DDDDS_Test.build/Objects-normal/arm64/DesignSystem.o -index-unit-output-path /DDDDS_Test.build/Debug-iphonesimulator/DDDDS_Test.build/Objects-normal/arm64/ContentView.o -index-store-path /Users/vladimirsvh/Library/Developer/Xcode/DerivedData/DDDDS_Test-baycaolwgxvqjmavfjwyeeqaloxx/Index.noindex/DataStore -index-system-modules
    
    
    Compile DesignSystem.swift (arm64):
    /Users/vladimirsvh/Desktop/MyDashboardApp best/DDDDS_Test/DDDDS_Test/Dashboard/Widgets/TasksWidgetView.swift:2:1: error: expressions are not allowed at the top level
    backgroundColor = UIColor(hex: "#F65D2C").withAlphaComponent(0.1)
    ^
    /Users/vladimirsvh/Desktop/MyDashboardApp best/DDDDS_Test/DDDDS_Test/Dashboard/Widgets/TasksWidgetView.swift:3:1: error: expressions are not allowed at the top level
    titleLabel.text = "Tasks"
    ^
    /Users/vladimirsvh/Desktop/MyDashboardApp best/DDDDS_Test/DDDDS_Test/Dashboard/Widgets/DiaryWidgetView.swift:2:1: error: expressions are not allowed at the top level
    backgroundColor = UIColor(hex: "#F42012").withAlphaComponent(0.1)
    ^
    /Users/vladimirsvh/Desktop/MyDashboardApp best/DDDDS_Test/DDDDS_Test/Dashboard/Widgets/DiaryWidgetView.swift:3:1: error: expressions are not allowed at the top level
    titleLabel.text = "Diary"
    ^
    /Users/vladimirsvh/Desktop/MyDashboardApp best/DDDDS_Test/DDDDS_Test/Dashboard/Widgets/BodyWidgetView.swift:2:1: error: expressions are not allowed at the top level
    backgroundColor = UIColor(hex: "#E32D5F").withAlphaComponent(0.1)
    ^
    /Users/vladimirsvh/Desktop/MyDashboardApp best/DDDDS_Test/DDDDS_Test/Dashboard/Widgets/BodyWidgetView.swift:3:1: error: expressions are not allowed at the top level
    titleLabel.text = "Body"
    ^
    
    
    Compile ContentView.swift (arm64):
    /Users/vladimirsvh/Desktop/MyDashboardApp best/DDDDS_Test/DDDDS_Test/Dashboard/Widgets/TasksWidgetView.swift:2:1: error: expressions are not allowed at the top level
    backgroundColor = UIColor(hex: "#F65D2C").withAlphaComponent(0.1)
    ^
    /Users/vladimirsvh/Desktop/MyDashboardApp best/DDDDS_Test/DDDDS_Test/Dashboard/Widgets/TasksWidgetView.swift:3:1: error: expressions are not allowed at the top level
    titleLabel.text = "Tasks"
    ^
    /Users/vladimirsvh/Desktop/MyDashboardApp best/DDDDS_Test/DDDDS_Test/Dashboard/Widgets/DiaryWidgetView.swift:2:1: error: expressions are not allowed at the top level
    backgroundColor = UIColor(hex: "#F42012").withAlphaComponent(0.1)
    ^
    /Users/vladimirsvh/Desktop/MyDashboardApp best/DDDDS_Test/DDDDS_Test/Dashboard/Widgets/DiaryWidgetView.swift:3:1: error: expressions are not allowed at the top level
    titleLabel.text = "Diary"
    ^
    /Users/vladimirsvh/Desktop/MyDashboardApp best/DDDDS_Test/DDDDS_Test/Dashboard/Widgets/BodyWidgetView.swift:2:1: error: expressions are not allowed at the top level
    backgroundColor = UIColor(hex: "#E32D5F").withAlphaComponent(0.1)
    ^
    /Users/vladimirsvh/Desktop/MyDashboardApp best/DDDDS_Test/DDDDS_Test/Dashboard/Widgets/BodyWidgetView.swift:3:1: error: expressions are not allowed at the top level
    titleLabel.text = "Body"
    ^
    
    
    Compiling HabitsWidgetView.swift, MoneyWidgetView.swift:
    Failed frontend command:
    /Applications/Xcode.app/Contents/Developer/Toolchains/XcodeDefault.xctoolchain/usr/bin/swift-frontend -frontend -c /Users/vladimirsvh/Desktop/MyDashboardApp\ best/DDDDS_Test/DDDDS_Test/Dashboard/AppDelegate.swift /Users/vladimirsvh/Desktop/MyDashboardApp\ best/DDDDS_Test/DDDDS_Test/Dashboard/Support/Extensions.swift -primary-file /Users/vladimirsvh/Desktop/MyDashboardApp\ best/DDDDS_Test/DDDDS_Test/Dashboard/Widgets/HabitsWidgetView.swift -primary-file /Users/vladimirsvh/Desktop/MyDashboardApp\ best/DDDDS_Test/DDDDS_Test/Dashboard/Widgets/MoneyWidgetView.swift /Users/vladimirsvh/Desktop/MyDashboardApp\ best/DDDDS_Test/DDDDS_Test/Dashboard/Support/DesignSystem.swift /Users/vladimirsvh/Desktop/MyDashboardApp\ best/DDDDS_Test/DDDDS_Test/ContentView.swift /Users/vladimirsvh/Desktop/MyDashboardApp\ best/DDDDS_Test/DDDDS_Test/Dashboard/Widgets/TasksWidgetView.swift /Users/vladimirsvh/Desktop/MyDashboardApp\ best/DDDDS_Test/DDDDS_Test/Dashboard/Widgets/DiaryWidgetView.swift /Users/vladimirsvh/Desktop/MyDashboardApp\ best/DDDDS_Test/DDDDS_Test/Dashboard/DashboardViewController.swift /Users/vladimirsvh/Desktop/MyDashboardApp\ best/DDDDS_Test/DDDDS_Test/Dashboard/Widgets/BodyWidgetView.swift /Users/vladimirsvh/Desktop/MyDashboardApp\ best/DDDDS_Test/DDDDS_Test/DDDDS_TestApp.swift /Users/vladimirsvh/Library/Developer/Xcode/DerivedData/DDDDS_Test-baycaolwgxvqjmavfjwyeeqaloxx/Build/Intermediates.noindex/DDDDS_Test.build/Debug-iphonesimulator/DDDDS_Test.build/DerivedSources/GeneratedAssetSymbols.swift -emit-dependencies-path /Users/vladimirsvh/Library/Developer/Xcode/DerivedData/DDDDS_Test-baycaolwgxvqjmavfjwyeeqaloxx/Build/Intermediates.noindex/DDDDS_Test.build/Debug-iphonesimulator/DDDDS_Test.build/Objects-normal/arm64/HabitsWidgetView.d -emit-const-values-path /Users/vladimirsvh/Library/Developer/Xcode/DerivedData/DDDDS_Test-baycaolwgxvqjmavfjwyeeqaloxx/Build/Intermediates.noindex/DDDDS_Test.build/Debug-iphonesimulator/DDDDS_Test.build/Objects-normal/arm64/HabitsWidgetView.swiftconstvalues -emit-reference-dependencies-path /Users/vladimirsvh/Library/Developer/Xcode/DerivedData/DDDDS_Test-baycaolwgxvqjmavfjwyeeqaloxx/Build/Intermediates.noindex/DDDDS_Test.build/Debug-iphonesimulator/DDDDS_Test.build/Objects-normal/arm64/HabitsWidgetView.swiftdeps -serialize-diagnostics-path /Users/vladimirsvh/Library/Developer/Xcode/DerivedData/DDDDS_Test-baycaolwgxvqjmavfjwyeeqaloxx/Build/Intermediates.noindex/DDDDS_Test.build/Debug-iphonesimulator/DDDDS_Test.build/Objects-normal/arm64/HabitsWidgetView.dia -emit-dependencies-path /Users/vladimirsvh/Library/Developer/Xcode/DerivedData/DDDDS_Test-baycaolwgxvqjmavfjwyeeqaloxx/Build/Intermediates.noindex/DDDDS_Test.build/Debug-iphonesimulator/DDDDS_Test.build/Objects-normal/arm64/MoneyWidgetView.d -emit-const-values-path /Users/vladimirsvh/Library/Developer/Xcode/DerivedData/DDDDS_Test-baycaolwgxvqjmavfjwyeeqaloxx/Build/Intermediates.noindex/DDDDS_Test.build/Debug-iphonesimulator/DDDDS_Test.build/Objects-normal/arm64/MoneyWidgetView.swiftconstvalues -emit-reference-dependencies-path /Users/vladimirsvh/Library/Developer/Xcode/DerivedData/DDDDS_Test-baycaolwgxvqjmavfjwyeeqaloxx/Build/Intermediates.noindex/DDDDS_Test.build/Debug-iphonesimulator/DDDDS_Test.build/Objects-normal/arm64/MoneyWidgetView.swiftdeps -serialize-diagnostics-path /Users/vladimirsvh/Library/Developer/Xcode/DerivedData/DDDDS_Test-baycaolwgxvqjmavfjwyeeqaloxx/Build/Intermediates.noindex/DDDDS_Test.build/Debug-iphonesimulator/DDDDS_Test.build/Objects-normal/arm64/MoneyWidgetView.dia -emit-localized-strings -emit-localized-strings-path /Users/vladimirsvh/Library/Developer/Xcode/DerivedData/DDDDS_Test-baycaolwgxvqjmavfjwyeeqaloxx/Build/Intermediates.noindex/DDDDS_Test.build/Debug-iphonesimulator/DDDDS_Test.build/Objects-normal/arm64 -target arm64-apple-ios18.4-simulator -Xllvm -aarch64-use-tbi -enable-objc-interop -sdk /Applications/Xcode.app/Contents/Developer/Platforms/iPhoneSimulator.platform/Developer/SDKs/iPhoneSimulator18.4.sdk -I /Users/vladimirsvh/Library/Developer/Xcode/DerivedData/DDDDS_Test-baycaolwgxvqjmavfjwyeeqaloxx/Build/Products/Debug-iphonesimulator -F /Users/vladimirsvh/Library/Developer/Xcode/DerivedData/DDDDS_Test-baycaolwgxvqjmavfjwyeeqaloxx/Build/Products/Debug-iphonesimulator -no-color-diagnostics -enable-testing -g -debug-info-format\=dwarf -dwarf-version\=5 -module-cache-path /Users/vladimirsvh/Library/Developer/Xcode/DerivedData/ModuleCache.noindex -swift-version 5 -enforce-exclusivity\=checked -Onone -D DEBUG -serialize-debugging-options -const-gather-protocols-file /Users/vladimirsvh/Library/Developer/Xcode/DerivedData/DDDDS_Test-baycaolwgxvqjmavfjwyeeqaloxx/Build/Intermediates.noindex/DDDDS_Test.build/Debug-iphonesimulator/DDDDS_Test.build/Objects-normal/arm64/DDDDS_Test_const_extract_protocols.json -enable-experimental-feature DebugDescriptionMacro -enable-bare-slash-regex -empty-abi-descriptor -validate-clang-modules-once -clang-build-session-file /Users/vladimirsvh/Library/Developer/Xcode/DerivedData/ModuleCache.noindex/Session.modulevalidation -Xcc -working-directory -Xcc /Users/vladimirsvh/Desktop/MyDashboardApp\ best/DDDDS_Test -resource-dir /Applications/Xcode.app/Contents/Developer/Toolchains/XcodeDefault.xctoolchain/usr/lib/swift -enable-anonymous-context-mangled-names -file-compilation-dir /Users/vladimirsvh/Desktop/MyDashboardApp\ best/DDDDS_Test -Xcc -ivfsstatcache -Xcc /Users/vladimirsvh/Library/Developer/Xcode/DerivedData/SDKStatCaches.noindex/iphonesimulator18.4-22E235-71825a6d136aa4733edcbe86ece5525b.sdkstatcache -Xcc -I/Users/vladimirsvh/Library/Developer/Xcode/DerivedData/DDDDS_Test-baycaolwgxvqjmavfjwyeeqaloxx/Build/Intermediates.noindex/DDDDS_Test.build/Debug-iphonesimulator/DDDDS_Test.build/swift-overrides.hmap -Xcc -iquote -Xcc /Users/vladimirsvh/Library/Developer/Xcode/DerivedData/DDDDS_Test-baycaolwgxvqjmavfjwyeeqaloxx/Build/Intermediates.noindex/DDDDS_Test.build/Debug-iphonesimulator/DDDDS_Test.build/DDDDS_Test-generated-files.hmap -Xcc -I/Users/vladimirsvh/Library/Developer/Xcode/DerivedData/DDDDS_Test-baycaolwgxvqjmavfjwyeeqaloxx/Build/Intermediates.noindex/DDDDS_Test.build/Debug-iphonesimulator/DDDDS_Test.build/DDDDS_Test-own-target-headers.hmap -Xcc -I/Users/vladimirsvh/Library/Developer/Xcode/DerivedData/DDDDS_Test-baycaolwgxvqjmavfjwyeeqaloxx/Build/Intermediates.noindex/DDDDS_Test.build/Debug-iphonesimulator/DDDDS_Test.build/DDDDS_Test-all-target-headers.hmap -Xcc -iquote -Xcc /Users/vladimirsvh/Library/Developer/Xcode/DerivedData/DDDDS_Test-baycaolwgxvqjmavfjwyeeqaloxx/Build/Intermediates.noindex/DDDDS_Test.build/Debug-iphonesimulator/DDDDS_Test.build/DDDDS_Test-project-headers.hmap -Xcc -I/Users/vladimirsvh/Library/Developer/Xcode/DerivedData/DDDDS_Test-baycaolwgxvqjmavfjwyeeqaloxx/Build/Products/Debug-iphonesimulator/include -Xcc -I/Users/vladimirsvh/Library/Developer/Xcode/DerivedData/DDDDS_Test-baycaolwgxvqjmavfjwyeeqaloxx/Build/Intermediates.noindex/DDDDS_Test.build/Debug-iphonesimulator/DDDDS_Test.build/DerivedSources-normal/arm64 -Xcc -I/Users/vladimirsvh/Library/Developer/Xcode/DerivedData/DDDDS_Test-baycaolwgxvqjmavfjwyeeqaloxx/Build/Intermediates.noindex/DDDDS_Test.build/Debug-iphonesimulator/DDDDS_Test.build/DerivedSources/arm64 -Xcc -I/Users/vladimirsvh/Library/Developer/Xcode/DerivedData/DDDDS_Test-baycaolwgxvqjmavfjwyeeqaloxx/Build/Intermediates.noindex/DDDDS_Test.build/Debug-iphonesimulator/DDDDS_Test.build/DerivedSources -Xcc -DDEBUG\=1 -module-name DDDDS_Test -frontend-parseable-output -disable-clang-spi -target-sdk-version 18.4 -target-sdk-name iphonesimulator18.4 -external-plugin-path /Applications/Xcode.app/Contents/Developer/Platforms/iPhoneOS.platform/Developer/usr/lib/swift/host/plugins\#/Applications/Xcode.app/Contents/Developer/Platforms/iPhoneOS.platform/Developer/usr/bin/swift-plugin-server -external-plugin-path /Applications/Xcode.app/Contents/Developer/Platforms/iPhoneOS.platform/Developer/usr/local/lib/swift/host/plugins\#/Applications/Xcode.app/Contents/Developer/Platforms/iPhoneOS.platform/Developer/usr/bin/swift-plugin-server -in-process-plugin-server-path /Applications/Xcode.app/Contents/Developer/Toolchains/XcodeDefault.xctoolchain/usr/lib/swift/host/libSwiftInProcPluginServer.dylib -plugin-path /Applications/Xcode.app/Contents/Developer/Toolchains/XcodeDefault.xctoolchain/usr/lib/swift/host/plugins -plugin-path /Applications/Xcode.app/Contents/Developer/Toolchains/XcodeDefault.xctoolchain/usr/local/lib/swift/host/plugins -o /Users/vladimirsvh/Library/Developer/Xcode/DerivedData/DDDDS_Test-baycaolwgxvqjmavfjwyeeqaloxx/Build/Intermediates.noindex/DDDDS_Test.build/Debug-iphonesimulator/DDDDS_Test.build/Objects-normal/arm64/HabitsWidgetView.o -o /Users/vladimirsvh/Library/Developer/Xcode/DerivedData/DDDDS_Test-baycaolwgxvqjmavfjwyeeqaloxx/Build/Intermediates.noindex/DDDDS_Test.build/Debug-iphonesimulator/DDDDS_Test.build/Objects-normal/arm64/MoneyWidgetView.o -index-unit-output-path /DDDDS_Test.build/Debug-iphonesimulator/DDDDS_Test.build/Objects-normal/arm64/HabitsWidgetView.o -index-unit-output-path /DDDDS_Test.build/Debug-iphonesimulator/DDDDS_Test.build/Objects-normal/arm64/MoneyWidgetView.o -index-store-path /Users/vladimirsvh/Library/Developer/Xcode/DerivedData/DDDDS_Test-baycaolwgxvqjmavfjwyeeqaloxx/Index.noindex/DataStore -index-system-modules
    
    
    Compile HabitsWidgetView.swift (arm64):
    /Users/vladimirsvh/Desktop/MyDashboardApp best/DDDDS_Test/DDDDS_Test/Dashboard/Widgets/TasksWidgetView.swift:2:1: error: expressions are not allowed at the top level
    backgroundColor = UIColor(hex: "#F65D2C").withAlphaComponent(0.1)
    ^
    /Users/vladimirsvh/Desktop/MyDashboardApp best/DDDDS_Test/DDDDS_Test/Dashboard/Widgets/TasksWidgetView.swift:3:1: error: expressions are not allowed at the top level
    titleLabel.text = "Tasks"
    ^
    /Users/vladimirsvh/Desktop/MyDashboardApp best/DDDDS_Test/DDDDS_Test/Dashboard/Widgets/DiaryWidgetView.swift:2:1: error: expressions are not allowed at the top level
    backgroundColor = UIColor(hex: "#F42012").withAlphaComponent(0.1)
    ^
    /Users/vladimirsvh/Desktop/MyDashboardApp best/DDDDS_Test/DDDDS_Test/Dashboard/Widgets/DiaryWidgetView.swift:3:1: error: expressions are not allowed at the top level
    titleLabel.text = "Diary"
    ^
    /Users/vladimirsvh/Desktop/MyDashboardApp best/DDDDS_Test/DDDDS_Test/Dashboard/Widgets/BodyWidgetView.swift:2:1: error: expressions are not allowed at the top level
    backgroundColor = UIColor(hex: "#E32D5F").withAlphaComponent(0.1)
    ^
    /Users/vladimirsvh/Desktop/MyDashboardApp best/DDDDS_Test/DDDDS_Test/Dashboard/Widgets/BodyWidgetView.swift:3:1: error: expressions are not allowed at the top level
    titleLabel.text = "Body"
    ^
    /Users/vladimirsvh/Desktop/MyDashboardApp best/DDDDS_Test/DDDDS_Test/Dashboard/Widgets/HabitsWidgetView.swift:16:1: error: 'required' initializer 'init(coder:)' must be provided by subclass of 'UIView'
    }
    ^
    /Applications/Xcode.app/Contents/Developer/Platforms/iPhoneSimulator.platform/Developer/SDKs/iPhoneSimulator18.4.sdk/System/Library/Frameworks/UIKit.framework/Headers/UIView.h:150:1: note: 'required' initializer is declared in superclass here
    - (nullable instancetype)initWithCoder:(NSCoder *)coder NS_DESIGNATED_INITIALIZER;
    ^
    
    
    Compile MoneyWidgetView.swift (arm64):
    /Users/vladimirsvh/Desktop/MyDashboardApp best/DDDDS_Test/DDDDS_Test/Dashboard/Widgets/TasksWidgetView.swift:2:1: error: expressions are not allowed at the top level
    backgroundColor = UIColor(hex: "#F65D2C").withAlphaComponent(0.1)
    ^
    /Users/vladimirsvh/Desktop/MyDashboardApp best/DDDDS_Test/DDDDS_Test/Dashboard/Widgets/TasksWidgetView.swift:3:1: error: expressions are not allowed at the top level
    titleLabel.text = "Tasks"
    ^
    /Users/vladimirsvh/Desktop/MyDashboardApp best/DDDDS_Test/DDDDS_Test/Dashboard/Widgets/DiaryWidgetView.swift:2:1: error: expressions are not allowed at the top level
    backgroundColor = UIColor(hex: "#F42012").withAlphaComponent(0.1)
    ^
    /Users/vladimirsvh/Desktop/MyDashboardApp best/DDDDS_Test/DDDDS_Test/Dashboard/Widgets/DiaryWidgetView.swift:3:1: error: expressions are not allowed at the top level
    titleLabel.text = "Diary"
    ^
    /Users/vladimirsvh/Desktop/MyDashboardApp best/DDDDS_Test/DDDDS_Test/Dashboard/Widgets/BodyWidgetView.swift:2:1: error: expressions are not allowed at the top level
    backgroundColor = UIColor(hex: "#E32D5F").withAlphaComponent(0.1)
    ^
    /Users/vladimirsvh/Desktop/MyDashboardApp best/DDDDS_Test/DDDDS_Test/Dashboard/Widgets/BodyWidgetView.swift:3:1: error: expressions are not allowed at the top level
    titleLabel.text = "Body"
    ^
    /Users/vladimirsvh/Desktop/MyDashboardApp best/DDDDS_Test/DDDDS_Test/Dashboard/Widgets/MoneyWidgetView.swift:8:1: error: 'required' initializer 'init(coder:)' must be provided by subclass of 'UIView'
        
    ^
    /Applications/Xcode.app/Contents/Developer/Platforms/iPhoneSimulator.platform/Developer/SDKs/iPhoneSimulator18.4.sdk/System/Library/Frameworks/UIKit.framework/Headers/UIView.h:150:1: note: 'required' initializer is declared in superclass here
    - (nullable instancetype)initWithCoder:(NSCoder *)coder NS_DESIGNATED_INITIALIZER;
    ^
    
    
    Compiling DDDDS_TestApp.swift:
    Failed frontend command:
    /Applications/Xcode.app/Contents/Developer/Toolchains/XcodeDefault.xctoolchain/usr/bin/swift-frontend -frontend -c /Users/vladimirsvh/Desktop/MyDashboardApp\ best/DDDDS_Test/DDDDS_Test/Dashboard/AppDelegate.swift /Users/vladimirsvh/Desktop/MyDashboardApp\ best/DDDDS_Test/DDDDS_Test/Dashboard/Support/Extensions.swift /Users/vladimirsvh/Desktop/MyDashboardApp\ best/DDDDS_Test/DDDDS_Test/Dashboard/Widgets/HabitsWidgetView.swift /Users/vladimirsvh/Desktop/MyDashboardApp\ best/DDDDS_Test/DDDDS_Test/Dashboard/Widgets/MoneyWidgetView.swift /Users/vladimirsvh/Desktop/MyDashboardApp\ best/DDDDS_Test/DDDDS_Test/Dashboard/Support/DesignSystem.swift /Users/vladimirsvh/Desktop/MyDashboardApp\ best/DDDDS_Test/DDDDS_Test/ContentView.swift /Users/vladimirsvh/Desktop/MyDashboardApp\ best/DDDDS_Test/DDDDS_Test/Dashboard/Widgets/TasksWidgetView.swift /Users/vladimirsvh/Desktop/MyDashboardApp\ best/DDDDS_Test/DDDDS_Test/Dashboard/Widgets/DiaryWidgetView.swift /Users/vladimirsvh/Desktop/MyDashboardApp\ best/DDDDS_Test/DDDDS_Test/Dashboard/DashboardViewController.swift /Users/vladimirsvh/Desktop/MyDashboardApp\ best/DDDDS_Test/DDDDS_Test/Dashboard/Widgets/BodyWidgetView.swift -primary-file /Users/vladimirsvh/Desktop/MyDashboardApp\ best/DDDDS_Test/DDDDS_Test/DDDDS_TestApp.swift /Users/vladimirsvh/Library/Developer/Xcode/DerivedData/DDDDS_Test-baycaolwgxvqjmavfjwyeeqaloxx/Build/Intermediates.noindex/DDDDS_Test.build/Debug-iphonesimulator/DDDDS_Test.build/DerivedSources/GeneratedAssetSymbols.swift -emit-dependencies-path /Users/vladimirsvh/Library/Developer/Xcode/DerivedData/DDDDS_Test-baycaolwgxvqjmavfjwyeeqaloxx/Build/Intermediates.noindex/DDDDS_Test.build/Debug-iphonesimulator/DDDDS_Test.build/Objects-normal/arm64/DDDDS_TestApp.d -emit-const-values-path /Users/vladimirsvh/Library/Developer/Xcode/DerivedData/DDDDS_Test-baycaolwgxvqjmavfjwyeeqaloxx/Build/Intermediates.noindex/DDDDS_Test.build/Debug-iphonesimulator/DDDDS_Test.build/Objects-normal/arm64/DDDDS_TestApp.swiftconstvalues -emit-reference-dependencies-path /Users/vladimirsvh/Library/Developer/Xcode/DerivedData/DDDDS_Test-baycaolwgxvqjmavfjwyeeqaloxx/Build/Intermediates.noindex/DDDDS_Test.build/Debug-iphonesimulator/DDDDS_Test.build/Objects-normal/arm64/DDDDS_TestApp.swiftdeps -serialize-diagnostics-path /Users/vladimirsvh/Library/Developer/Xcode/DerivedData/DDDDS_Test-baycaolwgxvqjmavfjwyeeqaloxx/Build/Intermediates.noindex/DDDDS_Test.build/Debug-iphonesimulator/DDDDS_Test.build/Objects-normal/arm64/DDDDS_TestApp.dia -emit-localized-strings -emit-localized-strings-path /Users/vladimirsvh/Library/Developer/Xcode/DerivedData/DDDDS_Test-baycaolwgxvqjmavfjwyeeqaloxx/Build/Intermediates.noindex/DDDDS_Test.build/Debug-iphonesimulator/DDDDS_Test.build/Objects-normal/arm64 -target arm64-apple-ios18.4-simulator -Xllvm -aarch64-use-tbi -enable-objc-interop -sdk /Applications/Xcode.app/Contents/Developer/Platforms/iPhoneSimulator.platform/Developer/SDKs/iPhoneSimulator18.4.sdk -I /Users/vladimirsvh/Library/Developer/Xcode/DerivedData/DDDDS_Test-baycaolwgxvqjmavfjwyeeqaloxx/Build/Products/Debug-iphonesimulator -F /Users/vladimirsvh/Library/Developer/Xcode/DerivedData/DDDDS_Test-baycaolwgxvqjmavfjwyeeqaloxx/Build/Products/Debug-iphonesimulator -no-color-diagnostics -enable-testing -g -debug-info-format\=dwarf -dwarf-version\=5 -module-cache-path /Users/vladimirsvh/Library/Developer/Xcode/DerivedData/ModuleCache.noindex -swift-version 5 -enforce-exclusivity\=checked -Onone -D DEBUG -serialize-debugging-options -const-gather-protocols-file /Users/vladimirsvh/Library/Developer/Xcode/DerivedData/DDDDS_Test-baycaolwgxvqjmavfjwyeeqaloxx/Build/Intermediates.noindex/DDDDS_Test.build/Debug-iphonesimulator/DDDDS_Test.build/Objects-normal/arm64/DDDDS_Test_const_extract_protocols.json -enable-experimental-feature DebugDescriptionMacro -enable-bare-slash-regex -empty-abi-descriptor -validate-clang-modules-once -clang-build-session-file /Users/vladimirsvh/Library/Developer/Xcode/DerivedData/ModuleCache.noindex/Session.modulevalidation -Xcc -working-directory -Xcc /Users/vladimirsvh/Desktop/MyDashboardApp\ best/DDDDS_Test -resource-dir /Applications/Xcode.app/Contents/Developer/Toolchains/XcodeDefault.xctoolchain/usr/lib/swift -enable-anonymous-context-mangled-names -file-compilation-dir /Users/vladimirsvh/Desktop/MyDashboardApp\ best/DDDDS_Test -Xcc -ivfsstatcache -Xcc /Users/vladimirsvh/Library/Developer/Xcode/DerivedData/SDKStatCaches.noindex/iphonesimulator18.4-22E235-71825a6d136aa4733edcbe86ece5525b.sdkstatcache -Xcc -I/Users/vladimirsvh/Library/Developer/Xcode/DerivedData/DDDDS_Test-baycaolwgxvqjmavfjwyeeqaloxx/Build/Intermediates.noindex/DDDDS_Test.build/Debug-iphonesimulator/DDDDS_Test.build/swift-overrides.hmap -Xcc -iquote -Xcc /Users/vladimirsvh/Library/Developer/Xcode/DerivedData/DDDDS_Test-baycaolwgxvqjmavfjwyeeqaloxx/Build/Intermediates.noindex/DDDDS_Test.build/Debug-iphonesimulator/DDDDS_Test.build/DDDDS_Test-generated-files.hmap -Xcc -I/Users/vladimirsvh/Library/Developer/Xcode/DerivedData/DDDDS_Test-baycaolwgxvqjmavfjwyeeqaloxx/Build/Intermediates.noindex/DDDDS_Test.build/Debug-iphonesimulator/DDDDS_Test.build/DDDDS_Test-own-target-headers.hmap -Xcc -I/Users/vladimirsvh/Library/Developer/Xcode/DerivedData/DDDDS_Test-baycaolwgxvqjmavfjwyeeqaloxx/Build/Intermediates.noindex/DDDDS_Test.build/Debug-iphonesimulator/DDDDS_Test.build/DDDDS_Test-all-target-headers.hmap -Xcc -iquote -Xcc /Users/vladimirsvh/Library/Developer/Xcode/DerivedData/DDDDS_Test-baycaolwgxvqjmavfjwyeeqaloxx/Build/Intermediates.noindex/DDDDS_Test.build/Debug-iphonesimulator/DDDDS_Test.build/DDDDS_Test-project-headers.hmap -Xcc -I/Users/vladimirsvh/Library/Developer/Xcode/DerivedData/DDDDS_Test-baycaolwgxvqjmavfjwyeeqaloxx/Build/Products/Debug-iphonesimulator/include -Xcc -I/Users/vladimirsvh/Library/Developer/Xcode/DerivedData/DDDDS_Test-baycaolwgxvqjmavfjwyeeqaloxx/Build/Intermediates.noindex/DDDDS_Test.build/Debug-iphonesimulator/DDDDS_Test.build/DerivedSources-normal/arm64 -Xcc -I/Users/vladimirsvh/Library/Developer/Xcode/DerivedData/DDDDS_Test-baycaolwgxvqjmavfjwyeeqaloxx/Build/Intermediates.noindex/DDDDS_Test.build/Debug-iphonesimulator/DDDDS_Test.build/DerivedSources/arm64 -Xcc -I/Users/vladimirsvh/Library/Developer/Xcode/DerivedData/DDDDS_Test-baycaolwgxvqjmavfjwyeeqaloxx/Build/Intermediates.noindex/DDDDS_Test.build/Debug-iphonesimulator/DDDDS_Test.build/DerivedSources -Xcc -DDEBUG\=1 -module-name DDDDS_Test -frontend-parseable-output -disable-clang-spi -target-sdk-version 18.4 -target-sdk-name iphonesimulator18.4 -external-plugin-path /Applications/Xcode.app/Contents/Developer/Platforms/iPhoneOS.platform/Developer/usr/lib/swift/host/plugins\#/Applications/Xcode.app/Contents/Developer/Platforms/iPhoneOS.platform/Developer/usr/bin/swift-plugin-server -external-plugin-path /Applications/Xcode.app/Contents/Developer/Platforms/iPhoneOS.platform/Developer/usr/local/lib/swift/host/plugins\#/Applications/Xcode.app/Contents/Developer/Platforms/iPhoneOS.platform/Developer/usr/bin/swift-plugin-server -in-process-plugin-server-path /Applications/Xcode.app/Contents/Developer/Toolchains/XcodeDefault.xctoolchain/usr/lib/swift/host/libSwiftInProcPluginServer.dylib -plugin-path /Applications/Xcode.app/Contents/Developer/Toolchains/XcodeDefault.xctoolchain/usr/lib/swift/host/plugins -plugin-path /Applications/Xcode.app/Contents/Developer/Toolchains/XcodeDefault.xctoolchain/usr/local/lib/swift/host/plugins -o /Users/vladimirsvh/Library/Developer/Xcode/DerivedData/DDDDS_Test-baycaolwgxvqjmavfjwyeeqaloxx/Build/Intermediates.noindex/DDDDS_Test.build/Debug-iphonesimulator/DDDDS_Test.build/Objects-normal/arm64/DDDDS_TestApp.o -index-unit-output-path /DDDDS_Test.build/Debug-iphonesimulator/DDDDS_Test.build/Objects-normal/arm64/DDDDS_TestApp.o -index-store-path /Users/vladimirsvh/Library/Developer/Xcode/DerivedData/DDDDS_Test-baycaolwgxvqjmavfjwyeeqaloxx/Index.noindex/DataStore -index-system-modules
    
    
    Compile DDDDS_TestApp.swift (arm64):
    /Users/vladimirsvh/Desktop/MyDashboardApp best/DDDDS_Test/DDDDS_Test/Dashboard/Widgets/TasksWidgetView.swift:2:1: error: expressions are not allowed at the top level
    backgroundColor = UIColor(hex: "#F65D2C").withAlphaComponent(0.1)
    ^
    /Users/vladimirsvh/Desktop/MyDashboardApp best/DDDDS_Test/DDDDS_Test/Dashboard/Widgets/TasksWidgetView.swift:3:1: error: expressions are not allowed at the top level
    titleLabel.text = "Tasks"
    ^
    /Users/vladimirsvh/Desktop/MyDashboardApp best/DDDDS_Test/DDDDS_Test/Dashboard/Widgets/DiaryWidgetView.swift:2:1: error: expressions are not allowed at the top level
    backgroundColor = UIColor(hex: "#F42012").withAlphaComponent(0.1)
    ^
    /Users/vladimirsvh/Desktop/MyDashboardApp best/DDDDS_Test/DDDDS_Test/Dashboard/Widgets/DiaryWidgetView.swift:3:1: error: expressions are not allowed at the top level
    titleLabel.text = "Diary"
    ^
    /Users/vladimirsvh/Desktop/MyDashboardApp best/DDDDS_Test/DDDDS_Test/Dashboard/Widgets/BodyWidgetView.swift:2:1: error: expressions are not allowed at the top level
    backgroundColor = UIColor(hex: "#E32D5F").withAlphaComponent(0.1)
    ^
    /Users/vladimirsvh/Desktop/MyDashboardApp best/DDDDS_Test/DDDDS_Test/Dashboard/Widgets/BodyWidgetView.swift:3:1: error: expressions are not allowed at the top level
    titleLabel.text = "Body"
    ^
    
    
    Emitting module for DDDDS_Test:
    Failed frontend command:
    /Applications/Xcode.app/Contents/Developer/Toolchains/XcodeDefault.xctoolchain/usr/bin/swift-frontend -frontend -emit-module -experimental-skip-non-inlinable-function-bodies-without-types /Users/vladimirsvh/Desktop/MyDashboardApp\ best/DDDDS_Test/DDDDS_Test/Dashboard/AppDelegate.swift /Users/vladimirsvh/Desktop/MyDashboardApp\ best/DDDDS_Test/DDDDS_Test/Dashboard/Support/Extensions.swift /Users/vladimirsvh/Desktop/MyDashboardApp\ best/DDDDS_Test/DDDDS_Test/Dashboard/Widgets/HabitsWidgetView.swift /Users/vladimirsvh/Desktop/MyDashboardApp\ best/DDDDS_Test/DDDDS_Test/Dashboard/Widgets/MoneyWidgetView.swift /Users/vladimirsvh/Desktop/MyDashboardApp\ best/DDDDS_Test/DDDDS_Test/Dashboard/Support/DesignSystem.swift /Users/vladimirsvh/Desktop/MyDashboardApp\ best/DDDDS_Test/DDDDS_Test/ContentView.swift /Users/vladimirsvh/Desktop/MyDashboardApp\ best/DDDDS_Test/DDDDS_Test/Dashboard/Widgets/TasksWidgetView.swift /Users/vladimirsvh/Desktop/MyDashboardApp\ best/DDDDS_Test/DDDDS_Test/Dashboard/Widgets/DiaryWidgetView.swift /Users/vladimirsvh/Desktop/MyDashboardApp\ best/DDDDS_Test/DDDDS_Test/Dashboard/DashboardViewController.swift /Users/vladimirsvh/Desktop/MyDashboardApp\ best/DDDDS_Test/DDDDS_Test/Dashboard/Widgets/BodyWidgetView.swift /Users/vladimirsvh/Desktop/MyDashboardApp\ best/DDDDS_Test/DDDDS_Test/DDDDS_TestApp.swift /Users/vladimirsvh/Library/Developer/Xcode/DerivedData/DDDDS_Test-baycaolwgxvqjmavfjwyeeqaloxx/Build/Intermediates.noindex/DDDDS_Test.build/Debug-iphonesimulator/DDDDS_Test.build/DerivedSources/GeneratedAssetSymbols.swift -target arm64-apple-ios18.4-simulator -Xllvm -aarch64-use-tbi -enable-objc-interop -sdk /Applications/Xcode.app/Contents/Developer/Platforms/iPhoneSimulator.platform/Developer/SDKs/iPhoneSimulator18.4.sdk -I /Users/vladimirsvh/Library/Developer/Xcode/DerivedData/DDDDS_Test-baycaolwgxvqjmavfjwyeeqaloxx/Build/Products/Debug-iphonesimulator -F /Users/vladimirsvh/Library/Developer/Xcode/DerivedData/DDDDS_Test-baycaolwgxvqjmavfjwyeeqaloxx/Build/Products/Debug-iphonesimulator -no-color-diagnostics -enable-testing -g -debug-info-format\=dwarf -dwarf-version\=5 -module-cache-path /Users/vladimirsvh/Library/Developer/Xcode/DerivedData/ModuleCache.noindex -swift-version 5 -enforce-exclusivity\=checked -Onone -D DEBUG -serialize-debugging-options -const-gather-protocols-file /Users/vladimirsvh/Library/Developer/Xcode/DerivedData/DDDDS_Test-baycaolwgxvqjmavfjwyeeqaloxx/Build/Intermediates.noindex/DDDDS_Test.build/Debug-iphonesimulator/DDDDS_Test.build/Objects-normal/arm64/DDDDS_Test_const_extract_protocols.json -enable-experimental-feature DebugDescriptionMacro -enable-bare-slash-regex -empty-abi-descriptor -validate-clang-modules-once -clang-build-session-file /Users/vladimirsvh/Library/Developer/Xcode/DerivedData/ModuleCache.noindex/Session.modulevalidation -Xcc -working-directory -Xcc /Users/vladimirsvh/Desktop/MyDashboardApp\ best/DDDDS_Test -resource-dir /Applications/Xcode.app/Contents/Developer/Toolchains/XcodeDefault.xctoolchain/usr/lib/swift -enable-anonymous-context-mangled-names -file-compilation-dir /Users/vladimirsvh/Desktop/MyDashboardApp\ best/DDDDS_Test -Xcc -ivfsstatcache -Xcc /Users/vladimirsvh/Library/Developer/Xcode/DerivedData/SDKStatCaches.noindex/iphonesimulator18.4-22E235-71825a6d136aa4733edcbe86ece5525b.sdkstatcache -Xcc -I/Users/vladimirsvh/Library/Developer/Xcode/DerivedData/DDDDS_Test-baycaolwgxvqjmavfjwyeeqaloxx/Build/Intermediates.noindex/DDDDS_Test.build/Debug-iphonesimulator/DDDDS_Test.build/swift-overrides.hmap -Xcc -iquote -Xcc /Users/vladimirsvh/Library/Developer/Xcode/DerivedData/DDDDS_Test-baycaolwgxvqjmavfjwyeeqaloxx/Build/Intermediates.noindex/DDDDS_Test.build/Debug-iphonesimulator/DDDDS_Test.build/DDDDS_Test-generated-files.hmap -Xcc -I/Users/vladimirsvh/Library/Developer/Xcode/DerivedData/DDDDS_Test-baycaolwgxvqjmavfjwyeeqaloxx/Build/Intermediates.noindex/DDDDS_Test.build/Debug-iphonesimulator/DDDDS_Test.build/DDDDS_Test-own-target-headers.hmap -Xcc -I/Users/vladimirsvh/Library/Developer/Xcode/DerivedData/DDDDS_Test-baycaolwgxvqjmavfjwyeeqaloxx/Build/Intermediates.noindex/DDDDS_Test.build/Debug-iphonesimulator/DDDDS_Test.build/DDDDS_Test-all-target-headers.hmap -Xcc -iquote -Xcc /Users/vladimirsvh/Library/Developer/Xcode/DerivedData/DDDDS_Test-baycaolwgxvqjmavfjwyeeqaloxx/Build/Intermediates.noindex/DDDDS_Test.build/Debug-iphonesimulator/DDDDS_Test.build/DDDDS_Test-project-headers.hmap -Xcc -I/Users/vladimirsvh/Library/Developer/Xcode/DerivedData/DDDDS_Test-baycaolwgxvqjmavfjwyeeqaloxx/Build/Products/Debug-iphonesimulator/include -Xcc -I/Users/vladimirsvh/Library/Developer/Xcode/DerivedData/DDDDS_Test-baycaolwgxvqjmavfjwyeeqaloxx/Build/Intermediates.noindex/DDDDS_Test.build/Debug-iphonesimulator/DDDDS_Test.build/DerivedSources-normal/arm64 -Xcc -I/Users/vladimirsvh/Library/Developer/Xcode/DerivedData/DDDDS_Test-baycaolwgxvqjmavfjwyeeqaloxx/Build/Intermediates.noindex/DDDDS_Test.build/Debug-iphonesimulator/DDDDS_Test.build/DerivedSources/arm64 -Xcc -I/Users/vladimirsvh/Library/Developer/Xcode/DerivedData/DDDDS_Test-baycaolwgxvqjmavfjwyeeqaloxx/Build/Intermediates.noindex/DDDDS_Test.build/Debug-iphonesimulator/DDDDS_Test.build/DerivedSources -Xcc -DDEBUG\=1 -module-name DDDDS_Test -frontend-parseable-output -disable-clang-spi -target-sdk-version 18.4 -target-sdk-name iphonesimulator18.4 -external-plugin-path /Applications/Xcode.app/Contents/Developer/Platforms/iPhoneOS.platform/Developer/usr/lib/swift/host/plugins\#/Applications/Xcode.app/Contents/Developer/Platforms/iPhoneOS.platform/Developer/usr/bin/swift-plugin-server -external-plugin-path /Applications/Xcode.app/Contents/Developer/Platforms/iPhoneOS.platform/Developer/usr/local/lib/swift/host/plugins\#/Applications/Xcode.app/Contents/Developer/Platforms/iPhoneOS.platform/Developer/usr/bin/swift-plugin-server -in-process-plugin-server-path /Applications/Xcode.app/Contents/Developer/Toolchains/XcodeDefault.xctoolchain/usr/lib/swift/host/libSwiftInProcPluginServer.dylib -plugin-path /Applications/Xcode.app/Contents/Developer/Toolchains/XcodeDefault.xctoolchain/usr/lib/swift/host/plugins -plugin-path /Applications/Xcode.app/Contents/Developer/Toolchains/XcodeDefault.xctoolchain/usr/local/lib/swift/host/plugins -emit-module-doc-path /Users/vladimirsvh/Library/Developer/Xcode/DerivedData/DDDDS_Test-baycaolwgxvqjmavfjwyeeqaloxx/Build/Intermediates.noindex/DDDDS_Test.build/Debug-iphonesimulator/DDDDS_Test.build/Objects-normal/arm64/DDDDS_Test.swiftdoc -emit-module-source-info-path /Users/vladimirsvh/Library/Developer/Xcode/DerivedData/DDDDS_Test-baycaolwgxvqjmavfjwyeeqaloxx/Build/Intermediates.noindex/DDDDS_Test.build/Debug-iphonesimulator/DDDDS_Test.build/Objects-normal/arm64/DDDDS_Test.swiftsourceinfo -emit-objc-header-path /Users/vladimirsvh/Library/Developer/Xcode/DerivedData/DDDDS_Test-baycaolwgxvqjmavfjwyeeqaloxx/Build/Intermediates.noindex/DDDDS_Test.build/Debug-iphonesimulator/DDDDS_Test.build/Objects-normal/arm64/DDDDS_Test-Swift.h -serialize-diagnostics-path /Users/vladimirsvh/Library/Developer/Xcode/DerivedData/DDDDS_Test-baycaolwgxvqjmavfjwyeeqaloxx/Build/Intermediates.noindex/DDDDS_Test.build/Debug-iphonesimulator/DDDDS_Test.build/Objects-normal/arm64/DDDDS_Test-master-emit-module.dia -emit-dependencies-path /Users/vladimirsvh/Library/Developer/Xcode/DerivedData/DDDDS_Test-baycaolwgxvqjmavfjwyeeqaloxx/Build/Intermediates.noindex/DDDDS_Test.build/Debug-iphonesimulator/DDDDS_Test.build/Objects-normal/arm64/DDDDS_Test-master-emit-module.d -o /Users/vladimirsvh/Library/Developer/Xcode/DerivedData/DDDDS_Test-baycaolwgxvqjmavfjwyeeqaloxx/Build/Intermediates.noindex/DDDDS_Test.build/Debug-iphonesimulator/DDDDS_Test.build/Objects-normal/arm64/DDDDS_Test.swiftmodule -emit-abi-descriptor-path /Users/vladimirsvh/Library/Developer/Xcode/DerivedData/DDDDS_Test-baycaolwgxvqjmavfjwyeeqaloxx/Build/Intermediates.noindex/DDDDS_Test.build/Debug-iphonesimulator/DDDDS_Test.build/Objects-normal/arm64/DDDDS_Test.abi.json
    
    
    Emit Swift module (arm64):
    /Users/vladimirsvh/Desktop/MyDashboardApp best/DDDDS_Test/DDDDS_Test/Dashboard/Widgets/TasksWidgetView.swift:2:1: error: expressions are not allowed at the top level
    backgroundColor = UIColor(hex: "#F65D2C").withAlphaComponent(0.1)
    ^
    /Users/vladimirsvh/Desktop/MyDashboardApp best/DDDDS_Test/DDDDS_Test/Dashboard/Widgets/TasksWidgetView.swift:3:1: error: expressions are not allowed at the top level
    titleLabel.text = "Tasks"
    ^
    /Users/vladimirsvh/Desktop/MyDashboardApp best/DDDDS_Test/DDDDS_Test/Dashboard/Widgets/DiaryWidgetView.swift:2:1: error: expressions are not allowed at the top level
    backgroundColor = UIColor(hex: "#F42012").withAlphaComponent(0.1)
    ^
    /Users/vladimirsvh/Desktop/MyDashboardApp best/DDDDS_Test/DDDDS_Test/Dashboard/Widgets/DiaryWidgetView.swift:3:1: error: expressions are not allowed at the top level
    titleLabel.text = "Diary"
    ^
    /Users/vladimirsvh/Desktop/MyDashboardApp best/DDDDS_Test/DDDDS_Test/Dashboard/Widgets/BodyWidgetView.swift:2:1: error: expressions are not allowed at the top level
    backgroundColor = UIColor(hex: "#E32D5F").withAlphaComponent(0.1)
    ^
    /Users/vladimirsvh/Desktop/MyDashboardApp best/DDDDS_Test/DDDDS_Test/Dashboard/Widgets/BodyWidgetView.swift:3:1: error: expressions are not allowed at the top level
    titleLabel.text = "Body"
    ^
    /Users/vladimirsvh/Desktop/MyDashboardApp best/DDDDS_Test/DDDDS_Test/Dashboard/AppDelegate.swift:2:33: error: cannot find type 'UIApplication' in scope
    func application(_ application: UIApplication, didFinishLaunchingWithOptions launchOptions: [UIApplication.LaunchOptionsKey: Any]?) -> Bool {
                                    ^~~~~~~~~~~~~
    /Users/vladimirsvh/Desktop/MyDashboardApp best/DDDDS_Test/DDDDS_Test/Dashboard/AppDelegate.swift:2:94: error: cannot find type 'UIApplication' in scope
    func application(_ application: UIApplication, didFinishLaunchingWithOptions launchOptions: [UIApplication.LaunchOptionsKey: Any]?) -> Bool {
                                                                                                 ^~~~~~~~~~~~~
    /Users/vladimirsvh/Desktop/MyDashboardApp best/DDDDS_Test/DDDDS_Test/Dashboard/Widgets/HabitsWidgetView.swift:16:1: error: 'required' initializer 'init(coder:)' must be provided by subclass of 'UIView'
    }
    ^
    /Applications/Xcode.app/Contents/Developer/Platforms/iPhoneSimulator.platform/Developer/SDKs/iPhoneSimulator18.4.sdk/System/Library/Frameworks/UIKit.framework/Headers/UIView.h:150:1: note: 'required' initializer is declared in superclass here
    - (nullable instancetype)initWithCoder:(NSCoder *)coder NS_DESIGNATED_INITIALIZER;
    ^
    /Users/vladimirsvh/Desktop/MyDashboardApp best/DDDDS_Test/DDDDS_Test/Dashboard/Widgets/MoneyWidgetView.swift:8:1: error: 'required' initializer 'init(coder:)' must be provided by subclass of 'UIView'
        
    ^
    /Applications/Xcode.app/Contents/Developer/Platforms/iPhoneSimulator.platform/Developer/SDKs/iPhoneSimulator18.4.sdk/System/Library/Frameworks/UIKit.framework/Headers/UIView.h:150:1: note: 'required' initializer is declared in superclass here
    - (nullable instancetype)initWithCoder:(NSCoder *)coder NS_DESIGNATED_INITIALIZER;
    ^
    /Users/vladimirsvh/Desktop/MyDashboardApp best/DDDDS_Test/DDDDS_Test/Dashboard/Widgets/TasksWidgetView.swift:2:1: error: cannot find 'backgroundColor' in scope
    backgroundColor = UIColor(hex: "#F65D2C").withAlphaComponent(0.1)
    ^~~~~~~~~~~~~~~
    /Users/vladimirsvh/Desktop/MyDashboardApp best/DDDDS_Test/DDDDS_Test/Dashboard/Widgets/TasksWidgetView.swift:2:19: error: cannot find 'UIColor' in scope
    backgroundColor = UIColor(hex: "#F65D2C").withAlphaComponent(0.1)
                      ^~~~~~~
    /Users/vladimirsvh/Desktop/MyDashboardApp best/DDDDS_Test/DDDDS_Test/Dashboard/Widgets/TasksWidgetView.swift:3:1: error: cannot find 'titleLabel' in scope
    titleLabel.text = "Tasks"
    ^~~~~~~~~~
    /Users/vladimirsvh/Desktop/MyDashboardApp best/DDDDS_Test/DDDDS_Test/Dashboard/Widgets/DiaryWidgetView.swift:2:1: error: cannot find 'backgroundColor' in scope
    backgroundColor = UIColor(hex: "#F42012").withAlphaComponent(0.1)
    ^~~~~~~~~~~~~~~
    /Users/vladimirsvh/Desktop/MyDashboardApp best/DDDDS_Test/DDDDS_Test/Dashboard/Widgets/DiaryWidgetView.swift:2:19: error: cannot find 'UIColor' in scope
    backgroundColor = UIColor(hex: "#F42012").withAlphaComponent(0.1)
                      ^~~~~~~
    /Users/vladimirsvh/Desktop/MyDashboardApp best/DDDDS_Test/DDDDS_Test/Dashboard/Widgets/DiaryWidgetView.swift:3:1: error: cannot find 'titleLabel' in scope
    titleLabel.text = "Diary"
    ^~~~~~~~~~
    /Users/vladimirsvh/Desktop/MyDashboardApp best/DDDDS_Test/DDDDS_Test/Dashboard/Widgets/BodyWidgetView.swift:2:1: error: cannot find 'backgroundColor' in scope
    backgroundColor = UIColor(hex: "#E32D5F").withAlphaComponent(0.1)
    ^~~~~~~~~~~~~~~
    /Users/vladimirsvh/Desktop/MyDashboardApp best/DDDDS_Test/DDDDS_Test/Dashboard/Widgets/BodyWidgetView.swift:2:19: error: cannot find 'UIColor' in scope
    backgroundColor = UIColor(hex: "#E32D5F").withAlphaComponent(0.1)
                      ^~~~~~~
    /Users/vladimirsvh/Desktop/MyDashboardApp best/DDDDS_Test/DDDDS_Test/Dashboard/Widgets/BodyWidgetView.swift:3:1: error: cannot find 'titleLabel' in scope
    titleLabel.text = "Body"
    ^~~~~~~~~~
    
    
    Compiling GeneratedAssetSymbols.swift:
    Failed frontend command:
    /Applications/Xcode.app/Contents/Developer/Toolchains/XcodeDefault.xctoolchain/usr/bin/swift-frontend -frontend -c /Users/vladimirsvh/Desktop/MyDashboardApp\ best/DDDDS_Test/DDDDS_Test/Dashboard/AppDelegate.swift /Users/vladimirsvh/Desktop/MyDashboardApp\ best/DDDDS_Test/DDDDS_Test/Dashboard/Support/Extensions.swift /Users/vladimirsvh/Desktop/MyDashboardApp\ best/DDDDS_Test/DDDDS_Test/Dashboard/Widgets/HabitsWidgetView.swift /Users/vladimirsvh/Desktop/MyDashboardApp\ best/DDDDS_Test/DDDDS_Test/Dashboard/Widgets/MoneyWidgetView.swift /Users/vladimirsvh/Desktop/MyDashboardApp\ best/DDDDS_Test/DDDDS_Test/Dashboard/Support/DesignSystem.swift /Users/vladimirsvh/Desktop/MyDashboardApp\ best/DDDDS_Test/DDDDS_Test/ContentView.swift /Users/vladimirsvh/Desktop/MyDashboardApp\ best/DDDDS_Test/DDDDS_Test/Dashboard/Widgets/TasksWidgetView.swift /Users/vladimirsvh/Desktop/MyDashboardApp\ best/DDDDS_Test/DDDDS_Test/Dashboard/Widgets/DiaryWidgetView.swift /Users/vladimirsvh/Desktop/MyDashboardApp\ best/DDDDS_Test/DDDDS_Test/Dashboard/DashboardViewController.swift /Users/vladimirsvh/Desktop/MyDashboardApp\ best/DDDDS_Test/DDDDS_Test/Dashboard/Widgets/BodyWidgetView.swift /Users/vladimirsvh/Desktop/MyDashboardApp\ best/DDDDS_Test/DDDDS_Test/DDDDS_TestApp.swift -primary-file /Users/vladimirsvh/Library/Developer/Xcode/DerivedData/DDDDS_Test-baycaolwgxvqjmavfjwyeeqaloxx/Build/Intermediates.noindex/DDDDS_Test.build/Debug-iphonesimulator/DDDDS_Test.build/DerivedSources/GeneratedAssetSymbols.swift -emit-dependencies-path /Users/vladimirsvh/Library/Developer/Xcode/DerivedData/DDDDS_Test-baycaolwgxvqjmavfjwyeeqaloxx/Build/Intermediates.noindex/DDDDS_Test.build/Debug-iphonesimulator/DDDDS_Test.build/Objects-normal/arm64/GeneratedAssetSymbols.d -emit-const-values-path /Users/vladimirsvh/Library/Developer/Xcode/DerivedData/DDDDS_Test-baycaolwgxvqjmavfjwyeeqaloxx/Build/Intermediates.noindex/DDDDS_Test.build/Debug-iphonesimulator/DDDDS_Test.build/Objects-normal/arm64/GeneratedAssetSymbols.swiftconstvalues -emit-reference-dependencies-path /Users/vladimirsvh/Library/Developer/Xcode/DerivedData/DDDDS_Test-baycaolwgxvqjmavfjwyeeqaloxx/Build/Intermediates.noindex/DDDDS_Test.build/Debug-iphonesimulator/DDDDS_Test.build/Objects-normal/arm64/GeneratedAssetSymbols.swiftdeps -serialize-diagnostics-path /Users/vladimirsvh/Library/Developer/Xcode/DerivedData/DDDDS_Test-baycaolwgxvqjmavfjwyeeqaloxx/Build/Intermediates.noindex/DDDDS_Test.build/Debug-iphonesimulator/DDDDS_Test.build/Objects-normal/arm64/GeneratedAssetSymbols.dia -emit-localized-strings -emit-localized-strings-path /Users/vladimirsvh/Library/Developer/Xcode/DerivedData/DDDDS_Test-baycaolwgxvqjmavfjwyeeqaloxx/Build/Intermediates.noindex/DDDDS_Test.build/Debug-iphonesimulator/DDDDS_Test.build/Objects-normal/arm64 -target arm64-apple-ios18.4-simulator -Xllvm -aarch64-use-tbi -enable-objc-interop -sdk /Applications/Xcode.app/Contents/Developer/Platforms/iPhoneSimulator.platform/Developer/SDKs/iPhoneSimulator18.4.sdk -I /Users/vladimirsvh/Library/Developer/Xcode/DerivedData/DDDDS_Test-baycaolwgxvqjmavfjwyeeqaloxx/Build/Products/Debug-iphonesimulator -F /Users/vladimirsvh/Library/Developer/Xcode/DerivedData/DDDDS_Test-baycaolwgxvqjmavfjwyeeqaloxx/Build/Products/Debug-iphonesimulator -no-color-diagnostics -enable-testing -g -debug-info-format\=dwarf -dwarf-version\=5 -module-cache-path /Users/vladimirsvh/Library/Developer/Xcode/DerivedData/ModuleCache.noindex -swift-version 5 -enforce-exclusivity\=checked -Onone -D DEBUG -serialize-debugging-options -const-gather-protocols-file /Users/vladimirsvh/Library/Developer/Xcode/DerivedData/DDDDS_Test-baycaolwgxvqjmavfjwyeeqaloxx/Build/Intermediates.noindex/DDDDS_Test.build/Debug-iphonesimulator/DDDDS_Test.build/Objects-normal/arm64/DDDDS_Test_const_extract_protocols.json -enable-experimental-feature DebugDescriptionMacro -enable-bare-slash-regex -empty-abi-descriptor -validate-clang-modules-once -clang-build-session-file /Users/vladimirsvh/Library/Developer/Xcode/DerivedData/ModuleCache.noindex/Session.modulevalidation -Xcc -working-directory -Xcc /Users/vladimirsvh/Desktop/MyDashboardApp\ best/DDDDS_Test -resource-dir /Applications/Xcode.app/Contents/Developer/Toolchains/XcodeDefault.xctoolchain/usr/lib/swift -enable-anonymous-context-mangled-names -file-compilation-dir /Users/vladimirsvh/Desktop/MyDashboardApp\ best/DDDDS_Test -Xcc -ivfsstatcache -Xcc /Users/vladimirsvh/Library/Developer/Xcode/DerivedData/SDKStatCaches.noindex/iphonesimulator18.4-22E235-71825a6d136aa4733edcbe86ece5525b.sdkstatcache -Xcc -I/Users/vladimirsvh/Library/Developer/Xcode/DerivedData/DDDDS_Test-baycaolwgxvqjmavfjwyeeqaloxx/Build/Intermediates.noindex/DDDDS_Test.build/Debug-iphonesimulator/DDDDS_Test.build/swift-overrides.hmap -Xcc -iquote -Xcc /Users/vladimirsvh/Library/Developer/Xcode/DerivedData/DDDDS_Test-baycaolwgxvqjmavfjwyeeqaloxx/Build/Intermediates.noindex/DDDDS_Test.build/Debug-iphonesimulator/DDDDS_Test.build/DDDDS_Test-generated-files.hmap -Xcc -I/Users/vladimirsvh/Library/Developer/Xcode/DerivedData/DDDDS_Test-baycaolwgxvqjmavfjwyeeqaloxx/Build/Intermediates.noindex/DDDDS_Test.build/Debug-iphonesimulator/DDDDS_Test.build/DDDDS_Test-own-target-headers.hmap -Xcc -I/Users/vladimirsvh/Library/Developer/Xcode/DerivedData/DDDDS_Test-baycaolwgxvqjmavfjwyeeqaloxx/Build/Intermediates.noindex/DDDDS_Test.build/Debug-iphonesimulator/DDDDS_Test.build/DDDDS_Test-all-target-headers.hmap -Xcc -iquote -Xcc /Users/vladimirsvh/Library/Developer/Xcode/DerivedData/DDDDS_Test-baycaolwgxvqjmavfjwyeeqaloxx/Build/Intermediates.noindex/DDDDS_Test.build/Debug-iphonesimulator/DDDDS_Test.build/DDDDS_Test-project-headers.hmap -Xcc -I/Users/vladimirsvh/Library/Developer/Xcode/DerivedData/DDDDS_Test-baycaolwgxvqjmavfjwyeeqaloxx/Build/Products/Debug-iphonesimulator/include -Xcc -I/Users/vladimirsvh/Library/Developer/Xcode/DerivedData/DDDDS_Test-baycaolwgxvqjmavfjwyeeqaloxx/Build/Intermediates.noindex/DDDDS_Test.build/Debug-iphonesimulator/DDDDS_Test.build/DerivedSources-normal/arm64 -Xcc -I/Users/vladimirsvh/Library/Developer/Xcode/DerivedData/DDDDS_Test-baycaolwgxvqjmavfjwyeeqaloxx/Build/Intermediates.noindex/DDDDS_Test.build/Debug-iphonesimulator/DDDDS_Test.build/DerivedSources/arm64 -Xcc -I/Users/vladimirsvh/Library/Developer/Xcode/DerivedData/DDDDS_Test-baycaolwgxvqjmavfjwyeeqaloxx/Build/Intermediates.noindex/DDDDS_Test.build/Debug-iphonesimulator/DDDDS_Test.build/DerivedSources -Xcc -DDEBUG\=1 -module-name DDDDS_Test -frontend-parseable-output -disable-clang-spi -target-sdk-version 18.4 -target-sdk-name iphonesimulator18.4 -external-plugin-path /Applications/Xcode.app/Contents/Developer/Platforms/iPhoneOS.platform/Developer/usr/lib/swift/host/plugins\#/Applications/Xcode.app/Contents/Developer/Platforms/iPhoneOS.platform/Developer/usr/bin/swift-plugin-server -external-plugin-path /Applications/Xcode.app/Contents/Developer/Platforms/iPhoneOS.platform/Developer/usr/local/lib/swift/host/plugins\#/Applications/Xcode.app/Contents/Developer/Platforms/iPhoneOS.platform/Developer/usr/bin/swift-plugin-server -in-process-plugin-server-path /Applications/Xcode.app/Contents/Developer/Toolchains/XcodeDefault.xctoolchain/usr/lib/swift/host/libSwiftInProcPluginServer.dylib -plugin-path /Applications/Xcode.app/Contents/Developer/Toolchains/XcodeDefault.xctoolchain/usr/lib/swift/host/plugins -plugin-path /Applications/Xcode.app/Contents/Developer/Toolchains/XcodeDefault.xctoolchain/usr/local/lib/swift/host/plugins -o /Users/vladimirsvh/Library/Developer/Xcode/DerivedData/DDDDS_Test-baycaolwgxvqjmavfjwyeeqaloxx/Build/Intermediates.noindex/DDDDS_Test.build/Debug-iphonesimulator/DDDDS_Test.build/Objects-normal/arm64/GeneratedAssetSymbols.o -index-unit-output-path /DDDDS_Test.build/Debug-iphonesimulator/DDDDS_Test.build/Objects-normal/arm64/GeneratedAssetSymbols.o -index-store-path /Users/vladimirsvh/Library/Developer/Xcode/DerivedData/DDDDS_Test-baycaolwgxvqjmavfjwyeeqaloxx/Index.noindex/DataStore -index-system-modules
    
    
    Compile GeneratedAssetSymbols.swift (arm64):
    /Users/vladimirsvh/Desktop/MyDashboardApp best/DDDDS_Test/DDDDS_Test/Dashboard/Widgets/TasksWidgetView.swift:2:1: error: expressions are not allowed at the top level
    backgroundColor = UIColor(hex: "#F65D2C").withAlphaComponent(0.1)
    ^
    /Users/vladimirsvh/Desktop/MyDashboardApp best/DDDDS_Test/DDDDS_Test/Dashboard/Widgets/TasksWidgetView.swift:3:1: error: expressions are not allowed at the top level
    titleLabel.text = "Tasks"
    ^
    /Users/vladimirsvh/Desktop/MyDashboardApp best/DDDDS_Test/DDDDS_Test/Dashboard/Widgets/DiaryWidgetView.swift:2:1: error: expressions are not allowed at the top level
    backgroundColor = UIColor(hex: "#F42012").withAlphaComponent(0.1)
    ^
    /Users/vladimirsvh/Desktop/MyDashboardApp best/DDDDS_Test/DDDDS_Test/Dashboard/Widgets/DiaryWidgetView.swift:3:1: error: expressions are not allowed at the top level
    titleLabel.text = "Diary"
    ^
    /Users/vladimirsvh/Desktop/MyDashboardApp best/DDDDS_Test/DDDDS_Test/Dashboard/Widgets/BodyWidgetView.swift:2:1: error: expressions are not allowed at the top level
    backgroundColor = UIColor(hex: "#E32D5F").withAlphaComponent(0.1)
    ^
    /Users/vladimirsvh/Desktop/MyDashboardApp best/DDDDS_Test/DDDDS_Test/Dashboard/Widgets/BodyWidgetView.swift:3:1: error: expressions are not allowed at the top level
    titleLabel.text = "Body"
    ^
    
    
    Compiling AppDelegate.swift, Extensions.swift:
    Failed frontend command:
    /Applications/Xcode.app/Contents/Developer/Toolchains/XcodeDefault.xctoolchain/usr/bin/swift-frontend -frontend -c -primary-file /Users/vladimirsvh/Desktop/MyDashboardApp\ best/DDDDS_Test/DDDDS_Test/Dashboard/AppDelegate.swift -primary-file /Users/vladimirsvh/Desktop/MyDashboardApp\ best/DDDDS_Test/DDDDS_Test/Dashboard/Support/Extensions.swift /Users/vladimirsvh/Desktop/MyDashboardApp\ best/DDDDS_Test/DDDDS_Test/Dashboard/Widgets/HabitsWidgetView.swift /Users/vladimirsvh/Desktop/MyDashboardApp\ best/DDDDS_Test/DDDDS_Test/Dashboard/Widgets/MoneyWidgetView.swift /Users/vladimirsvh/Desktop/MyDashboardApp\ best/DDDDS_Test/DDDDS_Test/Dashboard/Support/DesignSystem.swift /Users/vladimirsvh/Desktop/MyDashboardApp\ best/DDDDS_Test/DDDDS_Test/ContentView.swift /Users/vladimirsvh/Desktop/MyDashboardApp\ best/DDDDS_Test/DDDDS_Test/Dashboard/Widgets/TasksWidgetView.swift /Users/vladimirsvh/Desktop/MyDashboardApp\ best/DDDDS_Test/DDDDS_Test/Dashboard/Widgets/DiaryWidgetView.swift /Users/vladimirsvh/Desktop/MyDashboardApp\ best/DDDDS_Test/DDDDS_Test/Dashboard/DashboardViewController.swift /Users/vladimirsvh/Desktop/MyDashboardApp\ best/DDDDS_Test/DDDDS_Test/Dashboard/Widgets/BodyWidgetView.swift /Users/vladimirsvh/Desktop/MyDashboardApp\ best/DDDDS_Test/DDDDS_Test/DDDDS_TestApp.swift /Users/vladimirsvh/Library/Developer/Xcode/DerivedData/DDDDS_Test-baycaolwgxvqjmavfjwyeeqaloxx/Build/Intermediates.noindex/DDDDS_Test.build/Debug-iphonesimulator/DDDDS_Test.build/DerivedSources/GeneratedAssetSymbols.swift -emit-dependencies-path /Users/vladimirsvh/Library/Developer/Xcode/DerivedData/DDDDS_Test-baycaolwgxvqjmavfjwyeeqaloxx/Build/Intermediates.noindex/DDDDS_Test.build/Debug-iphonesimulator/DDDDS_Test.build/Objects-normal/arm64/AppDelegate.d -emit-const-values-path /Users/vladimirsvh/Library/Developer/Xcode/DerivedData/DDDDS_Test-baycaolwgxvqjmavfjwyeeqaloxx/Build/Intermediates.noindex/DDDDS_Test.build/Debug-iphonesimulator/DDDDS_Test.build/Objects-normal/arm64/AppDelegate.swiftconstvalues -emit-reference-dependencies-path /Users/vladimirsvh/Library/Developer/Xcode/DerivedData/DDDDS_Test-baycaolwgxvqjmavfjwyeeqaloxx/Build/Intermediates.noindex/DDDDS_Test.build/Debug-iphonesimulator/DDDDS_Test.build/Objects-normal/arm64/AppDelegate.swiftdeps -serialize-diagnostics-path /Users/vladimirsvh/Library/Developer/Xcode/DerivedData/DDDDS_Test-baycaolwgxvqjmavfjwyeeqaloxx/Build/Intermediates.noindex/DDDDS_Test.build/Debug-iphonesimulator/DDDDS_Test.build/Objects-normal/arm64/AppDelegate.dia -emit-dependencies-path /Users/vladimirsvh/Library/Developer/Xcode/DerivedData/DDDDS_Test-baycaolwgxvqjmavfjwyeeqaloxx/Build/Intermediates.noindex/DDDDS_Test.build/Debug-iphonesimulator/DDDDS_Test.build/Objects-normal/arm64/Extensions.d -emit-const-values-path /Users/vladimirsvh/Library/Developer/Xcode/DerivedData/DDDDS_Test-baycaolwgxvqjmavfjwyeeqaloxx/Build/Intermediates.noindex/DDDDS_Test.build/Debug-iphonesimulator/DDDDS_Test.build/Objects-normal/arm64/Extensions.swiftconstvalues -emit-reference-dependencies-path /Users/vladimirsvh/Library/Developer/Xcode/DerivedData/DDDDS_Test-baycaolwgxvqjmavfjwyeeqaloxx/Build/Intermediates.noindex/DDDDS_Test.build/Debug-iphonesimulator/DDDDS_Test.build/Objects-normal/arm64/Extensions.swiftdeps -serialize-diagnostics-path /Users/vladimirsvh/Library/Developer/Xcode/DerivedData/DDDDS_Test-baycaolwgxvqjmavfjwyeeqaloxx/Build/Intermediates.noindex/DDDDS_Test.build/Debug-iphonesimulator/DDDDS_Test.build/Objects-normal/arm64/Extensions.dia -emit-localized-strings -emit-localized-strings-path /Users/vladimirsvh/Library/Developer/Xcode/DerivedData/DDDDS_Test-baycaolwgxvqjmavfjwyeeqaloxx/Build/Intermediates.noindex/DDDDS_Test.build/Debug-iphonesimulator/DDDDS_Test.build/Objects-normal/arm64 -target arm64-apple-ios18.4-simulator -Xllvm -aarch64-use-tbi -enable-objc-interop -sdk /Applications/Xcode.app/Contents/Developer/Platforms/iPhoneSimulator.platform/Developer/SDKs/iPhoneSimulator18.4.sdk -I /Users/vladimirsvh/Library/Developer/Xcode/DerivedData/DDDDS_Test-baycaolwgxvqjmavfjwyeeqaloxx/Build/Products/Debug-iphonesimulator -F /Users/vladimirsvh/Library/Developer/Xcode/DerivedData/DDDDS_Test-baycaolwgxvqjmavfjwyeeqaloxx/Build/Products/Debug-iphonesimulator -no-color-diagnostics -enable-testing -g -debug-info-format\=dwarf -dwarf-version\=5 -module-cache-path /Users/vladimirsvh/Library/Developer/Xcode/DerivedData/ModuleCache.noindex -swift-version 5 -enforce-exclusivity\=checked -Onone -D DEBUG -serialize-debugging-options -const-gather-protocols-file /Users/vladimirsvh/Library/Developer/Xcode/DerivedData/DDDDS_Test-baycaolwgxvqjmavfjwyeeqaloxx/Build/Intermediates.noindex/DDDDS_Test.build/Debug-iphonesimulator/DDDDS_Test.build/Objects-normal/arm64/DDDDS_Test_const_extract_protocols.json -enable-experimental-feature DebugDescriptionMacro -enable-bare-slash-regex -empty-abi-descriptor -validate-clang-modules-once -clang-build-session-file /Users/vladimirsvh/Library/Developer/Xcode/DerivedData/ModuleCache.noindex/Session.modulevalidation -Xcc -working-directory -Xcc /Users/vladimirsvh/Desktop/MyDashboardApp\ best/DDDDS_Test -resource-dir /Applications/Xcode.app/Contents/Developer/Toolchains/XcodeDefault.xctoolchain/usr/lib/swift -enable-anonymous-context-mangled-names -file-compilation-dir /Users/vladimirsvh/Desktop/MyDashboardApp\ best/DDDDS_Test -Xcc -ivfsstatcache -Xcc /Users/vladimirsvh/Library/Developer/Xcode/DerivedData/SDKStatCaches.noindex/iphonesimulator18.4-22E235-71825a6d136aa4733edcbe86ece5525b.sdkstatcache -Xcc -I/Users/vladimirsvh/Library/Developer/Xcode/DerivedData/DDDDS_Test-baycaolwgxvqjmavfjwyeeqaloxx/Build/Intermediates.noindex/DDDDS_Test.build/Debug-iphonesimulator/DDDDS_Test.build/swift-overrides.hmap -Xcc -iquote -Xcc /Users/vladimirsvh/Library/Developer/Xcode/DerivedData/DDDDS_Test-baycaolwgxvqjmavfjwyeeqaloxx/Build/Intermediates.noindex/DDDDS_Test.build/Debug-iphonesimulator/DDDDS_Test.build/DDDDS_Test-generated-files.hmap -Xcc -I/Users/vladimirsvh/Library/Developer/Xcode/DerivedData/DDDDS_Test-baycaolwgxvqjmavfjwyeeqaloxx/Build/Intermediates.noindex/DDDDS_Test.build/Debug-iphonesimulator/DDDDS_Test.build/DDDDS_Test-own-target-headers.hmap -Xcc -I/Users/vladimirsvh/Library/Developer/Xcode/DerivedData/DDDDS_Test-baycaolwgxvqjmavfjwyeeqaloxx/Build/Intermediates.noindex/DDDDS_Test.build/Debug-iphonesimulator/DDDDS_Test.build/DDDDS_Test-all-target-headers.hmap -Xcc -iquote -Xcc /Users/vladimirsvh/Library/Developer/Xcode/DerivedData/DDDDS_Test-baycaolwgxvqjmavfjwyeeqaloxx/Build/Intermediates.noindex/DDDDS_Test.build/Debug-iphonesimulator/DDDDS_Test.build/DDDDS_Test-project-headers.hmap -Xcc -I/Users/vladimirsvh/Library/Developer/Xcode/DerivedData/DDDDS_Test-baycaolwgxvqjmavfjwyeeqaloxx/Build/Products/Debug-iphonesimulator/include -Xcc -I/Users/vladimirsvh/Library/Developer/Xcode/DerivedData/DDDDS_Test-baycaolwgxvqjmavfjwyeeqaloxx/Build/Intermediates.noindex/DDDDS_Test.build/Debug-iphonesimulator/DDDDS_Test.build/DerivedSources-normal/arm64 -Xcc -I/Users/vladimirsvh/Library/Developer/Xcode/DerivedData/DDDDS_Test-baycaolwgxvqjmavfjwyeeqaloxx/Build/Intermediates.noindex/DDDDS_Test.build/Debug-iphonesimulator/DDDDS_Test.build/DerivedSources/arm64 -Xcc -I/Users/vladimirsvh/Library/Developer/Xcode/DerivedData/DDDDS_Test-baycaolwgxvqjmavfjwyeeqaloxx/Build/Intermediates.noindex/DDDDS_Test.build/Debug-iphonesimulator/DDDDS_Test.build/DerivedSources -Xcc -DDEBUG\=1 -module-name DDDDS_Test -frontend-parseable-output -disable-clang-spi -target-sdk-version 18.4 -target-sdk-name iphonesimulator18.4 -external-plugin-path /Applications/Xcode.app/Contents/Developer/Platforms/iPhoneOS.platform/Developer/usr/lib/swift/host/plugins\#/Applications/Xcode.app/Contents/Developer/Platforms/iPhoneOS.platform/Developer/usr/bin/swift-plugin-server -external-plugin-path /Applications/Xcode.app/Contents/Developer/Platforms/iPhoneOS.platform/Developer/usr/local/lib/swift/host/plugins\#/Applications/Xcode.app/Contents/Developer/Platforms/iPhoneOS.platform/Developer/usr/bin/swift-plugin-server -in-process-plugin-server-path /Applications/Xcode.app/Contents/Developer/Toolchains/XcodeDefault.xctoolchain/usr/lib/swift/host/libSwiftInProcPluginServer.dylib -plugin-path /Applications/Xcode.app/Contents/Developer/Toolchains/XcodeDefault.xctoolchain/usr/lib/swift/host/plugins -plugin-path /Applications/Xcode.app/Contents/Developer/Toolchains/XcodeDefault.xctoolchain/usr/local/lib/swift/host/plugins -o /Users/vladimirsvh/Library/Developer/Xcode/DerivedData/DDDDS_Test-baycaolwgxvqjmavfjwyeeqaloxx/Build/Intermediates.noindex/DDDDS_Test.build/Debug-iphonesimulator/DDDDS_Test.build/Objects-normal/arm64/AppDelegate.o -o /Users/vladimirsvh/Library/Developer/Xcode/DerivedData/DDDDS_Test-baycaolwgxvqjmavfjwyeeqaloxx/Build/Intermediates.noindex/DDDDS_Test.build/Debug-iphonesimulator/DDDDS_Test.build/Objects-normal/arm64/Extensions.o -index-unit-output-path /DDDDS_Test.build/Debug-iphonesimulator/DDDDS_Test.build/Objects-normal/arm64/AppDelegate.o -index-unit-output-path /DDDDS_Test.build/Debug-iphonesimulator/DDDDS_Test.build/Objects-normal/arm64/Extensions.o -index-store-path /Users/vladimirsvh/Library/Developer/Xcode/DerivedData/DDDDS_Test-baycaolwgxvqjmavfjwyeeqaloxx/Index.noindex/DataStore -index-system-modules
    
    
    Compile AppDelegate.swift (arm64):
    /Users/vladimirsvh/Desktop/MyDashboardApp best/DDDDS_Test/DDDDS_Test/Dashboard/Widgets/TasksWidgetView.swift:2:1: error: expressions are not allowed at the top level
    backgroundColor = UIColor(hex: "#F65D2C").withAlphaComponent(0.1)
    ^
    /Users/vladimirsvh/Desktop/MyDashboardApp best/DDDDS_Test/DDDDS_Test/Dashboard/Widgets/TasksWidgetView.swift:3:1: error: expressions are not allowed at the top level
    titleLabel.text = "Tasks"
    ^
    /Users/vladimirsvh/Desktop/MyDashboardApp best/DDDDS_Test/DDDDS_Test/Dashboard/Widgets/DiaryWidgetView.swift:2:1: error: expressions are not allowed at the top level
    backgroundColor = UIColor(hex: "#F42012").withAlphaComponent(0.1)
    ^
    /Users/vladimirsvh/Desktop/MyDashboardApp best/DDDDS_Test/DDDDS_Test/Dashboard/Widgets/DiaryWidgetView.swift:3:1: error: expressions are not allowed at the top level
    titleLabel.text = "Diary"
    ^
    /Users/vladimirsvh/Desktop/MyDashboardApp best/DDDDS_Test/DDDDS_Test/Dashboard/Widgets/BodyWidgetView.swift:2:1: error: expressions are not allowed at the top level
    backgroundColor = UIColor(hex: "#E32D5F").withAlphaComponent(0.1)
    ^
    /Users/vladimirsvh/Desktop/MyDashboardApp best/DDDDS_Test/DDDDS_Test/Dashboard/Widgets/BodyWidgetView.swift:3:1: error: expressions are not allowed at the top level
    titleLabel.text = "Body"
    ^
    /Users/vladimirsvh/Desktop/MyDashboardApp best/DDDDS_Test/DDDDS_Test/Dashboard/AppDelegate.swift:2:33: error: cannot find type 'UIApplication' in scope
    func application(_ application: UIApplication, didFinishLaunchingWithOptions launchOptions: [UIApplication.LaunchOptionsKey: Any]?) -> Bool {
                                    ^~~~~~~~~~~~~
    /Users/vladimirsvh/Desktop/MyDashboardApp best/DDDDS_Test/DDDDS_Test/Dashboard/AppDelegate.swift:2:94: error: cannot find type 'UIApplication' in scope
    func application(_ application: UIApplication, didFinishLaunchingWithOptions launchOptions: [UIApplication.LaunchOptionsKey: Any]?) -> Bool {
                                                                                                 ^~~~~~~~~~~~~
    /Users/vladimirsvh/Desktop/MyDashboardApp best/DDDDS_Test/DDDDS_Test/Dashboard/AppDelegate.swift:3:5: error: cannot find 'window' in scope
        window = UIWindow(frame: UIScreen.main.bounds)
        ^~~~~~
    /Users/vladimirsvh/Desktop/MyDashboardApp best/DDDDS_Test/DDDDS_Test/Dashboard/AppDelegate.swift:3:14: error: cannot find 'UIWindow' in scope
        window = UIWindow(frame: UIScreen.main.bounds)
                 ^~~~~~~~
    /Users/vladimirsvh/Desktop/MyDashboardApp best/DDDDS_Test/DDDDS_Test/Dashboard/AppDelegate.swift:3:30: error: cannot find 'UIScreen' in scope
        window = UIWindow(frame: UIScreen.main.bounds)
                                 ^~~~~~~~
    /Users/vladimirsvh/Desktop/MyDashboardApp best/DDDDS_Test/DDDDS_Test/Dashboard/AppDelegate.swift:4:5: error: cannot find 'window' in scope
        window?.rootViewController = DashboardViewController() // ← Вот это
    /Users/vladimirsvh/Desktop/MyDashboardApp best/DDDDS_Test/DDDDS_Test/Dashboard/AppDelegate.swift:5:5: error: cannot find 'window' in scope
        window?.makeKeyAndVisible()
        ^~~~~~
    
    
    Compile Extensions.swift (arm64):
    /Users/vladimirsvh/Desktop/MyDashboardApp best/DDDDS_Test/DDDDS_Test/Dashboard/Widgets/TasksWidgetView.swift:2:1: error: expressions are not allowed at the top level
    backgroundColor = UIColor(hex: "#F65D2C").withAlphaComponent(0.1)
    ^
    /Users/vladimirsvh/Desktop/MyDashboardApp best/DDDDS_Test/DDDDS_Test/Dashboard/Widgets/TasksWidgetView.swift:3:1: error: expressions are not allowed at the top level
    titleLabel.text = "Tasks"
    ^
    /Users/vladimirsvh/Desktop/MyDashboardApp best/DDDDS_Test/DDDDS_Test/Dashboard/Widgets/DiaryWidgetView.swift:2:1: error: expressions are not allowed at the top level
    backgroundColor = UIColor(hex: "#F42012").withAlphaComponent(0.1)
    ^
    /Users/vladimirsvh/Desktop/MyDashboardApp best/DDDDS_Test/DDDDS_Test/Dashboard/Widgets/DiaryWidgetView.swift:3:1: error: expressions are not allowed at the top level
    titleLabel.text = "Diary"
    ^
    /Users/vladimirsvh/Desktop/MyDashboardApp best/DDDDS_Test/DDDDS_Test/Dashboard/Widgets/BodyWidgetView.swift:2:1: error: expressions are not allowed at the top level
    backgroundColor = UIColor(hex: "#E32D5F").withAlphaComponent(0.1)
    ^
    /Users/vladimirsvh/Desktop/MyDashboardApp best/DDDDS_Test/DDDDS_Test/Dashboard/Widgets/BodyWidgetView.swift:3:1: error: expressions are not allowed at the top level
    titleLabel.text = "Body"
    ^
    
    
    Compiling TasksWidgetView.swift, DiaryWidgetView.swift:
    Failed frontend command:
    /Applications/Xcode.app/Contents/Developer/Toolchains/XcodeDefault.xctoolchain/usr/bin/swift-frontend -frontend -c /Users/vladimirsvh/Desktop/MyDashboardApp\ best/DDDDS_Test/DDDDS_Test/Dashboard/AppDelegate.swift /Users/vladimirsvh/Desktop/MyDashboardApp\ best/DDDDS_Test/DDDDS_Test/Dashboard/Support/Extensions.swift /Users/vladimirsvh/Desktop/MyDashboardApp\ best/DDDDS_Test/DDDDS_Test/Dashboard/Widgets/HabitsWidgetView.swift /Users/vladimirsvh/Desktop/MyDashboardApp\ best/DDDDS_Test/DDDDS_Test/Dashboard/Widgets/MoneyWidgetView.swift /Users/vladimirsvh/Desktop/MyDashboardApp\ best/DDDDS_Test/DDDDS_Test/Dashboard/Support/DesignSystem.swift /Users/vladimirsvh/Desktop/MyDashboardApp\ best/DDDDS_Test/DDDDS_Test/ContentView.swift -primary-file /Users/vladimirsvh/Desktop/MyDashboardApp\ best/DDDDS_Test/DDDDS_Test/Dashboard/Widgets/TasksWidgetView.swift -primary-file /Users/vladimirsvh/Desktop/MyDashboardApp\ best/DDDDS_Test/DDDDS_Test/Dashboard/Widgets/DiaryWidgetView.swift /Users/vladimirsvh/Desktop/MyDashboardApp\ best/DDDDS_Test/DDDDS_Test/Dashboard/DashboardViewController.swift /Users/vladimirsvh/Desktop/MyDashboardApp\ best/DDDDS_Test/DDDDS_Test/Dashboard/Widgets/BodyWidgetView.swift /Users/vladimirsvh/Desktop/MyDashboardApp\ best/DDDDS_Test/DDDDS_Test/DDDDS_TestApp.swift /Users/vladimirsvh/Library/Developer/Xcode/DerivedData/DDDDS_Test-baycaolwgxvqjmavfjwyeeqaloxx/Build/Intermediates.noindex/DDDDS_Test.build/Debug-iphonesimulator/DDDDS_Test.build/DerivedSources/GeneratedAssetSymbols.swift -emit-dependencies-path /Users/vladimirsvh/Library/Developer/Xcode/DerivedData/DDDDS_Test-baycaolwgxvqjmavfjwyeeqaloxx/Build/Intermediates.noindex/DDDDS_Test.build/Debug-iphonesimulator/DDDDS_Test.build/Objects-normal/arm64/TasksWidgetView.d -emit-const-values-path /Users/vladimirsvh/Library/Developer/Xcode/DerivedData/DDDDS_Test-baycaolwgxvqjmavfjwyeeqaloxx/Build/Intermediates.noindex/DDDDS_Test.build/Debug-iphonesimulator/DDDDS_Test.build/Objects-normal/arm64/TasksWidgetView.swiftconstvalues -emit-reference-dependencies-path /Users/vladimirsvh/Library/Developer/Xcode/DerivedData/DDDDS_Test-baycaolwgxvqjmavfjwyeeqaloxx/Build/Intermediates.noindex/DDDDS_Test.build/Debug-iphonesimulator/DDDDS_Test.build/Objects-normal/arm64/TasksWidgetView.swiftdeps -serialize-diagnostics-path /Users/vladimirsvh/Library/Developer/Xcode/DerivedData/DDDDS_Test-baycaolwgxvqjmavfjwyeeqaloxx/Build/Intermediates.noindex/DDDDS_Test.build/Debug-iphonesimulator/DDDDS_Test.build/Objects-normal/arm64/TasksWidgetView.dia -emit-dependencies-path /Users/vladimirsvh/Library/Developer/Xcode/DerivedData/DDDDS_Test-baycaolwgxvqjmavfjwyeeqaloxx/Build/Intermediates.noindex/DDDDS_Test.build/Debug-iphonesimulator/DDDDS_Test.build/Objects-normal/arm64/DiaryWidgetView.d -emit-const-values-path /Users/vladimirsvh/Library/Developer/Xcode/DerivedData/DDDDS_Test-baycaolwgxvqjmavfjwyeeqaloxx/Build/Intermediates.noindex/DDDDS_Test.build/Debug-iphonesimulator/DDDDS_Test.build/Objects-normal/arm64/DiaryWidgetView.swiftconstvalues -emit-reference-dependencies-path /Users/vladimirsvh/Library/Developer/Xcode/DerivedData/DDDDS_Test-baycaolwgxvqjmavfjwyeeqaloxx/Build/Intermediates.noindex/DDDDS_Test.build/Debug-iphonesimulator/DDDDS_Test.build/Objects-normal/arm64/DiaryWidgetView.swiftdeps -serialize-diagnostics-path /Users/vladimirsvh/Library/Developer/Xcode/DerivedData/DDDDS_Test-baycaolwgxvqjmavfjwyeeqaloxx/Build/Intermediates.noindex/DDDDS_Test.build/Debug-iphonesimulator/DDDDS_Test.build/Objects-normal/arm64/DiaryWidgetView.dia -emit-localized-strings -emit-localized-strings-path /Users/vladimirsvh/Library/Developer/Xcode/DerivedData/DDDDS_Test-baycaolwgxvqjmavfjwyeeqaloxx/Build/Intermediates.noindex/DDDDS_Test.build/Debug-iphonesimulator/DDDDS_Test.build/Objects-normal/arm64 -target arm64-apple-ios18.4-simulator -Xllvm -aarch64-use-tbi -enable-objc-interop -sdk /Applications/Xcode.app/Contents/Developer/Platforms/iPhoneSimulator.platform/Developer/SDKs/iPhoneSimulator18.4.sdk -I /Users/vladimirsvh/Library/Developer/Xcode/DerivedData/DDDDS_Test-baycaolwgxvqjmavfjwyeeqaloxx/Build/Products/Debug-iphonesimulator -F /Users/vladimirsvh/Library/Developer/Xcode/DerivedData/DDDDS_Test-baycaolwgxvqjmavfjwyeeqaloxx/Build/Products/Debug-iphonesimulator -no-color-diagnostics -enable-testing -g -debug-info-format\=dwarf -dwarf-version\=5 -module-cache-path /Users/vladimirsvh/Library/Developer/Xcode/DerivedData/ModuleCache.noindex -swift-version 5 -enforce-exclusivity\=checked -Onone -D DEBUG -serialize-debugging-options -const-gather-protocols-file /Users/vladimirsvh/Library/Developer/Xcode/DerivedData/DDDDS_Test-baycaolwgxvqjmavfjwyeeqaloxx/Build/Intermediates.noindex/DDDDS_Test.build/Debug-iphonesimulator/DDDDS_Test.build/Objects-normal/arm64/DDDDS_Test_const_extract_protocols.json -enable-experimental-feature DebugDescriptionMacro -enable-bare-slash-regex -empty-abi-descriptor -validate-clang-modules-once -clang-build-session-file /Users/vladimirsvh/Library/Developer/Xcode/DerivedData/ModuleCache.noindex/Session.modulevalidation -Xcc -working-directory -Xcc /Users/vladimirsvh/Desktop/MyDashboardApp\ best/DDDDS_Test -resource-dir /Applications/Xcode.app/Contents/Developer/Toolchains/XcodeDefault.xctoolchain/usr/lib/swift -enable-anonymous-context-mangled-names -file-compilation-dir /Users/vladimirsvh/Desktop/MyDashboardApp\ best/DDDDS_Test -Xcc -ivfsstatcache -Xcc /Users/vladimirsvh/Library/Developer/Xcode/DerivedData/SDKStatCaches.noindex/iphonesimulator18.4-22E235-71825a6d136aa4733edcbe86ece5525b.sdkstatcache -Xcc -I/Users/vladimirsvh/Library/Developer/Xcode/DerivedData/DDDDS_Test-baycaolwgxvqjmavfjwyeeqaloxx/Build/Intermediates.noindex/DDDDS_Test.build/Debug-iphonesimulator/DDDDS_Test.build/swift-overrides.hmap -Xcc -iquote -Xcc /Users/vladimirsvh/Library/Developer/Xcode/DerivedData/DDDDS_Test-baycaolwgxvqjmavfjwyeeqaloxx/Build/Intermediates.noindex/DDDDS_Test.build/Debug-iphonesimulator/DDDDS_Test.build/DDDDS_Test-generated-files.hmap -Xcc -I/Users/vladimirsvh/Library/Developer/Xcode/DerivedData/DDDDS_Test-baycaolwgxvqjmavfjwyeeqaloxx/Build/Intermediates.noindex/DDDDS_Test.build/Debug-iphonesimulator/DDDDS_Test.build/DDDDS_Test-own-target-headers.hmap -Xcc -I/Users/vladimirsvh/Library/Developer/Xcode/DerivedData/DDDDS_Test-baycaolwgxvqjmavfjwyeeqaloxx/Build/Intermediates.noindex/DDDDS_Test.build/Debug-iphonesimulator/DDDDS_Test.build/DDDDS_Test-all-target-headers.hmap -Xcc -iquote -Xcc /Users/vladimirsvh/Library/Developer/Xcode/DerivedData/DDDDS_Test-baycaolwgxvqjmavfjwyeeqaloxx/Build/Intermediates.noindex/DDDDS_Test.build/Debug-iphonesimulator/DDDDS_Test.build/DDDDS_Test-project-headers.hmap -Xcc -I/Users/vladimirsvh/Library/Developer/Xcode/DerivedData/DDDDS_Test-baycaolwgxvqjmavfjwyeeqaloxx/Build/Products/Debug-iphonesimulator/include -Xcc -I/Users/vladimirsvh/Library/Developer/Xcode/DerivedData/DDDDS_Test-baycaolwgxvqjmavfjwyeeqaloxx/Build/Intermediates.noindex/DDDDS_Test.build/Debug-iphonesimulator/DDDDS_Test.build/DerivedSources-normal/arm64 -Xcc -I/Users/vladimirsvh/Library/Developer/Xcode/DerivedData/DDDDS_Test-baycaolwgxvqjmavfjwyeeqaloxx/Build/Intermediates.noindex/DDDDS_Test.build/Debug-iphonesimulator/DDDDS_Test.build/DerivedSources/arm64 -Xcc -I/Users/vladimirsvh/Library/Developer/Xcode/DerivedData/DDDDS_Test-baycaolwgxvqjmavfjwyeeqaloxx/Build/Intermediates.noindex/DDDDS_Test.build/Debug-iphonesimulator/DDDDS_Test.build/DerivedSources -Xcc -DDEBUG\=1 -module-name DDDDS_Test -frontend-parseable-output -disable-clang-spi -target-sdk-version 18.4 -target-sdk-name iphonesimulator18.4 -external-plugin-path /Applications/Xcode.app/Contents/Developer/Platforms/iPhoneOS.platform/Developer/usr/lib/swift/host/plugins\#/Applications/Xcode.app/Contents/Developer/Platforms/iPhoneOS.platform/Developer/usr/bin/swift-plugin-server -external-plugin-path /Applications/Xcode.app/Contents/Developer/Platforms/iPhoneOS.platform/Developer/usr/local/lib/swift/host/plugins\#/Applications/Xcode.app/Contents/Developer/Platforms/iPhoneOS.platform/Developer/usr/bin/swift-plugin-server -in-process-plugin-server-path /Applications/Xcode.app/Contents/Developer/Toolchains/XcodeDefault.xctoolchain/usr/lib/swift/host/libSwiftInProcPluginServer.dylib -plugin-path /Applications/Xcode.app/Contents/Developer/Toolchains/XcodeDefault.xctoolchain/usr/lib/swift/host/plugins -plugin-path /Applications/Xcode.app/Contents/Developer/Toolchains/XcodeDefault.xctoolchain/usr/local/lib/swift/host/plugins -o /Users/vladimirsvh/Library/Developer/Xcode/DerivedData/DDDDS_Test-baycaolwgxvqjmavfjwyeeqaloxx/Build/Intermediates.noindex/DDDDS_Test.build/Debug-iphonesimulator/DDDDS_Test.build/Objects-normal/arm64/TasksWidgetView.o -o /Users/vladimirsvh/Library/Developer/Xcode/DerivedData/DDDDS_Test-baycaolwgxvqjmavfjwyeeqaloxx/Build/Intermediates.noindex/DDDDS_Test.build/Debug-iphonesimulator/DDDDS_Test.build/Objects-normal/arm64/DiaryWidgetView.o -index-unit-output-path /DDDDS_Test.build/Debug-iphonesimulator/DDDDS_Test.build/Objects-normal/arm64/TasksWidgetView.o -index-unit-output-path /DDDDS_Test.build/Debug-iphonesimulator/DDDDS_Test.build/Objects-normal/arm64/DiaryWidgetView.o -index-store-path /Users/vladimirsvh/Library/Developer/Xcode/DerivedData/DDDDS_Test-baycaolwgxvqjmavfjwyeeqaloxx/Index.noindex/DataStore -index-system-modules
    
    
    Compile TasksWidgetView.swift (arm64):
    /Users/vladimirsvh/Desktop/MyDashboardApp best/DDDDS_Test/DDDDS_Test/Dashboard/Widgets/TasksWidgetView.swift:2:1: error: expressions are not allowed at the top level
    backgroundColor = UIColor(hex: "#F65D2C").withAlphaComponent(0.1)
    ^
    /Users/vladimirsvh/Desktop/MyDashboardApp best/DDDDS_Test/DDDDS_Test/Dashboard/Widgets/TasksWidgetView.swift:3:1: error: expressions are not allowed at the top level
    titleLabel.text = "Tasks"
    ^
    /Users/vladimirsvh/Desktop/MyDashboardApp best/DDDDS_Test/DDDDS_Test/Dashboard/Widgets/BodyWidgetView.swift:2:1: error: expressions are not allowed at the top level
    backgroundColor = UIColor(hex: "#E32D5F").withAlphaComponent(0.1)
    ^
    /Users/vladimirsvh/Desktop/MyDashboardApp best/DDDDS_Test/DDDDS_Test/Dashboard/Widgets/BodyWidgetView.swift:3:1: error: expressions are not allowed at the top level
    titleLabel.text = "Body"
    ^
    /Users/vladimirsvh/Desktop/MyDashboardApp best/DDDDS_Test/DDDDS_Test/Dashboard/Widgets/TasksWidgetView.swift:2:1: error: cannot find 'backgroundColor' in scope
    backgroundColor = UIColor(hex: "#F65D2C").withAlphaComponent(0.1)
    ^~~~~~~~~~~~~~~
    /Users/vladimirsvh/Desktop/MyDashboardApp best/DDDDS_Test/DDDDS_Test/Dashboard/Widgets/TasksWidgetView.swift:2:19: error: cannot find 'UIColor' in scope
    backgroundColor = UIColor(hex: "#F65D2C").withAlphaComponent(0.1)
                      ^~~~~~~
    /Users/vladimirsvh/Desktop/MyDashboardApp best/DDDDS_Test/DDDDS_Test/Dashboard/Widgets/TasksWidgetView.swift:3:1: error: cannot find 'titleLabel' in scope
    titleLabel.text = "Tasks"
    ^~~~~~~~~~
    
    
    Compile DiaryWidgetView.swift (arm64):
    /Users/vladimirsvh/Desktop/MyDashboardApp best/DDDDS_Test/DDDDS_Test/Dashboard/Widgets/DiaryWidgetView.swift:2:1: error: expressions are not allowed at the top level
    backgroundColor = UIColor(hex: "#F42012").withAlphaComponent(0.1)
    ^
    /Users/vladimirsvh/Desktop/MyDashboardApp best/DDDDS_Test/DDDDS_Test/Dashboard/Widgets/DiaryWidgetView.swift:3:1: error: expressions are not allowed at the top level
    titleLabel.text = "Diary"
    ^
    /Users/vladimirsvh/Desktop/MyDashboardApp best/DDDDS_Test/DDDDS_Test/Dashboard/Widgets/BodyWidgetView.swift:2:1: error: expressions are not allowed at the top level
    backgroundColor = UIColor(hex: "#E32D5F").withAlphaComponent(0.1)
    ^
    /Users/vladimirsvh/Desktop/MyDashboardApp best/DDDDS_Test/DDDDS_Test/Dashboard/Widgets/BodyWidgetView.swift:3:1: error: expressions are not allowed at the top level
    titleLabel.text = "Body"
    ^
    /Users/vladimirsvh/Desktop/MyDashboardApp best/DDDDS_Test/DDDDS_Test/Dashboard/Widgets/DiaryWidgetView.swift:2:1: error: cannot find 'backgroundColor' in scope
    backgroundColor = UIColor(hex: "#F42012").withAlphaComponent(0.1)
    ^~~~~~~~~~~~~~~
    /Users/vladimirsvh/Desktop/MyDashboardApp best/DDDDS_Test/DDDDS_Test/Dashboard/Widgets/DiaryWidgetView.swift:2:19: error: cannot find 'UIColor' in scope
    backgroundColor = UIColor(hex: "#F42012").withAlphaComponent(0.1)
                      ^~~~~~~
    /Users/vladimirsvh/Desktop/MyDashboardApp best/DDDDS_Test/DDDDS_Test/Dashboard/Widgets/DiaryWidgetView.swift:3:1: error: cannot find 'titleLabel' in scope
    titleLabel.text = "Diary"
    ^~~~~~~~~~
    
    
    Compiling DashboardViewController.swift:
    Failed frontend command:
    /Applications/Xcode.app/Contents/Developer/Toolchains/XcodeDefault.xctoolchain/usr/bin/swift-frontend -frontend -c /Users/vladimirsvh/Desktop/MyDashboardApp\ best/DDDDS_Test/DDDDS_Test/Dashboard/AppDelegate.swift /Users/vladimirsvh/Desktop/MyDashboardApp\ best/DDDDS_Test/DDDDS_Test/Dashboard/Support/Extensions.swift /Users/vladimirsvh/Desktop/MyDashboardApp\ best/DDDDS_Test/DDDDS_Test/Dashboard/Widgets/HabitsWidgetView.swift /Users/vladimirsvh/Desktop/MyDashboardApp\ best/DDDDS_Test/DDDDS_Test/Dashboard/Widgets/MoneyWidgetView.swift /Users/vladimirsvh/Desktop/MyDashboardApp\ best/DDDDS_Test/DDDDS_Test/Dashboard/Support/DesignSystem.swift /Users/vladimirsvh/Desktop/MyDashboardApp\ best/DDDDS_Test/DDDDS_Test/ContentView.swift /Users/vladimirsvh/Desktop/MyDashboardApp\ best/DDDDS_Test/DDDDS_Test/Dashboard/Widgets/TasksWidgetView.swift /Users/vladimirsvh/Desktop/MyDashboardApp\ best/DDDDS_Test/DDDDS_Test/Dashboard/Widgets/DiaryWidgetView.swift -primary-file /Users/vladimirsvh/Desktop/MyDashboardApp\ best/DDDDS_Test/DDDDS_Test/Dashboard/DashboardViewController.swift /Users/vladimirsvh/Desktop/MyDashboardApp\ best/DDDDS_Test/DDDDS_Test/Dashboard/Widgets/BodyWidgetView.swift /Users/vladimirsvh/Desktop/MyDashboardApp\ best/DDDDS_Test/DDDDS_Test/DDDDS_TestApp.swift /Users/vladimirsvh/Library/Developer/Xcode/DerivedData/DDDDS_Test-baycaolwgxvqjmavfjwyeeqaloxx/Build/Intermediates.noindex/DDDDS_Test.build/Debug-iphonesimulator/DDDDS_Test.build/DerivedSources/GeneratedAssetSymbols.swift -emit-dependencies-path /Users/vladimirsvh/Library/Developer/Xcode/DerivedData/DDDDS_Test-baycaolwgxvqjmavfjwyeeqaloxx/Build/Intermediates.noindex/DDDDS_Test.build/Debug-iphonesimulator/DDDDS_Test.build/Objects-normal/arm64/DashboardViewController.d -emit-const-values-path /Users/vladimirsvh/Library/Developer/Xcode/DerivedData/DDDDS_Test-baycaolwgxvqjmavfjwyeeqaloxx/Build/Intermediates.noindex/DDDDS_Test.build/Debug-iphonesimulator/DDDDS_Test.build/Objects-normal/arm64/DashboardViewController.swiftconstvalues -emit-reference-dependencies-path /Users/vladimirsvh/Library/Developer/Xcode/DerivedData/DDDDS_Test-baycaolwgxvqjmavfjwyeeqaloxx/Build/Intermediates.noindex/DDDDS_Test.build/Debug-iphonesimulator/DDDDS_Test.build/Objects-normal/arm64/DashboardViewController.swiftdeps -serialize-diagnostics-path /Users/vladimirsvh/Library/Developer/Xcode/DerivedData/DDDDS_Test-baycaolwgxvqjmavfjwyeeqaloxx/Build/Intermediates.noindex/DDDDS_Test.build/Debug-iphonesimulator/DDDDS_Test.build/Objects-normal/arm64/DashboardViewController.dia -emit-localized-strings -emit-localized-strings-path /Users/vladimirsvh/Library/Developer/Xcode/DerivedData/DDDDS_Test-baycaolwgxvqjmavfjwyeeqaloxx/Build/Intermediates.noindex/DDDDS_Test.build/Debug-iphonesimulator/DDDDS_Test.build/Objects-normal/arm64 -target arm64-apple-ios18.4-simulator -Xllvm -aarch64-use-tbi -enable-objc-interop -sdk /Applications/Xcode.app/Contents/Developer/Platforms/iPhoneSimulator.platform/Developer/SDKs/iPhoneSimulator18.4.sdk -I /Users/vladimirsvh/Library/Developer/Xcode/DerivedData/DDDDS_Test-baycaolwgxvqjmavfjwyeeqaloxx/Build/Products/Debug-iphonesimulator -F /Users/vladimirsvh/Library/Developer/Xcode/DerivedData/DDDDS_Test-baycaolwgxvqjmavfjwyeeqaloxx/Build/Products/Debug-iphonesimulator -no-color-diagnostics -enable-testing -g -debug-info-format\=dwarf -dwarf-version\=5 -module-cache-path /Users/vladimirsvh/Library/Developer/Xcode/DerivedData/ModuleCache.noindex -swift-version 5 -enforce-exclusivity\=checked -Onone -D DEBUG -serialize-debugging-options -const-gather-protocols-file /Users/vladimirsvh/Library/Developer/Xcode/DerivedData/DDDDS_Test-baycaolwgxvqjmavfjwyeeqaloxx/Build/Intermediates.noindex/DDDDS_Test.build/Debug-iphonesimulator/DDDDS_Test.build/Objects-normal/arm64/DDDDS_Test_const_extract_protocols.json -enable-experimental-feature DebugDescriptionMacro -enable-bare-slash-regex -empty-abi-descriptor -validate-clang-modules-once -clang-build-session-file /Users/vladimirsvh/Library/Developer/Xcode/DerivedData/ModuleCache.noindex/Session.modulevalidation -Xcc -working-directory -Xcc /Users/vladimirsvh/Desktop/MyDashboardApp\ best/DDDDS_Test -resource-dir /Applications/Xcode.app/Contents/Developer/Toolchains/XcodeDefault.xctoolchain/usr/lib/swift -enable-anonymous-context-mangled-names -file-compilation-dir /Users/vladimirsvh/Desktop/MyDashboardApp\ best/DDDDS_Test -Xcc -ivfsstatcache -Xcc /Users/vladimirsvh/Library/Developer/Xcode/DerivedData/SDKStatCaches.noindex/iphonesimulator18.4-22E235-71825a6d136aa4733edcbe86ece5525b.sdkstatcache -Xcc -I/Users/vladimirsvh/Library/Developer/Xcode/DerivedData/DDDDS_Test-baycaolwgxvqjmavfjwyeeqaloxx/Build/Intermediates.noindex/DDDDS_Test.build/Debug-iphonesimulator/DDDDS_Test.build/swift-overrides.hmap -Xcc -iquote -Xcc /Users/vladimirsvh/Library/Developer/Xcode/DerivedData/DDDDS_Test-baycaolwgxvqjmavfjwyeeqaloxx/Build/Intermediates.noindex/DDDDS_Test.build/Debug-iphonesimulator/DDDDS_Test.build/DDDDS_Test-generated-files.hmap -Xcc -I/Users/vladimirsvh/Library/Developer/Xcode/DerivedData/DDDDS_Test-baycaolwgxvqjmavfjwyeeqaloxx/Build/Intermediates.noindex/DDDDS_Test.build/Debug-iphonesimulator/DDDDS_Test.build/DDDDS_Test-own-target-headers.hmap -Xcc -I/Users/vladimirsvh/Library/Developer/Xcode/DerivedData/DDDDS_Test-baycaolwgxvqjmavfjwyeeqaloxx/Build/Intermediates.noindex/DDDDS_Test.build/Debug-iphonesimulator/DDDDS_Test.build/DDDDS_Test-all-target-headers.hmap -Xcc -iquote -Xcc /Users/vladimirsvh/Library/Developer/Xcode/DerivedData/DDDDS_Test-baycaolwgxvqjmavfjwyeeqaloxx/Build/Intermediates.noindex/DDDDS_Test.build/Debug-iphonesimulator/DDDDS_Test.build/DDDDS_Test-project-headers.hmap -Xcc -I/Users/vladimirsvh/Library/Developer/Xcode/DerivedData/DDDDS_Test-baycaolwgxvqjmavfjwyeeqaloxx/Build/Products/Debug-iphonesimulator/include -Xcc -I/Users/vladimirsvh/Library/Developer/Xcode/DerivedData/DDDDS_Test-baycaolwgxvqjmavfjwyeeqaloxx/Build/Intermediates.noindex/DDDDS_Test.build/Debug-iphonesimulator/DDDDS_Test.build/DerivedSources-normal/arm64 -Xcc -I/Users/vladimirsvh/Library/Developer/Xcode/DerivedData/DDDDS_Test-baycaolwgxvqjmavfjwyeeqaloxx/Build/Intermediates.noindex/DDDDS_Test.build/Debug-iphonesimulator/DDDDS_Test.build/DerivedSources/arm64 -Xcc -I/Users/vladimirsvh/Library/Developer/Xcode/DerivedData/DDDDS_Test-baycaolwgxvqjmavfjwyeeqaloxx/Build/Intermediates.noindex/DDDDS_Test.build/Debug-iphonesimulator/DDDDS_Test.build/DerivedSources -Xcc -DDEBUG\=1 -module-name DDDDS_Test -frontend-parseable-output -disable-clang-spi -target-sdk-version 18.4 -target-sdk-name iphonesimulator18.4 -external-plugin-path /Applications/Xcode.app/Contents/Developer/Platforms/iPhoneOS.platform/Developer/usr/lib/swift/host/plugins\#/Applications/Xcode.app/Contents/Developer/Platforms/iPhoneOS.platform/Developer/usr/bin/swift-plugin-server -external-plugin-path /Applications/Xcode.app/Contents/Developer/Platforms/iPhoneOS.platform/Developer/usr/local/lib/swift/host/plugins\#/Applications/Xcode.app/Contents/Developer/Platforms/iPhoneOS.platform/Developer/usr/bin/swift-plugin-server -in-process-plugin-server-path /Applications/Xcode.app/Contents/Developer/Toolchains/XcodeDefault.xctoolchain/usr/lib/swift/host/libSwiftInProcPluginServer.dylib -plugin-path /Applications/Xcode.app/Contents/Developer/Toolchains/XcodeDefault.xctoolchain/usr/lib/swift/host/plugins -plugin-path /Applications/Xcode.app/Contents/Developer/Toolchains/XcodeDefault.xctoolchain/usr/local/lib/swift/host/plugins -o /Users/vladimirsvh/Library/Developer/Xcode/DerivedData/DDDDS_Test-baycaolwgxvqjmavfjwyeeqaloxx/Build/Intermediates.noindex/DDDDS_Test.build/Debug-iphonesimulator/DDDDS_Test.build/Objects-normal/arm64/DashboardViewController.o -index-unit-output-path /DDDDS_Test.build/Debug-iphonesimulator/DDDDS_Test.build/Objects-normal/arm64/DashboardViewController.o -index-store-path /Users/vladimirsvh/Library/Developer/Xcode/DerivedData/DDDDS_Test-baycaolwgxvqjmavfjwyeeqaloxx/Index.noindex/DataStore -index-system-modules
    
    
    Compile DashboardViewController.swift (arm64):
    /Users/vladimirsvh/Desktop/MyDashboardApp best/DDDDS_Test/DDDDS_Test/Dashboard/Widgets/TasksWidgetView.swift:2:1: error: expressions are not allowed at the top level
    backgroundColor = UIColor(hex: "#F65D2C").withAlphaComponent(0.1)
    ^
    /Users/vladimirsvh/Desktop/MyDashboardApp best/DDDDS_Test/DDDDS_Test/Dashboard/Widgets/TasksWidgetView.swift:3:1: error: expressions are not allowed at the top level
    titleLabel.text = "Tasks"
    ^
    /Users/vladimirsvh/Desktop/MyDashboardApp best/DDDDS_Test/DDDDS_Test/Dashboard/Widgets/DiaryWidgetView.swift:2:1: error: expressions are not allowed at the top level
    backgroundColor = UIColor(hex: "#F42012").withAlphaComponent(0.1)
    ^
    /Users/vladimirsvh/Desktop/MyDashboardApp best/DDDDS_Test/DDDDS_Test/Dashboard/Widgets/DiaryWidgetView.swift:3:1: error: expressions are not allowed at the top level
    titleLabel.text = "Diary"
    ^
    /Users/vladimirsvh/Desktop/MyDashboardApp best/DDDDS_Test/DDDDS_Test/Dashboard/Widgets/BodyWidgetView.swift:2:1: error: expressions are not allowed at the top level
    backgroundColor = UIColor(hex: "#E32D5F").withAlphaComponent(0.1)
    ^
    /Users/vladimirsvh/Desktop/MyDashboardApp best/DDDDS_Test/DDDDS_Test/Dashboard/Widgets/BodyWidgetView.swift:3:1: error: expressions are not allowed at the top level
    titleLabel.text = "Body"
    ^
    /Users/vladimirsvh/Desktop/MyDashboardApp best/DDDDS_Test/DDDDS_Test/Dashboard/Widgets/MoneyWidgetView.swift:8:1: error: 'required' initializer 'init(coder:)' must be provided by subclass of 'UIView'
        
    ^
    /Applications/Xcode.app/Contents/Developer/Platforms/iPhoneSimulator.platform/Developer/SDKs/iPhoneSimulator18.4.sdk/System/Library/Frameworks/UIKit.framework/Headers/UIView.h:150:1: note: 'required' initializer is declared in superclass here
    - (nullable instancetype)initWithCoder:(NSCoder *)coder NS_DESIGNATED_INITIALIZER;
    ^
    /Users/vladimirsvh/Desktop/MyDashboardApp best/DDDDS_Test/DDDDS_Test/Dashboard/DashboardViewController.swift:25:41: error: cannot find 'TasksWidgetView' in scope
            contentStack.addArrangedSubview(TasksWidgetView())
                                            ^~~~~~~~~~~~~~~
    /Users/vladimirsvh/Desktop/MyDashboardApp best/DDDDS_Test/DDDDS_Test/Dashboard/DashboardViewController.swift:26:41: error: cannot find 'BodyWidgetView' in scope
            contentStack.addArrangedSubview(BodyWidgetView())
                                            ^~~~~~~~~~~~~~
    /Users/vladimirsvh/Desktop/MyDashboardApp best/DDDDS_Test/DDDDS_Test/Dashboard/DashboardViewController.swift:27:41: error: cannot find 'DiaryWidgetView' in scope
            contentStack.addArrangedSubview(DiaryWidgetView())
                                            ^~~~~~~~~~~~~~~
    /Users/vladimirsvh/Desktop/MyDashboardApp best/DDDDS_Test/DDDDS_Test/Dashboard/Widgets/HabitsWidgetView.swift:16:1: error: 'required' initializer 'init(coder:)' must be provided by subclass of 'UIView'
    }
    ^
    /Applications/Xcode.app/Contents/Developer/Platforms/iPhoneSimulator.platform/Developer/SDKs/iPhoneSimulator18.4.sdk/System/Library/Frameworks/UIKit.framework/Headers/UIView.h:150:1: note: 'required' initializer is declared in superclass here
    - (nullable instancetype)initWithCoder:(NSCoder *)coder NS_DESIGNATED_INITIALIZER;
    ^
    
    
    Compiling BodyWidgetView.swift:
    Failed frontend command:
    /Applications/Xcode.app/Contents/Developer/Toolchains/XcodeDefault.xctoolchain/usr/bin/swift-frontend -frontend -c /Users/vladimirsvh/Desktop/MyDashboardApp\ best/DDDDS_Test/DDDDS_Test/Dashboard/AppDelegate.swift /Users/vladimirsvh/Desktop/MyDashboardApp\ best/DDDDS_Test/DDDDS_Test/Dashboard/Support/Extensions.swift /Users/vladimirsvh/Desktop/MyDashboardApp\ best/DDDDS_Test/DDDDS_Test/Dashboard/Widgets/HabitsWidgetView.swift /Users/vladimirsvh/Desktop/MyDashboardApp\ best/DDDDS_Test/DDDDS_Test/Dashboard/Widgets/MoneyWidgetView.swift /Users/vladimirsvh/Desktop/MyDashboardApp\ best/DDDDS_Test/DDDDS_Test/Dashboard/Support/DesignSystem.swift /Users/vladimirsvh/Desktop/MyDashboardApp\ best/DDDDS_Test/DDDDS_Test/ContentView.swift /Users/vladimirsvh/Desktop/MyDashboardApp\ best/DDDDS_Test/DDDDS_Test/Dashboard/Widgets/TasksWidgetView.swift /Users/vladimirsvh/Desktop/MyDashboardApp\ best/DDDDS_Test/DDDDS_Test/Dashboard/Widgets/DiaryWidgetView.swift /Users/vladimirsvh/Desktop/MyDashboardApp\ best/DDDDS_Test/DDDDS_Test/Dashboard/DashboardViewController.swift -primary-file /Users/vladimirsvh/Desktop/MyDashboardApp\ best/DDDDS_Test/DDDDS_Test/Dashboard/Widgets/BodyWidgetView.swift /Users/vladimirsvh/Desktop/MyDashboardApp\ best/DDDDS_Test/DDDDS_Test/DDDDS_TestApp.swift /Users/vladimirsvh/Library/Developer/Xcode/DerivedData/DDDDS_Test-baycaolwgxvqjmavfjwyeeqaloxx/Build/Intermediates.noindex/DDDDS_Test.build/Debug-iphonesimulator/DDDDS_Test.build/DerivedSources/GeneratedAssetSymbols.swift -emit-dependencies-path /Users/vladimirsvh/Library/Developer/Xcode/DerivedData/DDDDS_Test-baycaolwgxvqjmavfjwyeeqaloxx/Build/Intermediates.noindex/DDDDS_Test.build/Debug-iphonesimulator/DDDDS_Test.build/Objects-normal/arm64/BodyWidgetView.d -emit-const-values-path /Users/vladimirsvh/Library/Developer/Xcode/DerivedData/DDDDS_Test-baycaolwgxvqjmavfjwyeeqaloxx/Build/Intermediates.noindex/DDDDS_Test.build/Debug-iphonesimulator/DDDDS_Test.build/Objects-normal/arm64/BodyWidgetView.swiftconstvalues -emit-reference-dependencies-path /Users/vladimirsvh/Library/Developer/Xcode/DerivedData/DDDDS_Test-baycaolwgxvqjmavfjwyeeqaloxx/Build/Intermediates.noindex/DDDDS_Test.build/Debug-iphonesimulator/DDDDS_Test.build/Objects-normal/arm64/BodyWidgetView.swiftdeps -serialize-diagnostics-path /Users/vladimirsvh/Library/Developer/Xcode/DerivedData/DDDDS_Test-baycaolwgxvqjmavfjwyeeqaloxx/Build/Intermediates.noindex/DDDDS_Test.build/Debug-iphonesimulator/DDDDS_Test.build/Objects-normal/arm64/BodyWidgetView.dia -emit-localized-strings -emit-localized-strings-path /Users/vladimirsvh/Library/Developer/Xcode/DerivedData/DDDDS_Test-baycaolwgxvqjmavfjwyeeqaloxx/Build/Intermediates.noindex/DDDDS_Test.build/Debug-iphonesimulator/DDDDS_Test.build/Objects-normal/arm64 -target arm64-apple-ios18.4-simulator -Xllvm -aarch64-use-tbi -enable-objc-interop -sdk /Applications/Xcode.app/Contents/Developer/Platforms/iPhoneSimulator.platform/Developer/SDKs/iPhoneSimulator18.4.sdk -I /Users/vladimirsvh/Library/Developer/Xcode/DerivedData/DDDDS_Test-baycaolwgxvqjmavfjwyeeqaloxx/Build/Products/Debug-iphonesimulator -F /Users/vladimirsvh/Library/Developer/Xcode/DerivedData/DDDDS_Test-baycaolwgxvqjmavfjwyeeqaloxx/Build/Products/Debug-iphonesimulator -no-color-diagnostics -enable-testing -g -debug-info-format\=dwarf -dwarf-version\=5 -module-cache-path /Users/vladimirsvh/Library/Developer/Xcode/DerivedData/ModuleCache.noindex -swift-version 5 -enforce-exclusivity\=checked -Onone -D DEBUG -serialize-debugging-options -const-gather-protocols-file /Users/vladimirsvh/Library/Developer/Xcode/DerivedData/DDDDS_Test-baycaolwgxvqjmavfjwyeeqaloxx/Build/Intermediates.noindex/DDDDS_Test.build/Debug-iphonesimulator/DDDDS_Test.build/Objects-normal/arm64/DDDDS_Test_const_extract_protocols.json -enable-experimental-feature DebugDescriptionMacro -enable-bare-slash-regex -empty-abi-descriptor -validate-clang-modules-once -clang-build-session-file /Users/vladimirsvh/Library/Developer/Xcode/DerivedData/ModuleCache.noindex/Session.modulevalidation -Xcc -working-directory -Xcc /Users/vladimirsvh/Desktop/MyDashboardApp\ best/DDDDS_Test -resource-dir /Applications/Xcode.app/Contents/Developer/Toolchains/XcodeDefault.xctoolchain/usr/lib/swift -enable-anonymous-context-mangled-names -file-compilation-dir /Users/vladimirsvh/Desktop/MyDashboardApp\ best/DDDDS_Test -Xcc -ivfsstatcache -Xcc /Users/vladimirsvh/Library/Developer/Xcode/DerivedData/SDKStatCaches.noindex/iphonesimulator18.4-22E235-71825a6d136aa4733edcbe86ece5525b.sdkstatcache -Xcc -I/Users/vladimirsvh/Library/Developer/Xcode/DerivedData/DDDDS_Test-baycaolwgxvqjmavfjwyeeqaloxx/Build/Intermediates.noindex/DDDDS_Test.build/Debug-iphonesimulator/DDDDS_Test.build/swift-overrides.hmap -Xcc -iquote -Xcc /Users/vladimirsvh/Library/Developer/Xcode/DerivedData/DDDDS_Test-baycaolwgxvqjmavfjwyeeqaloxx/Build/Intermediates.noindex/DDDDS_Test.build/Debug-iphonesimulator/DDDDS_Test.build/DDDDS_Test-generated-files.hmap -Xcc -I/Users/vladimirsvh/Library/Developer/Xcode/DerivedData/DDDDS_Test-baycaolwgxvqjmavfjwyeeqaloxx/Build/Intermediates.noindex/DDDDS_Test.build/Debug-iphonesimulator/DDDDS_Test.build/DDDDS_Test-own-target-headers.hmap -Xcc -I/Users/vladimirsvh/Library/Developer/Xcode/DerivedData/DDDDS_Test-baycaolwgxvqjmavfjwyeeqaloxx/Build/Intermediates.noindex/DDDDS_Test.build/Debug-iphonesimulator/DDDDS_Test.build/DDDDS_Test-all-target-headers.hmap -Xcc -iquote -Xcc /Users/vladimirsvh/Library/Developer/Xcode/DerivedData/DDDDS_Test-baycaolwgxvqjmavfjwyeeqaloxx/Build/Intermediates.noindex/DDDDS_Test.build/Debug-iphonesimulator/DDDDS_Test.build/DDDDS_Test-project-headers.hmap -Xcc -I/Users/vladimirsvh/Library/Developer/Xcode/DerivedData/DDDDS_Test-baycaolwgxvqjmavfjwyeeqaloxx/Build/Products/Debug-iphonesimulator/include -Xcc -I/Users/vladimirsvh/Library/Developer/Xcode/DerivedData/DDDDS_Test-baycaolwgxvqjmavfjwyeeqaloxx/Build/Intermediates.noindex/DDDDS_Test.build/Debug-iphonesimulator/DDDDS_Test.build/DerivedSources-normal/arm64 -Xcc -I/Users/vladimirsvh/Library/Developer/Xcode/DerivedData/DDDDS_Test-baycaolwgxvqjmavfjwyeeqaloxx/Build/Intermediates.noindex/DDDDS_Test.build/Debug-iphonesimulator/DDDDS_Test.build/DerivedSources/arm64 -Xcc -I/Users/vladimirsvh/Library/Developer/Xcode/DerivedData/DDDDS_Test-baycaolwgxvqjmavfjwyeeqaloxx/Build/Intermediates.noindex/DDDDS_Test.build/Debug-iphonesimulator/DDDDS_Test.build/DerivedSources -Xcc -DDEBUG\=1 -module-name DDDDS_Test -frontend-parseable-output -disable-clang-spi -target-sdk-version 18.4 -target-sdk-name iphonesimulator18.4 -external-plugin-path /Applications/Xcode.app/Contents/Developer/Platforms/iPhoneOS.platform/Developer/usr/lib/swift/host/plugins\#/Applications/Xcode.app/Contents/Developer/Platforms/iPhoneOS.platform/Developer/usr/bin/swift-plugin-server -external-plugin-path /Applications/Xcode.app/Contents/Developer/Platforms/iPhoneOS.platform/Developer/usr/local/lib/swift/host/plugins\#/Applications/Xcode.app/Contents/Developer/Platforms/iPhoneOS.platform/Developer/usr/bin/swift-plugin-server -in-process-plugin-server-path /Applications/Xcode.app/Contents/Developer/Toolchains/XcodeDefault.xctoolchain/usr/lib/swift/host/libSwiftInProcPluginServer.dylib -plugin-path /Applications/Xcode.app/Contents/Developer/Toolchains/XcodeDefault.xctoolchain/usr/lib/swift/host/plugins -plugin-path /Applications/Xcode.app/Contents/Developer/Toolchains/XcodeDefault.xctoolchain/usr/local/lib/swift/host/plugins -o /Users/vladimirsvh/Library/Developer/Xcode/DerivedData/DDDDS_Test-baycaolwgxvqjmavfjwyeeqaloxx/Build/Intermediates.noindex/DDDDS_Test.build/Debug-iphonesimulator/DDDDS_Test.build/Objects-normal/arm64/BodyWidgetView.o -index-unit-output-path /DDDDS_Test.build/Debug-iphonesimulator/DDDDS_Test.build/Objects-normal/arm64/BodyWidgetView.o -index-store-path /Users/vladimirsvh/Library/Developer/Xcode/DerivedData/DDDDS_Test-baycaolwgxvqjmavfjwyeeqaloxx/Index.noindex/DataStore -index-system-modules
    
    
    Compile BodyWidgetView.swift (arm64):
    /Users/vladimirsvh/Desktop/MyDashboardApp best/DDDDS_Test/DDDDS_Test/Dashboard/Widgets/TasksWidgetView.swift:2:1: error: expressions are not allowed at the top level
    backgroundColor = UIColor(hex: "#F65D2C").withAlphaComponent(0.1)
    ^
    /Users/vladimirsvh/Desktop/MyDashboardApp best/DDDDS_Test/DDDDS_Test/Dashboard/Widgets/TasksWidgetView.swift:3:1: error: expressions are not allowed at the top level
    titleLabel.text = "Tasks"
    ^
    /Users/vladimirsvh/Desktop/MyDashboardApp best/DDDDS_Test/DDDDS_Test/Dashboard/Widgets/DiaryWidgetView.swift:2:1: error: expressions are not allowed at the top level
    backgroundColor = UIColor(hex: "#F42012").withAlphaComponent(0.1)
    ^
    /Users/vladimirsvh/Desktop/MyDashboardApp best/DDDDS_Test/DDDDS_Test/Dashboard/Widgets/DiaryWidgetView.swift:3:1: error: expressions are not allowed at the top level
    titleLabel.text = "Diary"
    ^
    /Users/vladimirsvh/Desktop/MyDashboardApp best/DDDDS_Test/DDDDS_Test/Dashboard/Widgets/BodyWidgetView.swift:2:1: error: expressions are not allowed at the top level
    backgroundColor = UIColor(hex: "#E32D5F").withAlphaComponent(0.1)
    ^
    /Users/vladimirsvh/Desktop/MyDashboardApp best/DDDDS_Test/DDDDS_Test/Dashboard/Widgets/BodyWidgetView.swift:3:1: error: expressions are not allowed at the top level
    titleLabel.text = "Body"
    ^
    /Users/vladimirsvh/Desktop/MyDashboardApp best/DDDDS_Test/DDDDS_Test/Dashboard/Widgets/BodyWidgetView.swift:2:1: error: cannot find 'backgroundColor' in scope
    backgroundColor = UIColor(hex: "#E32D5F").withAlphaComponent(0.1)
    ^~~~~~~~~~~~~~~
    /Users/vladimirsvh/Desktop/MyDashboardApp best/DDDDS_Test/DDDDS_Test/Dashboard/Widgets/BodyWidgetView.swift:2:19: error: cannot find 'UIColor' in scope
    backgroundColor = UIColor(hex: "#E32D5F").withAlphaComponent(0.1)
                      ^~~~~~~
    /Users/vladimirsvh/Desktop/MyDashboardApp best/DDDDS_Test/DDDDS_Test/Dashboard/Widgets/BodyWidgetView.swift:3:1: error: cannot find 'titleLabel' in scope
    titleLabel.text = "Body"
    ^~~~~~~~~~
    
    
    Copy DDDDS_Test.swiftmodule (arm64):
    error: lstat(/Users/vladimirsvh/Library/Developer/Xcode/DerivedData/DDDDS_Test-baycaolwgxvqjmavfjwyeeqaloxx/Build/Intermediates.noindex/DDDDS_Test.build/Debug-iphonesimulator/DDDDS_Test.build/Objects-normal/arm64/DDDDS_Test.swiftmodule): No such file or directory (2) (in target 'DDDDS_Test' from project 'DDDDS_Test')
    
    
    Copy DDDDS_Test.swiftdoc (arm64):
    error: lstat(/Users/vladimirsvh/Library/Developer/Xcode/DerivedData/DDDDS_Test-baycaolwgxvqjmavfjwyeeqaloxx/Build/Intermediates.noindex/DDDDS_Test.build/Debug-iphonesimulator/DDDDS_Test.build/Objects-normal/arm64/DDDDS_Test.swiftdoc): No such file or directory (2) (in target 'DDDDS_Test' from project 'DDDDS_Test')
    
    
    Copy DDDDS_Test.abi.json (arm64):
    error: lstat(/Users/vladimirsvh/Library/Developer/Xcode/DerivedData/DDDDS_Test-baycaolwgxvqjmavfjwyeeqaloxx/Build/Intermediates.noindex/DDDDS_Test.build/Debug-iphonesimulator/DDDDS_Test.build/Objects-normal/arm64/DDDDS_Test.abi.json): No such file or directory (2) (in target 'DDDDS_Test' from project 'DDDDS_Test')
    
    
    Copy DDDDS_Test.swiftsourceinfo (arm64):
    error: lstat(/Users/vladimirsvh/Library/Developer/Xcode/DerivedData/DDDDS_Test-baycaolwgxvqjmavfjwyeeqaloxx/Build/Intermediates.noindex/DDDDS_Test.build/Debug-iphonesimulator/DDDDS_Test.build/Objects-normal/arm64/DDDDS_Test.swiftsourceinfo): No such file or directory (2) (in target 'DDDDS_Test' from project 'DDDDS_Test')
    



== PREVIEW UPDATE ERROR:

    SchemeBuildError: Failed to build the scheme “DDDDS_Test”
    
    expressions are not allowed at the top level
    
    Compiling DesignSystem.swift, ContentView.swift:
    Failed frontend command:
    /Applications/Xcode.app/Contents/Developer/Toolchains/XcodeDefault.xctoolchain/usr/bin/swift-frontend -frontend -c /Users/vladimirsvh/Desktop/MyDashboardApp\ best/DDDDS_Test/DDDDS_Test/Dashboard/AppDelegate.swift /Users/vladimirsvh/Desktop/MyDashboardApp\ best/DDDDS_Test/DDDDS_Test/Dashboard/Support/Extensions.swift /Users/vladimirsvh/Desktop/MyDashboardApp\ best/DDDDS_Test/DDDDS_Test/Dashboard/Widgets/HabitsWidgetView.swift /Users/vladimirsvh/Desktop/MyDashboardApp\ best/DDDDS_Test/DDDDS_Test/Dashboard/Widgets/MoneyWidgetView.swift -primary-file /Users/vladimirsvh/Desktop/MyDashboardApp\ best/DDDDS_Test/DDDDS_Test/Dashboard/Support/DesignSystem.swift -primary-file /Users/vladimirsvh/Desktop/MyDashboardApp\ best/DDDDS_Test/DDDDS_Test/ContentView.swift /Users/vladimirsvh/Desktop/MyDashboardApp\ best/DDDDS_Test/DDDDS_Test/Dashboard/Widgets/TasksWidgetView.swift /Users/vladimirsvh/Desktop/MyDashboardApp\ best/DDDDS_Test/DDDDS_Test/Dashboard/Widgets/DiaryWidgetView.swift /Users/vladimirsvh/Desktop/MyDashboardApp\ best/DDDDS_Test/DDDDS_Test/Dashboard/DashboardViewController.swift /Users/vladimirsvh/Desktop/MyDashboardApp\ best/DDDDS_Test/DDDDS_Test/Dashboard/Widgets/BodyWidgetView.swift /Users/vladimirsvh/Desktop/MyDashboardApp\ best/DDDDS_Test/DDDDS_Test/DDDDS_TestApp.swift /Users/vladimirsvh/Library/Developer/Xcode/DerivedData/DDDDS_Test-baycaolwgxvqjmavfjwyeeqaloxx/Build/Intermediates.noindex/DDDDS_Test.build/Debug-iphonesimulator/DDDDS_Test.build/DerivedSources/GeneratedAssetSymbols.swift -emit-dependencies-path /Users/vladimirsvh/Library/Developer/Xcode/DerivedData/DDDDS_Test-baycaolwgxvqjmavfjwyeeqaloxx/Build/Intermediates.noindex/DDDDS_Test.build/Debug-iphonesimulator/DDDDS_Test.build/Objects-normal/arm64/DesignSystem.d -emit-const-values-path /Users/vladimirsvh/Library/Developer/Xcode/DerivedData/DDDDS_Test-baycaolwgxvqjmavfjwyeeqaloxx/Build/Intermediates.noindex/DDDDS_Test.build/Debug-iphonesimulator/DDDDS_Test.build/Objects-normal/arm64/DesignSystem.swiftconstvalues -emit-reference-dependencies-path /Users/vladimirsvh/Library/Developer/Xcode/DerivedData/DDDDS_Test-baycaolwgxvqjmavfjwyeeqaloxx/Build/Intermediates.noindex/DDDDS_Test.build/Debug-iphonesimulator/DDDDS_Test.build/Objects-normal/arm64/DesignSystem.swiftdeps -serialize-diagnostics-path /Users/vladimirsvh/Library/Developer/Xcode/DerivedData/DDDDS_Test-baycaolwgxvqjmavfjwyeeqaloxx/Build/Intermediates.noindex/DDDDS_Test.build/Debug-iphonesimulator/DDDDS_Test.build/Objects-normal/arm64/DesignSystem.dia -emit-dependencies-path /Users/vladimirsvh/Library/Developer/Xcode/DerivedData/DDDDS_Test-baycaolwgxvqjmavfjwyeeqaloxx/Build/Intermediates.noindex/DDDDS_Test.build/Debug-iphonesimulator/DDDDS_Test.build/Objects-normal/arm64/ContentView.d -emit-const-values-path /Users/vladimirsvh/Library/Developer/Xcode/DerivedData/DDDDS_Test-baycaolwgxvqjmavfjwyeeqaloxx/Build/Intermediates.noindex/DDDDS_Test.build/Debug-iphonesimulator/DDDDS_Test.build/Objects-normal/arm64/ContentView.swiftconstvalues -emit-reference-dependencies-path /Users/vladimirsvh/Library/Developer/Xcode/DerivedData/DDDDS_Test-baycaolwgxvqjmavfjwyeeqaloxx/Build/Intermediates.noindex/DDDDS_Test.build/Debug-iphonesimulator/DDDDS_Test.build/Objects-normal/arm64/ContentView.swiftdeps -serialize-diagnostics-path /Users/vladimirsvh/Library/Developer/Xcode/DerivedData/DDDDS_Test-baycaolwgxvqjmavfjwyeeqaloxx/Build/Intermediates.noindex/DDDDS_Test.build/Debug-iphonesimulator/DDDDS_Test.build/Objects-normal/arm64/ContentView.dia -emit-localized-strings -emit-localized-strings-path /Users/vladimirsvh/Library/Developer/Xcode/DerivedData/DDDDS_Test-baycaolwgxvqjmavfjwyeeqaloxx/Build/Intermediates.noindex/DDDDS_Test.build/Debug-iphonesimulator/DDDDS_Test.build/Objects-normal/arm64 -target arm64-apple-ios18.4-simulator -Xllvm -aarch64-use-tbi -enable-objc-interop -sdk /Applications/Xcode.app/Contents/Developer/Platforms/iPhoneSimulator.platform/Developer/SDKs/iPhoneSimulator18.4.sdk -I /Users/vladimirsvh/Library/Developer/Xcode/DerivedData/DDDDS_Test-baycaolwgxvqjmavfjwyeeqaloxx/Build/Products/Debug-iphonesimulator -F /Users/vladimirsvh/Library/Developer/Xcode/DerivedData/DDDDS_Test-baycaolwgxvqjmavfjwyeeqaloxx/Build/Products/Debug-iphonesimulator -no-color-diagnostics -enable-testing -g -debug-info-format\=dwarf -dwarf-version\=5 -module-cache-path /Users/vladimirsvh/Library/Developer/Xcode/DerivedData/ModuleCache.noindex -swift-version 5 -enforce-exclusivity\=checked -Onone -D DEBUG -serialize-debugging-options -const-gather-protocols-file /Users/vladimirsvh/Library/Developer/Xcode/DerivedData/DDDDS_Test-baycaolwgxvqjmavfjwyeeqaloxx/Build/Intermediates.noindex/DDDDS_Test.build/Debug-iphonesimulator/DDDDS_Test.build/Objects-normal/arm64/DDDDS_Test_const_extract_protocols.json -enable-experimental-feature DebugDescriptionMacro -enable-bare-slash-regex -empty-abi-descriptor -validate-clang-modules-once -clang-build-session-file /Users/vladimirsvh/Library/Developer/Xcode/DerivedData/ModuleCache.noindex/Session.modulevalidation -Xcc -working-directory -Xcc /Users/vladimirsvh/Desktop/MyDashboardApp\ best/DDDDS_Test -resource-dir /Applications/Xcode.app/Contents/Developer/Toolchains/XcodeDefault.xctoolchain/usr/lib/swift -enable-anonymous-context-mangled-names -file-compilation-dir /Users/vladimirsvh/Desktop/MyDashboardApp\ best/DDDDS_Test -Xcc -ivfsstatcache -Xcc /Users/vladimirsvh/Library/Developer/Xcode/DerivedData/SDKStatCaches.noindex/iphonesimulator18.4-22E235-71825a6d136aa4733edcbe86ece5525b.sdkstatcache -Xcc -I/Users/vladimirsvh/Library/Developer/Xcode/DerivedData/DDDDS_Test-baycaolwgxvqjmavfjwyeeqaloxx/Build/Intermediates.noindex/DDDDS_Test.build/Debug-iphonesimulator/DDDDS_Test.build/swift-overrides.hmap -Xcc -iquote -Xcc /Users/vladimirsvh/Library/Developer/Xcode/DerivedData/DDDDS_Test-baycaolwgxvqjmavfjwyeeqaloxx/Build/Intermediates.noindex/DDDDS_Test.build/Debug-iphonesimulator/DDDDS_Test.build/DDDDS_Test-generated-files.hmap -Xcc -I/Users/vladimirsvh/Library/Developer/Xcode/DerivedData/DDDDS_Test-baycaolwgxvqjmavfjwyeeqaloxx/Build/Intermediates.noindex/DDDDS_Test.build/Debug-iphonesimulator/DDDDS_Test.build/DDDDS_Test-own-target-headers.hmap -Xcc -I/Users/vladimirsvh/Library/Developer/Xcode/DerivedData/DDDDS_Test-baycaolwgxvqjmavfjwyeeqaloxx/Build/Intermediates.noindex/DDDDS_Test.build/Debug-iphonesimulator/DDDDS_Test.build/DDDDS_Test-all-target-headers.hmap -Xcc -iquote -Xcc /Users/vladimirsvh/Library/Developer/Xcode/DerivedData/DDDDS_Test-baycaolwgxvqjmavfjwyeeqaloxx/Build/Intermediates.noindex/DDDDS_Test.build/Debug-iphonesimulator/DDDDS_Test.build/DDDDS_Test-project-headers.hmap -Xcc -I/Users/vladimirsvh/Library/Developer/Xcode/DerivedData/DDDDS_Test-baycaolwgxvqjmavfjwyeeqaloxx/Build/Products/Debug-iphonesimulator/include -Xcc -I/Users/vladimirsvh/Library/Developer/Xcode/DerivedData/DDDDS_Test-baycaolwgxvqjmavfjwyeeqaloxx/Build/Intermediates.noindex/DDDDS_Test.build/Debug-iphonesimulator/DDDDS_Test.build/DerivedSources-normal/arm64 -Xcc -I/Users/vladimirsvh/Library/Developer/Xcode/DerivedData/DDDDS_Test-baycaolwgxvqjmavfjwyeeqaloxx/Build/Intermediates.noindex/DDDDS_Test.build/Debug-iphonesimulator/DDDDS_Test.build/DerivedSources/arm64 -Xcc -I/Users/vladimirsvh/Library/Developer/Xcode/DerivedData/DDDDS_Test-baycaolwgxvqjmavfjwyeeqaloxx/Build/Intermediates.noindex/DDDDS_Test.build/Debug-iphonesimulator/DDDDS_Test.build/DerivedSources -Xcc -DDEBUG\=1 -module-name DDDDS_Test -frontend-parseable-output -disable-clang-spi -target-sdk-version 18.4 -target-sdk-name iphonesimulator18.4 -external-plugin-path /Applications/Xcode.app/Contents/Developer/Platforms/iPhoneOS.platform/Developer/usr/lib/swift/host/plugins\#/Applications/Xcode.app/Contents/Developer/Platforms/iPhoneOS.platform/Developer/usr/bin/swift-plugin-server -external-plugin-path /Applications/Xcode.app/Contents/Developer/Platforms/iPhoneOS.platform/Developer/usr/local/lib/swift/host/plugins\#/Applications/Xcode.app/Contents/Developer/Platforms/iPhoneOS.platform/Developer/usr/bin/swift-plugin-server -in-process-plugin-server-path /Applications/Xcode.app/Contents/Developer/Toolchains/XcodeDefault.xctoolchain/usr/lib/swift/host/libSwiftInProcPluginServer.dylib -plugin-path /Applications/Xcode.app/Contents/Developer/Toolchains/XcodeDefault.xctoolchain/usr/lib/swift/host/plugins -plugin-path /Applications/Xcode.app/Contents/Developer/Toolchains/XcodeDefault.xctoolchain/usr/local/lib/swift/host/plugins -o /Users/vladimirsvh/Library/Developer/Xcode/DerivedData/DDDDS_Test-baycaolwgxvqjmavfjwyeeqaloxx/Build/Intermediates.noindex/DDDDS_Test.build/Debug-iphonesimulator/DDDDS_Test.build/Objects-normal/arm64/DesignSystem.o -o /Users/vladimirsvh/Library/Developer/Xcode/DerivedData/DDDDS_Test-baycaolwgxvqjmavfjwyeeqaloxx/Build/Intermediates.noindex/DDDDS_Test.build/Debug-iphonesimulator/DDDDS_Test.build/Objects-normal/arm64/ContentView.o -index-unit-output-path /DDDDS_Test.build/Debug-iphonesimulator/DDDDS_Test.build/Objects-normal/arm64/DesignSystem.o -index-unit-output-path /DDDDS_Test.build/Debug-iphonesimulator/DDDDS_Test.build/Objects-normal/arm64/ContentView.o -index-store-path /Users/vladimirsvh/Library/Developer/Xcode/DerivedData/DDDDS_Test-baycaolwgxvqjmavfjwyeeqaloxx/Index.noindex/DataStore -index-system-modules
    
    
    Compile DesignSystem.swift (arm64):
    /Users/vladimirsvh/Desktop/MyDashboardApp best/DDDDS_Test/DDDDS_Test/Dashboard/Widgets/TasksWidgetView.swift:2:1: error: expressions are not allowed at the top level
    backgroundColor = UIColor(hex: "#F65D2C").withAlphaComponent(0.1)
    ^
    /Users/vladimirsvh/Desktop/MyDashboardApp best/DDDDS_Test/DDDDS_Test/Dashboard/Widgets/TasksWidgetView.swift:3:1: error: expressions are not allowed at the top level
    titleLabel.text = "Tasks"
    ^
    /Users/vladimirsvh/Desktop/MyDashboardApp best/DDDDS_Test/DDDDS_Test/Dashboard/Widgets/DiaryWidgetView.swift:2:1: error: expressions are not allowed at the top level
    backgroundColor = UIColor(hex: "#F42012").withAlphaComponent(0.1)
    ^
    /Users/vladimirsvh/Desktop/MyDashboardApp best/DDDDS_Test/DDDDS_Test/Dashboard/Widgets/DiaryWidgetView.swift:3:1: error: expressions are not allowed at the top level
    titleLabel.text = "Diary"
    ^
    /Users/vladimirsvh/Desktop/MyDashboardApp best/DDDDS_Test/DDDDS_Test/Dashboard/Widgets/BodyWidgetView.swift:2:1: error: expressions are not allowed at the top level
    backgroundColor = UIColor(hex: "#E32D5F").withAlphaComponent(0.1)
    ^
    /Users/vladimirsvh/Desktop/MyDashboardApp best/DDDDS_Test/DDDDS_Test/Dashboard/Widgets/BodyWidgetView.swift:3:1: error: expressions are not allowed at the top level
    titleLabel.text = "Body"
    ^
    
    
    Compile ContentView.swift (arm64):
    /Users/vladimirsvh/Desktop/MyDashboardApp best/DDDDS_Test/DDDDS_Test/Dashboard/Widgets/TasksWidgetView.swift:2:1: error: expressions are not allowed at the top level
    backgroundColor = UIColor(hex: "#F65D2C").withAlphaComponent(0.1)
    ^
    /Users/vladimirsvh/Desktop/MyDashboardApp best/DDDDS_Test/DDDDS_Test/Dashboard/Widgets/TasksWidgetView.swift:3:1: error: expressions are not allowed at the top level
    titleLabel.text = "Tasks"
    ^
    /Users/vladimirsvh/Desktop/MyDashboardApp best/DDDDS_Test/DDDDS_Test/Dashboard/Widgets/DiaryWidgetView.swift:2:1: error: expressions are not allowed at the top level
    backgroundColor = UIColor(hex: "#F42012").withAlphaComponent(0.1)
    ^
    /Users/vladimirsvh/Desktop/MyDashboardApp best/DDDDS_Test/DDDDS_Test/Dashboard/Widgets/DiaryWidgetView.swift:3:1: error: expressions are not allowed at the top level
    titleLabel.text = "Diary"
    ^
    /Users/vladimirsvh/Desktop/MyDashboardApp best/DDDDS_Test/DDDDS_Test/Dashboard/Widgets/BodyWidgetView.swift:2:1: error: expressions are not allowed at the top level
    backgroundColor = UIColor(hex: "#E32D5F").withAlphaComponent(0.1)
    ^
    /Users/vladimirsvh/Desktop/MyDashboardApp best/DDDDS_Test/DDDDS_Test/Dashboard/Widgets/BodyWidgetView.swift:3:1: error: expressions are not allowed at the top level
    titleLabel.text = "Body"
    ^
    
    
    Compiling HabitsWidgetView.swift, MoneyWidgetView.swift:
    Failed frontend command:
    /Applications/Xcode.app/Contents/Developer/Toolchains/XcodeDefault.xctoolchain/usr/bin/swift-frontend -frontend -c /Users/vladimirsvh/Desktop/MyDashboardApp\ best/DDDDS_Test/DDDDS_Test/Dashboard/AppDelegate.swift /Users/vladimirsvh/Desktop/MyDashboardApp\ best/DDDDS_Test/DDDDS_Test/Dashboard/Support/Extensions.swift -primary-file /Users/vladimirsvh/Desktop/MyDashboardApp\ best/DDDDS_Test/DDDDS_Test/Dashboard/Widgets/HabitsWidgetView.swift -primary-file /Users/vladimirsvh/Desktop/MyDashboardApp\ best/DDDDS_Test/DDDDS_Test/Dashboard/Widgets/MoneyWidgetView.swift /Users/vladimirsvh/Desktop/MyDashboardApp\ best/DDDDS_Test/DDDDS_Test/Dashboard/Support/DesignSystem.swift /Users/vladimirsvh/Desktop/MyDashboardApp\ best/DDDDS_Test/DDDDS_Test/ContentView.swift /Users/vladimirsvh/Desktop/MyDashboardApp\ best/DDDDS_Test/DDDDS_Test/Dashboard/Widgets/TasksWidgetView.swift /Users/vladimirsvh/Desktop/MyDashboardApp\ best/DDDDS_Test/DDDDS_Test/Dashboard/Widgets/DiaryWidgetView.swift /Users/vladimirsvh/Desktop/MyDashboardApp\ best/DDDDS_Test/DDDDS_Test/Dashboard/DashboardViewController.swift /Users/vladimirsvh/Desktop/MyDashboardApp\ best/DDDDS_Test/DDDDS_Test/Dashboard/Widgets/BodyWidgetView.swift /Users/vladimirsvh/Desktop/MyDashboardApp\ best/DDDDS_Test/DDDDS_Test/DDDDS_TestApp.swift /Users/vladimirsvh/Library/Developer/Xcode/DerivedData/DDDDS_Test-baycaolwgxvqjmavfjwyeeqaloxx/Build/Intermediates.noindex/DDDDS_Test.build/Debug-iphonesimulator/DDDDS_Test.build/DerivedSources/GeneratedAssetSymbols.swift -emit-dependencies-path /Users/vladimirsvh/Library/Developer/Xcode/DerivedData/DDDDS_Test-baycaolwgxvqjmavfjwyeeqaloxx/Build/Intermediates.noindex/DDDDS_Test.build/Debug-iphonesimulator/DDDDS_Test.build/Objects-normal/arm64/HabitsWidgetView.d -emit-const-values-path /Users/vladimirsvh/Library/Developer/Xcode/DerivedData/DDDDS_Test-baycaolwgxvqjmavfjwyeeqaloxx/Build/Intermediates.noindex/DDDDS_Test.build/Debug-iphonesimulator/DDDDS_Test.build/Objects-normal/arm64/HabitsWidgetView.swiftconstvalues -emit-reference-dependencies-path /Users/vladimirsvh/Library/Developer/Xcode/DerivedData/DDDDS_Test-baycaolwgxvqjmavfjwyeeqaloxx/Build/Intermediates.noindex/DDDDS_Test.build/Debug-iphonesimulator/DDDDS_Test.build/Objects-normal/arm64/HabitsWidgetView.swiftdeps -serialize-diagnostics-path /Users/vladimirsvh/Library/Developer/Xcode/DerivedData/DDDDS_Test-baycaolwgxvqjmavfjwyeeqaloxx/Build/Intermediates.noindex/DDDDS_Test.build/Debug-iphonesimulator/DDDDS_Test.build/Objects-normal/arm64/HabitsWidgetView.dia -emit-dependencies-path /Users/vladimirsvh/Library/Developer/Xcode/DerivedData/DDDDS_Test-baycaolwgxvqjmavfjwyeeqaloxx/Build/Intermediates.noindex/DDDDS_Test.build/Debug-iphonesimulator/DDDDS_Test.build/Objects-normal/arm64/MoneyWidgetView.d -emit-const-values-path /Users/vladimirsvh/Library/Developer/Xcode/DerivedData/DDDDS_Test-baycaolwgxvqjmavfjwyeeqaloxx/Build/Intermediates.noindex/DDDDS_Test.build/Debug-iphonesimulator/DDDDS_Test.build/Objects-normal/arm64/MoneyWidgetView.swiftconstvalues -emit-reference-dependencies-path /Users/vladimirsvh/Library/Developer/Xcode/DerivedData/DDDDS_Test-baycaolwgxvqjmavfjwyeeqaloxx/Build/Intermediates.noindex/DDDDS_Test.build/Debug-iphonesimulator/DDDDS_Test.build/Objects-normal/arm64/MoneyWidgetView.swiftdeps -serialize-diagnostics-path /Users/vladimirsvh/Library/Developer/Xcode/DerivedData/DDDDS_Test-baycaolwgxvqjmavfjwyeeqaloxx/Build/Intermediates.noindex/DDDDS_Test.build/Debug-iphonesimulator/DDDDS_Test.build/Objects-normal/arm64/MoneyWidgetView.dia -emit-localized-strings -emit-localized-strings-path /Users/vladimirsvh/Library/Developer/Xcode/DerivedData/DDDDS_Test-baycaolwgxvqjmavfjwyeeqaloxx/Build/Intermediates.noindex/DDDDS_Test.build/Debug-iphonesimulator/DDDDS_Test.build/Objects-normal/arm64 -target arm64-apple-ios18.4-simulator -Xllvm -aarch64-use-tbi -enable-objc-interop -sdk /Applications/Xcode.app/Contents/Developer/Platforms/iPhoneSimulator.platform/Developer/SDKs/iPhoneSimulator18.4.sdk -I /Users/vladimirsvh/Library/Developer/Xcode/DerivedData/DDDDS_Test-baycaolwgxvqjmavfjwyeeqaloxx/Build/Products/Debug-iphonesimulator -F /Users/vladimirsvh/Library/Developer/Xcode/DerivedData/DDDDS_Test-baycaolwgxvqjmavfjwyeeqaloxx/Build/Products/Debug-iphonesimulator -no-color-diagnostics -enable-testing -g -debug-info-format\=dwarf -dwarf-version\=5 -module-cache-path /Users/vladimirsvh/Library/Developer/Xcode/DerivedData/ModuleCache.noindex -swift-version 5 -enforce-exclusivity\=checked -Onone -D DEBUG -serialize-debugging-options -const-gather-protocols-file /Users/vladimirsvh/Library/Developer/Xcode/DerivedData/DDDDS_Test-baycaolwgxvqjmavfjwyeeqaloxx/Build/Intermediates.noindex/DDDDS_Test.build/Debug-iphonesimulator/DDDDS_Test.build/Objects-normal/arm64/DDDDS_Test_const_extract_protocols.json -enable-experimental-feature DebugDescriptionMacro -enable-bare-slash-regex -empty-abi-descriptor -validate-clang-modules-once -clang-build-session-file /Users/vladimirsvh/Library/Developer/Xcode/DerivedData/ModuleCache.noindex/Session.modulevalidation -Xcc -working-directory -Xcc /Users/vladimirsvh/Desktop/MyDashboardApp\ best/DDDDS_Test -resource-dir /Applications/Xcode.app/Contents/Developer/Toolchains/XcodeDefault.xctoolchain/usr/lib/swift -enable-anonymous-context-mangled-names -file-compilation-dir /Users/vladimirsvh/Desktop/MyDashboardApp\ best/DDDDS_Test -Xcc -ivfsstatcache -Xcc /Users/vladimirsvh/Library/Developer/Xcode/DerivedData/SDKStatCaches.noindex/iphonesimulator18.4-22E235-71825a6d136aa4733edcbe86ece5525b.sdkstatcache -Xcc -I/Users/vladimirsvh/Library/Developer/Xcode/DerivedData/DDDDS_Test-baycaolwgxvqjmavfjwyeeqaloxx/Build/Intermediates.noindex/DDDDS_Test.build/Debug-iphonesimulator/DDDDS_Test.build/swift-overrides.hmap -Xcc -iquote -Xcc /Users/vladimirsvh/Library/Developer/Xcode/DerivedData/DDDDS_Test-baycaolwgxvqjmavfjwyeeqaloxx/Build/Intermediates.noindex/DDDDS_Test.build/Debug-iphonesimulator/DDDDS_Test.build/DDDDS_Test-generated-files.hmap -Xcc -I/Users/vladimirsvh/Library/Developer/Xcode/DerivedData/DDDDS_Test-baycaolwgxvqjmavfjwyeeqaloxx/Build/Intermediates.noindex/DDDDS_Test.build/Debug-iphonesimulator/DDDDS_Test.build/DDDDS_Test-own-target-headers.hmap -Xcc -I/Users/vladimirsvh/Library/Developer/Xcode/DerivedData/DDDDS_Test-baycaolwgxvqjmavfjwyeeqaloxx/Build/Intermediates.noindex/DDDDS_Test.build/Debug-iphonesimulator/DDDDS_Test.build/DDDDS_Test-all-target-headers.hmap -Xcc -iquote -Xcc /Users/vladimirsvh/Library/Developer/Xcode/DerivedData/DDDDS_Test-baycaolwgxvqjmavfjwyeeqaloxx/Build/Intermediates.noindex/DDDDS_Test.build/Debug-iphonesimulator/DDDDS_Test.build/DDDDS_Test-project-headers.hmap -Xcc -I/Users/vladimirsvh/Library/Developer/Xcode/DerivedData/DDDDS_Test-baycaolwgxvqjmavfjwyeeqaloxx/Build/Products/Debug-iphonesimulator/include -Xcc -I/Users/vladimirsvh/Library/Developer/Xcode/DerivedData/DDDDS_Test-baycaolwgxvqjmavfjwyeeqaloxx/Build/Intermediates.noindex/DDDDS_Test.build/Debug-iphonesimulator/DDDDS_Test.build/DerivedSources-normal/arm64 -Xcc -I/Users/vladimirsvh/Library/Developer/Xcode/DerivedData/DDDDS_Test-baycaolwgxvqjmavfjwyeeqaloxx/Build/Intermediates.noindex/DDDDS_Test.build/Debug-iphonesimulator/DDDDS_Test.build/DerivedSources/arm64 -Xcc -I/Users/vladimirsvh/Library/Developer/Xcode/DerivedData/DDDDS_Test-baycaolwgxvqjmavfjwyeeqaloxx/Build/Intermediates.noindex/DDDDS_Test.build/Debug-iphonesimulator/DDDDS_Test.build/DerivedSources -Xcc -DDEBUG\=1 -module-name DDDDS_Test -frontend-parseable-output -disable-clang-spi -target-sdk-version 18.4 -target-sdk-name iphonesimulator18.4 -external-plugin-path /Applications/Xcode.app/Contents/Developer/Platforms/iPhoneOS.platform/Developer/usr/lib/swift/host/plugins\#/Applications/Xcode.app/Contents/Developer/Platforms/iPhoneOS.platform/Developer/usr/bin/swift-plugin-server -external-plugin-path /Applications/Xcode.app/Contents/Developer/Platforms/iPhoneOS.platform/Developer/usr/local/lib/swift/host/plugins\#/Applications/Xcode.app/Contents/Developer/Platforms/iPhoneOS.platform/Developer/usr/bin/swift-plugin-server -in-process-plugin-server-path /Applications/Xcode.app/Contents/Developer/Toolchains/XcodeDefault.xctoolchain/usr/lib/swift/host/libSwiftInProcPluginServer.dylib -plugin-path /Applications/Xcode.app/Contents/Developer/Toolchains/XcodeDefault.xctoolchain/usr/lib/swift/host/plugins -plugin-path /Applications/Xcode.app/Contents/Developer/Toolchains/XcodeDefault.xctoolchain/usr/local/lib/swift/host/plugins -o /Users/vladimirsvh/Library/Developer/Xcode/DerivedData/DDDDS_Test-baycaolwgxvqjmavfjwyeeqaloxx/Build/Intermediates.noindex/DDDDS_Test.build/Debug-iphonesimulator/DDDDS_Test.build/Objects-normal/arm64/HabitsWidgetView.o -o /Users/vladimirsvh/Library/Developer/Xcode/DerivedData/DDDDS_Test-baycaolwgxvqjmavfjwyeeqaloxx/Build/Intermediates.noindex/DDDDS_Test.build/Debug-iphonesimulator/DDDDS_Test.build/Objects-normal/arm64/MoneyWidgetView.o -index-unit-output-path /DDDDS_Test.build/Debug-iphonesimulator/DDDDS_Test.build/Objects-normal/arm64/HabitsWidgetView.o -index-unit-output-path /DDDDS_Test.build/Debug-iphonesimulator/DDDDS_Test.build/Objects-normal/arm64/MoneyWidgetView.o -index-store-path /Users/vladimirsvh/Library/Developer/Xcode/DerivedData/DDDDS_Test-baycaolwgxvqjmavfjwyeeqaloxx/Index.noindex/DataStore -index-system-modules
    
    
    Compile HabitsWidgetView.swift (arm64):
    /Users/vladimirsvh/Desktop/MyDashboardApp best/DDDDS_Test/DDDDS_Test/Dashboard/Widgets/TasksWidgetView.swift:2:1: error: expressions are not allowed at the top level
    backgroundColor = UIColor(hex: "#F65D2C").withAlphaComponent(0.1)
    ^
    /Users/vladimirsvh/Desktop/MyDashboardApp best/DDDDS_Test/DDDDS_Test/Dashboard/Widgets/TasksWidgetView.swift:3:1: error: expressions are not allowed at the top level
    titleLabel.text = "Tasks"
    ^
    /Users/vladimirsvh/Desktop/MyDashboardApp best/DDDDS_Test/DDDDS_Test/Dashboard/Widgets/DiaryWidgetView.swift:2:1: error: expressions are not allowed at the top level
    backgroundColor = UIColor(hex: "#F42012").withAlphaComponent(0.1)
    ^
    /Users/vladimirsvh/Desktop/MyDashboardApp best/DDDDS_Test/DDDDS_Test/Dashboard/Widgets/DiaryWidgetView.swift:3:1: error: expressions are not allowed at the top level
    titleLabel.text = "Diary"
    ^
    /Users/vladimirsvh/Desktop/MyDashboardApp best/DDDDS_Test/DDDDS_Test/Dashboard/Widgets/BodyWidgetView.swift:2:1: error: expressions are not allowed at the top level
    backgroundColor = UIColor(hex: "#E32D5F").withAlphaComponent(0.1)
    ^
    /Users/vladimirsvh/Desktop/MyDashboardApp best/DDDDS_Test/DDDDS_Test/Dashboard/Widgets/BodyWidgetView.swift:3:1: error: expressions are not allowed at the top level
    titleLabel.text = "Body"
    ^
    /Users/vladimirsvh/Desktop/MyDashboardApp best/DDDDS_Test/DDDDS_Test/Dashboard/Widgets/HabitsWidgetView.swift:16:1: error: 'required' initializer 'init(coder:)' must be provided by subclass of 'UIView'
    }
    ^
    /Applications/Xcode.app/Contents/Developer/Platforms/iPhoneSimulator.platform/Developer/SDKs/iPhoneSimulator18.4.sdk/System/Library/Frameworks/UIKit.framework/Headers/UIView.h:150:1: note: 'required' initializer is declared in superclass here
    - (nullable instancetype)initWithCoder:(NSCoder *)coder NS_DESIGNATED_INITIALIZER;
    ^
    
    
    Compile MoneyWidgetView.swift (arm64):
    /Users/vladimirsvh/Desktop/MyDashboardApp best/DDDDS_Test/DDDDS_Test/Dashboard/Widgets/TasksWidgetView.swift:2:1: error: expressions are not allowed at the top level
    backgroundColor = UIColor(hex: "#F65D2C").withAlphaComponent(0.1)
    ^
    /Users/vladimirsvh/Desktop/MyDashboardApp best/DDDDS_Test/DDDDS_Test/Dashboard/Widgets/TasksWidgetView.swift:3:1: error: expressions are not allowed at the top level
    titleLabel.text = "Tasks"
    ^
    /Users/vladimirsvh/Desktop/MyDashboardApp best/DDDDS_Test/DDDDS_Test/Dashboard/Widgets/DiaryWidgetView.swift:2:1: error: expressions are not allowed at the top level
    backgroundColor = UIColor(hex: "#F42012").withAlphaComponent(0.1)
    ^
    /Users/vladimirsvh/Desktop/MyDashboardApp best/DDDDS_Test/DDDDS_Test/Dashboard/Widgets/DiaryWidgetView.swift:3:1: error: expressions are not allowed at the top level
    titleLabel.text = "Diary"
    ^
    /Users/vladimirsvh/Desktop/MyDashboardApp best/DDDDS_Test/DDDDS_Test/Dashboard/Widgets/BodyWidgetView.swift:2:1: error: expressions are not allowed at the top level
    backgroundColor = UIColor(hex: "#E32D5F").withAlphaComponent(0.1)
    ^
    /Users/vladimirsvh/Desktop/MyDashboardApp best/DDDDS_Test/DDDDS_Test/Dashboard/Widgets/BodyWidgetView.swift:3:1: error: expressions are not allowed at the top level
    titleLabel.text = "Body"
    ^
    /Users/vladimirsvh/Desktop/MyDashboardApp best/DDDDS_Test/DDDDS_Test/Dashboard/Widgets/MoneyWidgetView.swift:8:1: error: 'required' initializer 'init(coder:)' must be provided by subclass of 'UIView'
        
    ^
    /Applications/Xcode.app/Contents/Developer/Platforms/iPhoneSimulator.platform/Developer/SDKs/iPhoneSimulator18.4.sdk/System/Library/Frameworks/UIKit.framework/Headers/UIView.h:150:1: note: 'required' initializer is declared in superclass here
    - (nullable instancetype)initWithCoder:(NSCoder *)coder NS_DESIGNATED_INITIALIZER;
    ^
    
    
    Compiling DDDDS_TestApp.swift:
    Failed frontend command:
    /Applications/Xcode.app/Contents/Developer/Toolchains/XcodeDefault.xctoolchain/usr/bin/swift-frontend -frontend -c /Users/vladimirsvh/Desktop/MyDashboardApp\ best/DDDDS_Test/DDDDS_Test/Dashboard/AppDelegate.swift /Users/vladimirsvh/Desktop/MyDashboardApp\ best/DDDDS_Test/DDDDS_Test/Dashboard/Support/Extensions.swift /Users/vladimirsvh/Desktop/MyDashboardApp\ best/DDDDS_Test/DDDDS_Test/Dashboard/Widgets/HabitsWidgetView.swift /Users/vladimirsvh/Desktop/MyDashboardApp\ best/DDDDS_Test/DDDDS_Test/Dashboard/Widgets/MoneyWidgetView.swift /Users/vladimirsvh/Desktop/MyDashboardApp\ best/DDDDS_Test/DDDDS_Test/Dashboard/Support/DesignSystem.swift /Users/vladimirsvh/Desktop/MyDashboardApp\ best/DDDDS_Test/DDDDS_Test/ContentView.swift /Users/vladimirsvh/Desktop/MyDashboardApp\ best/DDDDS_Test/DDDDS_Test/Dashboard/Widgets/TasksWidgetView.swift /Users/vladimirsvh/Desktop/MyDashboardApp\ best/DDDDS_Test/DDDDS_Test/Dashboard/Widgets/DiaryWidgetView.swift /Users/vladimirsvh/Desktop/MyDashboardApp\ best/DDDDS_Test/DDDDS_Test/Dashboard/DashboardViewController.swift /Users/vladimirsvh/Desktop/MyDashboardApp\ best/DDDDS_Test/DDDDS_Test/Dashboard/Widgets/BodyWidgetView.swift -primary-file /Users/vladimirsvh/Desktop/MyDashboardApp\ best/DDDDS_Test/DDDDS_Test/DDDDS_TestApp.swift /Users/vladimirsvh/Library/Developer/Xcode/DerivedData/DDDDS_Test-baycaolwgxvqjmavfjwyeeqaloxx/Build/Intermediates.noindex/DDDDS_Test.build/Debug-iphonesimulator/DDDDS_Test.build/DerivedSources/GeneratedAssetSymbols.swift -emit-dependencies-path /Users/vladimirsvh/Library/Developer/Xcode/DerivedData/DDDDS_Test-baycaolwgxvqjmavfjwyeeqaloxx/Build/Intermediates.noindex/DDDDS_Test.build/Debug-iphonesimulator/DDDDS_Test.build/Objects-normal/arm64/DDDDS_TestApp.d -emit-const-values-path /Users/vladimirsvh/Library/Developer/Xcode/DerivedData/DDDDS_Test-baycaolwgxvqjmavfjwyeeqaloxx/Build/Intermediates.noindex/DDDDS_Test.build/Debug-iphonesimulator/DDDDS_Test.build/Objects-normal/arm64/DDDDS_TestApp.swiftconstvalues -emit-reference-dependencies-path /Users/vladimirsvh/Library/Developer/Xcode/DerivedData/DDDDS_Test-baycaolwgxvqjmavfjwyeeqaloxx/Build/Intermediates.noindex/DDDDS_Test.build/Debug-iphonesimulator/DDDDS_Test.build/Objects-normal/arm64/DDDDS_TestApp.swiftdeps -serialize-diagnostics-path /Users/vladimirsvh/Library/Developer/Xcode/DerivedData/DDDDS_Test-baycaolwgxvqjmavfjwyeeqaloxx/Build/Intermediates.noindex/DDDDS_Test.build/Debug-iphonesimulator/DDDDS_Test.build/Objects-normal/arm64/DDDDS_TestApp.dia -emit-localized-strings -emit-localized-strings-path /Users/vladimirsvh/Library/Developer/Xcode/DerivedData/DDDDS_Test-baycaolwgxvqjmavfjwyeeqaloxx/Build/Intermediates.noindex/DDDDS_Test.build/Debug-iphonesimulator/DDDDS_Test.build/Objects-normal/arm64 -target arm64-apple-ios18.4-simulator -Xllvm -aarch64-use-tbi -enable-objc-interop -sdk /Applications/Xcode.app/Contents/Developer/Platforms/iPhoneSimulator.platform/Developer/SDKs/iPhoneSimulator18.4.sdk -I /Users/vladimirsvh/Library/Developer/Xcode/DerivedData/DDDDS_Test-baycaolwgxvqjmavfjwyeeqaloxx/Build/Products/Debug-iphonesimulator -F /Users/vladimirsvh/Library/Developer/Xcode/DerivedData/DDDDS_Test-baycaolwgxvqjmavfjwyeeqaloxx/Build/Products/Debug-iphonesimulator -no-color-diagnostics -enable-testing -g -debug-info-format\=dwarf -dwarf-version\=5 -module-cache-path /Users/vladimirsvh/Library/Developer/Xcode/DerivedData/ModuleCache.noindex -swift-version 5 -enforce-exclusivity\=checked -Onone -D DEBUG -serialize-debugging-options -const-gather-protocols-file /Users/vladimirsvh/Library/Developer/Xcode/DerivedData/DDDDS_Test-baycaolwgxvqjmavfjwyeeqaloxx/Build/Intermediates.noindex/DDDDS_Test.build/Debug-iphonesimulator/DDDDS_Test.build/Objects-normal/arm64/DDDDS_Test_const_extract_protocols.json -enable-experimental-feature DebugDescriptionMacro -enable-bare-slash-regex -empty-abi-descriptor -validate-clang-modules-once -clang-build-session-file /Users/vladimirsvh/Library/Developer/Xcode/DerivedData/ModuleCache.noindex/Session.modulevalidation -Xcc -working-directory -Xcc /Users/vladimirsvh/Desktop/MyDashboardApp\ best/DDDDS_Test -resource-dir /Applications/Xcode.app/Contents/Developer/Toolchains/XcodeDefault.xctoolchain/usr/lib/swift -enable-anonymous-context-mangled-names -file-compilation-dir /Users/vladimirsvh/Desktop/MyDashboardApp\ best/DDDDS_Test -Xcc -ivfsstatcache -Xcc /Users/vladimirsvh/Library/Developer/Xcode/DerivedData/SDKStatCaches.noindex/iphonesimulator18.4-22E235-71825a6d136aa4733edcbe86ece5525b.sdkstatcache -Xcc -I/Users/vladimirsvh/Library/Developer/Xcode/DerivedData/DDDDS_Test-baycaolwgxvqjmavfjwyeeqaloxx/Build/Intermediates.noindex/DDDDS_Test.build/Debug-iphonesimulator/DDDDS_Test.build/swift-overrides.hmap -Xcc -iquote -Xcc /Users/vladimirsvh/Library/Developer/Xcode/DerivedData/DDDDS_Test-baycaolwgxvqjmavfjwyeeqaloxx/Build/Intermediates.noindex/DDDDS_Test.build/Debug-iphonesimulator/DDDDS_Test.build/DDDDS_Test-generated-files.hmap -Xcc -I/Users/vladimirsvh/Library/Developer/Xcode/DerivedData/DDDDS_Test-baycaolwgxvqjmavfjwyeeqaloxx/Build/Intermediates.noindex/DDDDS_Test.build/Debug-iphonesimulator/DDDDS_Test.build/DDDDS_Test-own-target-headers.hmap -Xcc -I/Users/vladimirsvh/Library/Developer/Xcode/DerivedData/DDDDS_Test-baycaolwgxvqjmavfjwyeeqaloxx/Build/Intermediates.noindex/DDDDS_Test.build/Debug-iphonesimulator/DDDDS_Test.build/DDDDS_Test-all-target-headers.hmap -Xcc -iquote -Xcc /Users/vladimirsvh/Library/Developer/Xcode/DerivedData/DDDDS_Test-baycaolwgxvqjmavfjwyeeqaloxx/Build/Intermediates.noindex/DDDDS_Test.build/Debug-iphonesimulator/DDDDS_Test.build/DDDDS_Test-project-headers.hmap -Xcc -I/Users/vladimirsvh/Library/Developer/Xcode/DerivedData/DDDDS_Test-baycaolwgxvqjmavfjwyeeqaloxx/Build/Products/Debug-iphonesimulator/include -Xcc -I/Users/vladimirsvh/Library/Developer/Xcode/DerivedData/DDDDS_Test-baycaolwgxvqjmavfjwyeeqaloxx/Build/Intermediates.noindex/DDDDS_Test.build/Debug-iphonesimulator/DDDDS_Test.build/DerivedSources-normal/arm64 -Xcc -I/Users/vladimirsvh/Library/Developer/Xcode/DerivedData/DDDDS_Test-baycaolwgxvqjmavfjwyeeqaloxx/Build/Intermediates.noindex/DDDDS_Test.build/Debug-iphonesimulator/DDDDS_Test.build/DerivedSources/arm64 -Xcc -I/Users/vladimirsvh/Library/Developer/Xcode/DerivedData/DDDDS_Test-baycaolwgxvqjmavfjwyeeqaloxx/Build/Intermediates.noindex/DDDDS_Test.build/Debug-iphonesimulator/DDDDS_Test.build/DerivedSources -Xcc -DDEBUG\=1 -module-name DDDDS_Test -frontend-parseable-output -disable-clang-spi -target-sdk-version 18.4 -target-sdk-name iphonesimulator18.4 -external-plugin-path /Applications/Xcode.app/Contents/Developer/Platforms/iPhoneOS.platform/Developer/usr/lib/swift/host/plugins\#/Applications/Xcode.app/Contents/Developer/Platforms/iPhoneOS.platform/Developer/usr/bin/swift-plugin-server -external-plugin-path /Applications/Xcode.app/Contents/Developer/Platforms/iPhoneOS.platform/Developer/usr/local/lib/swift/host/plugins\#/Applications/Xcode.app/Contents/Developer/Platforms/iPhoneOS.platform/Developer/usr/bin/swift-plugin-server -in-process-plugin-server-path /Applications/Xcode.app/Contents/Developer/Toolchains/XcodeDefault.xctoolchain/usr/lib/swift/host/libSwiftInProcPluginServer.dylib -plugin-path /Applications/Xcode.app/Contents/Developer/Toolchains/XcodeDefault.xctoolchain/usr/lib/swift/host/plugins -plugin-path /Applications/Xcode.app/Contents/Developer/Toolchains/XcodeDefault.xctoolchain/usr/local/lib/swift/host/plugins -o /Users/vladimirsvh/Library/Developer/Xcode/DerivedData/DDDDS_Test-baycaolwgxvqjmavfjwyeeqaloxx/Build/Intermediates.noindex/DDDDS_Test.build/Debug-iphonesimulator/DDDDS_Test.build/Objects-normal/arm64/DDDDS_TestApp.o -index-unit-output-path /DDDDS_Test.build/Debug-iphonesimulator/DDDDS_Test.build/Objects-normal/arm64/DDDDS_TestApp.o -index-store-path /Users/vladimirsvh/Library/Developer/Xcode/DerivedData/DDDDS_Test-baycaolwgxvqjmavfjwyeeqaloxx/Index.noindex/DataStore -index-system-modules
    
    
    Compile DDDDS_TestApp.swift (arm64):
    /Users/vladimirsvh/Desktop/MyDashboardApp best/DDDDS_Test/DDDDS_Test/Dashboard/Widgets/TasksWidgetView.swift:2:1: error: expressions are not allowed at the top level
    backgroundColor = UIColor(hex: "#F65D2C").withAlphaComponent(0.1)
    ^
    /Users/vladimirsvh/Desktop/MyDashboardApp best/DDDDS_Test/DDDDS_Test/Dashboard/Widgets/TasksWidgetView.swift:3:1: error: expressions are not allowed at the top level
    titleLabel.text = "Tasks"
    ^
    /Users/vladimirsvh/Desktop/MyDashboardApp best/DDDDS_Test/DDDDS_Test/Dashboard/Widgets/DiaryWidgetView.swift:2:1: error: expressions are not allowed at the top level
    backgroundColor = UIColor(hex: "#F42012").withAlphaComponent(0.1)
    ^
    /Users/vladimirsvh/Desktop/MyDashboardApp best/DDDDS_Test/DDDDS_Test/Dashboard/Widgets/DiaryWidgetView.swift:3:1: error: expressions are not allowed at the top level
    titleLabel.text = "Diary"
    ^
    /Users/vladimirsvh/Desktop/MyDashboardApp best/DDDDS_Test/DDDDS_Test/Dashboard/Widgets/BodyWidgetView.swift:2:1: error: expressions are not allowed at the top level
    backgroundColor = UIColor(hex: "#E32D5F").withAlphaComponent(0.1)
    ^
    /Users/vladimirsvh/Desktop/MyDashboardApp best/DDDDS_Test/DDDDS_Test/Dashboard/Widgets/BodyWidgetView.swift:3:1: error: expressions are not allowed at the top level
    titleLabel.text = "Body"
    ^
    
    
    Emitting module for DDDDS_Test:
    Failed frontend command:
    /Applications/Xcode.app/Contents/Developer/Toolchains/XcodeDefault.xctoolchain/usr/bin/swift-frontend -frontend -emit-module -experimental-skip-non-inlinable-function-bodies-without-types /Users/vladimirsvh/Desktop/MyDashboardApp\ best/DDDDS_Test/DDDDS_Test/Dashboard/AppDelegate.swift /Users/vladimirsvh/Desktop/MyDashboardApp\ best/DDDDS_Test/DDDDS_Test/Dashboard/Support/Extensions.swift /Users/vladimirsvh/Desktop/MyDashboardApp\ best/DDDDS_Test/DDDDS_Test/Dashboard/Widgets/HabitsWidgetView.swift /Users/vladimirsvh/Desktop/MyDashboardApp\ best/DDDDS_Test/DDDDS_Test/Dashboard/Widgets/MoneyWidgetView.swift /Users/vladimirsvh/Desktop/MyDashboardApp\ best/DDDDS_Test/DDDDS_Test/Dashboard/Support/DesignSystem.swift /Users/vladimirsvh/Desktop/MyDashboardApp\ best/DDDDS_Test/DDDDS_Test/ContentView.swift /Users/vladimirsvh/Desktop/MyDashboardApp\ best/DDDDS_Test/DDDDS_Test/Dashboard/Widgets/TasksWidgetView.swift /Users/vladimirsvh/Desktop/MyDashboardApp\ best/DDDDS_Test/DDDDS_Test/Dashboard/Widgets/DiaryWidgetView.swift /Users/vladimirsvh/Desktop/MyDashboardApp\ best/DDDDS_Test/DDDDS_Test/Dashboard/DashboardViewController.swift /Users/vladimirsvh/Desktop/MyDashboardApp\ best/DDDDS_Test/DDDDS_Test/Dashboard/Widgets/BodyWidgetView.swift /Users/vladimirsvh/Desktop/MyDashboardApp\ best/DDDDS_Test/DDDDS_Test/DDDDS_TestApp.swift /Users/vladimirsvh/Library/Developer/Xcode/DerivedData/DDDDS_Test-baycaolwgxvqjmavfjwyeeqaloxx/Build/Intermediates.noindex/DDDDS_Test.build/Debug-iphonesimulator/DDDDS_Test.build/DerivedSources/GeneratedAssetSymbols.swift -target arm64-apple-ios18.4-simulator -Xllvm -aarch64-use-tbi -enable-objc-interop -sdk /Applications/Xcode.app/Contents/Developer/Platforms/iPhoneSimulator.platform/Developer/SDKs/iPhoneSimulator18.4.sdk -I /Users/vladimirsvh/Library/Developer/Xcode/DerivedData/DDDDS_Test-baycaolwgxvqjmavfjwyeeqaloxx/Build/Products/Debug-iphonesimulator -F /Users/vladimirsvh/Library/Developer/Xcode/DerivedData/DDDDS_Test-baycaolwgxvqjmavfjwyeeqaloxx/Build/Products/Debug-iphonesimulator -no-color-diagnostics -enable-testing -g -debug-info-format\=dwarf -dwarf-version\=5 -module-cache-path /Users/vladimirsvh/Library/Developer/Xcode/DerivedData/ModuleCache.noindex -swift-version 5 -enforce-exclusivity\=checked -Onone -D DEBUG -serialize-debugging-options -const-gather-protocols-file /Users/vladimirsvh/Library/Developer/Xcode/DerivedData/DDDDS_Test-baycaolwgxvqjmavfjwyeeqaloxx/Build/Intermediates.noindex/DDDDS_Test.build/Debug-iphonesimulator/DDDDS_Test.build/Objects-normal/arm64/DDDDS_Test_const_extract_protocols.json -enable-experimental-feature DebugDescriptionMacro -enable-bare-slash-regex -empty-abi-descriptor -validate-clang-modules-once -clang-build-session-file /Users/vladimirsvh/Library/Developer/Xcode/DerivedData/ModuleCache.noindex/Session.modulevalidation -Xcc -working-directory -Xcc /Users/vladimirsvh/Desktop/MyDashboardApp\ best/DDDDS_Test -resource-dir /Applications/Xcode.app/Contents/Developer/Toolchains/XcodeDefault.xctoolchain/usr/lib/swift -enable-anonymous-context-mangled-names -file-compilation-dir /Users/vladimirsvh/Desktop/MyDashboardApp\ best/DDDDS_Test -Xcc -ivfsstatcache -Xcc /Users/vladimirsvh/Library/Developer/Xcode/DerivedData/SDKStatCaches.noindex/iphonesimulator18.4-22E235-71825a6d136aa4733edcbe86ece5525b.sdkstatcache -Xcc -I/Users/vladimirsvh/Library/Developer/Xcode/DerivedData/DDDDS_Test-baycaolwgxvqjmavfjwyeeqaloxx/Build/Intermediates.noindex/DDDDS_Test.build/Debug-iphonesimulator/DDDDS_Test.build/swift-overrides.hmap -Xcc -iquote -Xcc /Users/vladimirsvh/Library/Developer/Xcode/DerivedData/DDDDS_Test-baycaolwgxvqjmavfjwyeeqaloxx/Build/Intermediates.noindex/DDDDS_Test.build/Debug-iphonesimulator/DDDDS_Test.build/DDDDS_Test-generated-files.hmap -Xcc -I/Users/vladimirsvh/Library/Developer/Xcode/DerivedData/DDDDS_Test-baycaolwgxvqjmavfjwyeeqaloxx/Build/Intermediates.noindex/DDDDS_Test.build/Debug-iphonesimulator/DDDDS_Test.build/DDDDS_Test-own-target-headers.hmap -Xcc -I/Users/vladimirsvh/Library/Developer/Xcode/DerivedData/DDDDS_Test-baycaolwgxvqjmavfjwyeeqaloxx/Build/Intermediates.noindex/DDDDS_Test.build/Debug-iphonesimulator/DDDDS_Test.build/DDDDS_Test-all-target-headers.hmap -Xcc -iquote -Xcc /Users/vladimirsvh/Library/Developer/Xcode/DerivedData/DDDDS_Test-baycaolwgxvqjmavfjwyeeqaloxx/Build/Intermediates.noindex/DDDDS_Test.build/Debug-iphonesimulator/DDDDS_Test.build/DDDDS_Test-project-headers.hmap -Xcc -I/Users/vladimirsvh/Library/Developer/Xcode/DerivedData/DDDDS_Test-baycaolwgxvqjmavfjwyeeqaloxx/Build/Products/Debug-iphonesimulator/include -Xcc -I/Users/vladimirsvh/Library/Developer/Xcode/DerivedData/DDDDS_Test-baycaolwgxvqjmavfjwyeeqaloxx/Build/Intermediates.noindex/DDDDS_Test.build/Debug-iphonesimulator/DDDDS_Test.build/DerivedSources-normal/arm64 -Xcc -I/Users/vladimirsvh/Library/Developer/Xcode/DerivedData/DDDDS_Test-baycaolwgxvqjmavfjwyeeqaloxx/Build/Intermediates.noindex/DDDDS_Test.build/Debug-iphonesimulator/DDDDS_Test.build/DerivedSources/arm64 -Xcc -I/Users/vladimirsvh/Library/Developer/Xcode/DerivedData/DDDDS_Test-baycaolwgxvqjmavfjwyeeqaloxx/Build/Intermediates.noindex/DDDDS_Test.build/Debug-iphonesimulator/DDDDS_Test.build/DerivedSources -Xcc -DDEBUG\=1 -module-name DDDDS_Test -frontend-parseable-output -disable-clang-spi -target-sdk-version 18.4 -target-sdk-name iphonesimulator18.4 -external-plugin-path /Applications/Xcode.app/Contents/Developer/Platforms/iPhoneOS.platform/Developer/usr/lib/swift/host/plugins\#/Applications/Xcode.app/Contents/Developer/Platforms/iPhoneOS.platform/Developer/usr/bin/swift-plugin-server -external-plugin-path /Applications/Xcode.app/Contents/Developer/Platforms/iPhoneOS.platform/Developer/usr/local/lib/swift/host/plugins\#/Applications/Xcode.app/Contents/Developer/Platforms/iPhoneOS.platform/Developer/usr/bin/swift-plugin-server -in-process-plugin-server-path /Applications/Xcode.app/Contents/Developer/Toolchains/XcodeDefault.xctoolchain/usr/lib/swift/host/libSwiftInProcPluginServer.dylib -plugin-path /Applications/Xcode.app/Contents/Developer/Toolchains/XcodeDefault.xctoolchain/usr/lib/swift/host/plugins -plugin-path /Applications/Xcode.app/Contents/Developer/Toolchains/XcodeDefault.xctoolchain/usr/local/lib/swift/host/plugins -emit-module-doc-path /Users/vladimirsvh/Library/Developer/Xcode/DerivedData/DDDDS_Test-baycaolwgxvqjmavfjwyeeqaloxx/Build/Intermediates.noindex/DDDDS_Test.build/Debug-iphonesimulator/DDDDS_Test.build/Objects-normal/arm64/DDDDS_Test.swiftdoc -emit-module-source-info-path /Users/vladimirsvh/Library/Developer/Xcode/DerivedData/DDDDS_Test-baycaolwgxvqjmavfjwyeeqaloxx/Build/Intermediates.noindex/DDDDS_Test.build/Debug-iphonesimulator/DDDDS_Test.build/Objects-normal/arm64/DDDDS_Test.swiftsourceinfo -emit-objc-header-path /Users/vladimirsvh/Library/Developer/Xcode/DerivedData/DDDDS_Test-baycaolwgxvqjmavfjwyeeqaloxx/Build/Intermediates.noindex/DDDDS_Test.build/Debug-iphonesimulator/DDDDS_Test.build/Objects-normal/arm64/DDDDS_Test-Swift.h -serialize-diagnostics-path /Users/vladimirsvh/Library/Developer/Xcode/DerivedData/DDDDS_Test-baycaolwgxvqjmavfjwyeeqaloxx/Build/Intermediates.noindex/DDDDS_Test.build/Debug-iphonesimulator/DDDDS_Test.build/Objects-normal/arm64/DDDDS_Test-master-emit-module.dia -emit-dependencies-path /Users/vladimirsvh/Library/Developer/Xcode/DerivedData/DDDDS_Test-baycaolwgxvqjmavfjwyeeqaloxx/Build/Intermediates.noindex/DDDDS_Test.build/Debug-iphonesimulator/DDDDS_Test.build/Objects-normal/arm64/DDDDS_Test-master-emit-module.d -o /Users/vladimirsvh/Library/Developer/Xcode/DerivedData/DDDDS_Test-baycaolwgxvqjmavfjwyeeqaloxx/Build/Intermediates.noindex/DDDDS_Test.build/Debug-iphonesimulator/DDDDS_Test.build/Objects-normal/arm64/DDDDS_Test.swiftmodule -emit-abi-descriptor-path /Users/vladimirsvh/Library/Developer/Xcode/DerivedData/DDDDS_Test-baycaolwgxvqjmavfjwyeeqaloxx/Build/Intermediates.noindex/DDDDS_Test.build/Debug-iphonesimulator/DDDDS_Test.build/Objects-normal/arm64/DDDDS_Test.abi.json
    
    
    Emit Swift module (arm64):
    /Users/vladimirsvh/Desktop/MyDashboardApp best/DDDDS_Test/DDDDS_Test/Dashboard/Widgets/TasksWidgetView.swift:2:1: error: expressions are not allowed at the top level
    backgroundColor = UIColor(hex: "#F65D2C").withAlphaComponent(0.1)
    ^
    /Users/vladimirsvh/Desktop/MyDashboardApp best/DDDDS_Test/DDDDS_Test/Dashboard/Widgets/TasksWidgetView.swift:3:1: error: expressions are not allowed at the top level
    titleLabel.text = "Tasks"
    ^
    /Users/vladimirsvh/Desktop/MyDashboardApp best/DDDDS_Test/DDDDS_Test/Dashboard/Widgets/DiaryWidgetView.swift:2:1: error: expressions are not allowed at the top level
    backgroundColor = UIColor(hex: "#F42012").withAlphaComponent(0.1)
    ^
    /Users/vladimirsvh/Desktop/MyDashboardApp best/DDDDS_Test/DDDDS_Test/Dashboard/Widgets/DiaryWidgetView.swift:3:1: error: expressions are not allowed at the top level
    titleLabel.text = "Diary"
    ^
    /Users/vladimirsvh/Desktop/MyDashboardApp best/DDDDS_Test/DDDDS_Test/Dashboard/Widgets/BodyWidgetView.swift:2:1: error: expressions are not allowed at the top level
    backgroundColor = UIColor(hex: "#E32D5F").withAlphaComponent(0.1)
    ^
    /Users/vladimirsvh/Desktop/MyDashboardApp best/DDDDS_Test/DDDDS_Test/Dashboard/Widgets/BodyWidgetView.swift:3:1: error: expressions are not allowed at the top level
    titleLabel.text = "Body"
    ^
    /Users/vladimirsvh/Desktop/MyDashboardApp best/DDDDS_Test/DDDDS_Test/Dashboard/AppDelegate.swift:2:33: error: cannot find type 'UIApplication' in scope
    func application(_ application: UIApplication, didFinishLaunchingWithOptions launchOptions: [UIApplication.LaunchOptionsKey: Any]?) -> Bool {
                                    ^~~~~~~~~~~~~
    /Users/vladimirsvh/Desktop/MyDashboardApp best/DDDDS_Test/DDDDS_Test/Dashboard/AppDelegate.swift:2:94: error: cannot find type 'UIApplication' in scope
    func application(_ application: UIApplication, didFinishLaunchingWithOptions launchOptions: [UIApplication.LaunchOptionsKey: Any]?) -> Bool {
                                                                                                 ^~~~~~~~~~~~~
    /Users/vladimirsvh/Desktop/MyDashboardApp best/DDDDS_Test/DDDDS_Test/Dashboard/Widgets/HabitsWidgetView.swift:16:1: error: 'required' initializer 'init(coder:)' must be provided by subclass of 'UIView'
    }
    ^
    /Applications/Xcode.app/Contents/Developer/Platforms/iPhoneSimulator.platform/Developer/SDKs/iPhoneSimulator18.4.sdk/System/Library/Frameworks/UIKit.framework/Headers/UIView.h:150:1: note: 'required' initializer is declared in superclass here
    - (nullable instancetype)initWithCoder:(NSCoder *)coder NS_DESIGNATED_INITIALIZER;
    ^
    /Users/vladimirsvh/Desktop/MyDashboardApp best/DDDDS_Test/DDDDS_Test/Dashboard/Widgets/MoneyWidgetView.swift:8:1: error: 'required' initializer 'init(coder:)' must be provided by subclass of 'UIView'
        
    ^
    /Applications/Xcode.app/Contents/Developer/Platforms/iPhoneSimulator.platform/Developer/SDKs/iPhoneSimulator18.4.sdk/System/Library/Frameworks/UIKit.framework/Headers/UIView.h:150:1: note: 'required' initializer is declared in superclass here
    - (nullable instancetype)initWithCoder:(NSCoder *)coder NS_DESIGNATED_INITIALIZER;
    ^
    /Users/vladimirsvh/Desktop/MyDashboardApp best/DDDDS_Test/DDDDS_Test/Dashboard/Widgets/TasksWidgetView.swift:2:1: error: cannot find 'backgroundColor' in scope
    backgroundColor = UIColor(hex: "#F65D2C").withAlphaComponent(0.1)
    ^~~~~~~~~~~~~~~
    /Users/vladimirsvh/Desktop/MyDashboardApp best/DDDDS_Test/DDDDS_Test/Dashboard/Widgets/TasksWidgetView.swift:2:19: error: cannot find 'UIColor' in scope
    backgroundColor = UIColor(hex: "#F65D2C").withAlphaComponent(0.1)
                      ^~~~~~~
    /Users/vladimirsvh/Desktop/MyDashboardApp best/DDDDS_Test/DDDDS_Test/Dashboard/Widgets/TasksWidgetView.swift:3:1: error: cannot find 'titleLabel' in scope
    titleLabel.text = "Tasks"
    ^~~~~~~~~~
    /Users/vladimirsvh/Desktop/MyDashboardApp best/DDDDS_Test/DDDDS_Test/Dashboard/Widgets/DiaryWidgetView.swift:2:1: error: cannot find 'backgroundColor' in scope
    backgroundColor = UIColor(hex: "#F42012").withAlphaComponent(0.1)
    ^~~~~~~~~~~~~~~
    /Users/vladimirsvh/Desktop/MyDashboardApp best/DDDDS_Test/DDDDS_Test/Dashboard/Widgets/DiaryWidgetView.swift:2:19: error: cannot find 'UIColor' in scope
    backgroundColor = UIColor(hex: "#F42012").withAlphaComponent(0.1)
                      ^~~~~~~
    /Users/vladimirsvh/Desktop/MyDashboardApp best/DDDDS_Test/DDDDS_Test/Dashboard/Widgets/DiaryWidgetView.swift:3:1: error: cannot find 'titleLabel' in scope
    titleLabel.text = "Diary"
    ^~~~~~~~~~
    /Users/vladimirsvh/Desktop/MyDashboardApp best/DDDDS_Test/DDDDS_Test/Dashboard/Widgets/BodyWidgetView.swift:2:1: error: cannot find 'backgroundColor' in scope
    backgroundColor = UIColor(hex: "#E32D5F").withAlphaComponent(0.1)
    ^~~~~~~~~~~~~~~
    /Users/vladimirsvh/Desktop/MyDashboardApp best/DDDDS_Test/DDDDS_Test/Dashboard/Widgets/BodyWidgetView.swift:2:19: error: cannot find 'UIColor' in scope
    backgroundColor = UIColor(hex: "#E32D5F").withAlphaComponent(0.1)
                      ^~~~~~~
    /Users/vladimirsvh/Desktop/MyDashboardApp best/DDDDS_Test/DDDDS_Test/Dashboard/Widgets/BodyWidgetView.swift:3:1: error: cannot find 'titleLabel' in scope
    titleLabel.text = "Body"
    ^~~~~~~~~~
    
    
    Compiling GeneratedAssetSymbols.swift:
    Failed frontend command:
    /Applications/Xcode.app/Contents/Developer/Toolchains/XcodeDefault.xctoolchain/usr/bin/swift-frontend -frontend -c /Users/vladimirsvh/Desktop/MyDashboardApp\ best/DDDDS_Test/DDDDS_Test/Dashboard/AppDelegate.swift /Users/vladimirsvh/Desktop/MyDashboardApp\ best/DDDDS_Test/DDDDS_Test/Dashboard/Support/Extensions.swift /Users/vladimirsvh/Desktop/MyDashboardApp\ best/DDDDS_Test/DDDDS_Test/Dashboard/Widgets/HabitsWidgetView.swift /Users/vladimirsvh/Desktop/MyDashboardApp\ best/DDDDS_Test/DDDDS_Test/Dashboard/Widgets/MoneyWidgetView.swift /Users/vladimirsvh/Desktop/MyDashboardApp\ best/DDDDS_Test/DDDDS_Test/Dashboard/Support/DesignSystem.swift /Users/vladimirsvh/Desktop/MyDashboardApp\ best/DDDDS_Test/DDDDS_Test/ContentView.swift /Users/vladimirsvh/Desktop/MyDashboardApp\ best/DDDDS_Test/DDDDS_Test/Dashboard/Widgets/TasksWidgetView.swift /Users/vladimirsvh/Desktop/MyDashboardApp\ best/DDDDS_Test/DDDDS_Test/Dashboard/Widgets/DiaryWidgetView.swift /Users/vladimirsvh/Desktop/MyDashboardApp\ best/DDDDS_Test/DDDDS_Test/Dashboard/DashboardViewController.swift /Users/vladimirsvh/Desktop/MyDashboardApp\ best/DDDDS_Test/DDDDS_Test/Dashboard/Widgets/BodyWidgetView.swift /Users/vladimirsvh/Desktop/MyDashboardApp\ best/DDDDS_Test/DDDDS_Test/DDDDS_TestApp.swift -primary-file /Users/vladimirsvh/Library/Developer/Xcode/DerivedData/DDDDS_Test-baycaolwgxvqjmavfjwyeeqaloxx/Build/Intermediates.noindex/DDDDS_Test.build/Debug-iphonesimulator/DDDDS_Test.build/DerivedSources/GeneratedAssetSymbols.swift -emit-dependencies-path /Users/vladimirsvh/Library/Developer/Xcode/DerivedData/DDDDS_Test-baycaolwgxvqjmavfjwyeeqaloxx/Build/Intermediates.noindex/DDDDS_Test.build/Debug-iphonesimulator/DDDDS_Test.build/Objects-normal/arm64/GeneratedAssetSymbols.d -emit-const-values-path /Users/vladimirsvh/Library/Developer/Xcode/DerivedData/DDDDS_Test-baycaolwgxvqjmavfjwyeeqaloxx/Build/Intermediates.noindex/DDDDS_Test.build/Debug-iphonesimulator/DDDDS_Test.build/Objects-normal/arm64/GeneratedAssetSymbols.swiftconstvalues -emit-reference-dependencies-path /Users/vladimirsvh/Library/Developer/Xcode/DerivedData/DDDDS_Test-baycaolwgxvqjmavfjwyeeqaloxx/Build/Intermediates.noindex/DDDDS_Test.build/Debug-iphonesimulator/DDDDS_Test.build/Objects-normal/arm64/GeneratedAssetSymbols.swiftdeps -serialize-diagnostics-path /Users/vladimirsvh/Library/Developer/Xcode/DerivedData/DDDDS_Test-baycaolwgxvqjmavfjwyeeqaloxx/Build/Intermediates.noindex/DDDDS_Test.build/Debug-iphonesimulator/DDDDS_Test.build/Objects-normal/arm64/GeneratedAssetSymbols.dia -emit-localized-strings -emit-localized-strings-path /Users/vladimirsvh/Library/Developer/Xcode/DerivedData/DDDDS_Test-baycaolwgxvqjmavfjwyeeqaloxx/Build/Intermediates.noindex/DDDDS_Test.build/Debug-iphonesimulator/DDDDS_Test.build/Objects-normal/arm64 -target arm64-apple-ios18.4-simulator -Xllvm -aarch64-use-tbi -enable-objc-interop -sdk /Applications/Xcode.app/Contents/Developer/Platforms/iPhoneSimulator.platform/Developer/SDKs/iPhoneSimulator18.4.sdk -I /Users/vladimirsvh/Library/Developer/Xcode/DerivedData/DDDDS_Test-baycaolwgxvqjmavfjwyeeqaloxx/Build/Products/Debug-iphonesimulator -F /Users/vladimirsvh/Library/Developer/Xcode/DerivedData/DDDDS_Test-baycaolwgxvqjmavfjwyeeqaloxx/Build/Products/Debug-iphonesimulator -no-color-diagnostics -enable-testing -g -debug-info-format\=dwarf -dwarf-version\=5 -module-cache-path /Users/vladimirsvh/Library/Developer/Xcode/DerivedData/ModuleCache.noindex -swift-version 5 -enforce-exclusivity\=checked -Onone -D DEBUG -serialize-debugging-options -const-gather-protocols-file /Users/vladimirsvh/Library/Developer/Xcode/DerivedData/DDDDS_Test-baycaolwgxvqjmavfjwyeeqaloxx/Build/Intermediates.noindex/DDDDS_Test.build/Debug-iphonesimulator/DDDDS_Test.build/Objects-normal/arm64/DDDDS_Test_const_extract_protocols.json -enable-experimental-feature DebugDescriptionMacro -enable-bare-slash-regex -empty-abi-descriptor -validate-clang-modules-once -clang-build-session-file /Users/vladimirsvh/Library/Developer/Xcode/DerivedData/ModuleCache.noindex/Session.modulevalidation -Xcc -working-directory -Xcc /Users/vladimirsvh/Desktop/MyDashboardApp\ best/DDDDS_Test -resource-dir /Applications/Xcode.app/Contents/Developer/Toolchains/XcodeDefault.xctoolchain/usr/lib/swift -enable-anonymous-context-mangled-names -file-compilation-dir /Users/vladimirsvh/Desktop/MyDashboardApp\ best/DDDDS_Test -Xcc -ivfsstatcache -Xcc /Users/vladimirsvh/Library/Developer/Xcode/DerivedData/SDKStatCaches.noindex/iphonesimulator18.4-22E235-71825a6d136aa4733edcbe86ece5525b.sdkstatcache -Xcc -I/Users/vladimirsvh/Library/Developer/Xcode/DerivedData/DDDDS_Test-baycaolwgxvqjmavfjwyeeqaloxx/Build/Intermediates.noindex/DDDDS_Test.build/Debug-iphonesimulator/DDDDS_Test.build/swift-overrides.hmap -Xcc -iquote -Xcc /Users/vladimirsvh/Library/Developer/Xcode/DerivedData/DDDDS_Test-baycaolwgxvqjmavfjwyeeqaloxx/Build/Intermediates.noindex/DDDDS_Test.build/Debug-iphonesimulator/DDDDS_Test.build/DDDDS_Test-generated-files.hmap -Xcc -I/Users/vladimirsvh/Library/Developer/Xcode/DerivedData/DDDDS_Test-baycaolwgxvqjmavfjwyeeqaloxx/Build/Intermediates.noindex/DDDDS_Test.build/Debug-iphonesimulator/DDDDS_Test.build/DDDDS_Test-own-target-headers.hmap -Xcc -I/Users/vladimirsvh/Library/Developer/Xcode/DerivedData/DDDDS_Test-baycaolwgxvqjmavfjwyeeqaloxx/Build/Intermediates.noindex/DDDDS_Test.build/Debug-iphonesimulator/DDDDS_Test.build/DDDDS_Test-all-target-headers.hmap -Xcc -iquote -Xcc /Users/vladimirsvh/Library/Developer/Xcode/DerivedData/DDDDS_Test-baycaolwgxvqjmavfjwyeeqaloxx/Build/Intermediates.noindex/DDDDS_Test.build/Debug-iphonesimulator/DDDDS_Test.build/DDDDS_Test-project-headers.hmap -Xcc -I/Users/vladimirsvh/Library/Developer/Xcode/DerivedData/DDDDS_Test-baycaolwgxvqjmavfjwyeeqaloxx/Build/Products/Debug-iphonesimulator/include -Xcc -I/Users/vladimirsvh/Library/Developer/Xcode/DerivedData/DDDDS_Test-baycaolwgxvqjmavfjwyeeqaloxx/Build/Intermediates.noindex/DDDDS_Test.build/Debug-iphonesimulator/DDDDS_Test.build/DerivedSources-normal/arm64 -Xcc -I/Users/vladimirsvh/Library/Developer/Xcode/DerivedData/DDDDS_Test-baycaolwgxvqjmavfjwyeeqaloxx/Build/Intermediates.noindex/DDDDS_Test.build/Debug-iphonesimulator/DDDDS_Test.build/DerivedSources/arm64 -Xcc -I/Users/vladimirsvh/Library/Developer/Xcode/DerivedData/DDDDS_Test-baycaolwgxvqjmavfjwyeeqaloxx/Build/Intermediates.noindex/DDDDS_Test.build/Debug-iphonesimulator/DDDDS_Test.build/DerivedSources -Xcc -DDEBUG\=1 -module-name DDDDS_Test -frontend-parseable-output -disable-clang-spi -target-sdk-version 18.4 -target-sdk-name iphonesimulator18.4 -external-plugin-path /Applications/Xcode.app/Contents/Developer/Platforms/iPhoneOS.platform/Developer/usr/lib/swift/host/plugins\#/Applications/Xcode.app/Contents/Developer/Platforms/iPhoneOS.platform/Developer/usr/bin/swift-plugin-server -external-plugin-path /Applications/Xcode.app/Contents/Developer/Platforms/iPhoneOS.platform/Developer/usr/local/lib/swift/host/plugins\#/Applications/Xcode.app/Contents/Developer/Platforms/iPhoneOS.platform/Developer/usr/bin/swift-plugin-server -in-process-plugin-server-path /Applications/Xcode.app/Contents/Developer/Toolchains/XcodeDefault.xctoolchain/usr/lib/swift/host/libSwiftInProcPluginServer.dylib -plugin-path /Applications/Xcode.app/Contents/Developer/Toolchains/XcodeDefault.xctoolchain/usr/lib/swift/host/plugins -plugin-path /Applications/Xcode.app/Contents/Developer/Toolchains/XcodeDefault.xctoolchain/usr/local/lib/swift/host/plugins -o /Users/vladimirsvh/Library/Developer/Xcode/DerivedData/DDDDS_Test-baycaolwgxvqjmavfjwyeeqaloxx/Build/Intermediates.noindex/DDDDS_Test.build/Debug-iphonesimulator/DDDDS_Test.build/Objects-normal/arm64/GeneratedAssetSymbols.o -index-unit-output-path /DDDDS_Test.build/Debug-iphonesimulator/DDDDS_Test.build/Objects-normal/arm64/GeneratedAssetSymbols.o -index-store-path /Users/vladimirsvh/Library/Developer/Xcode/DerivedData/DDDDS_Test-baycaolwgxvqjmavfjwyeeqaloxx/Index.noindex/DataStore -index-system-modules
    
    
    Compile GeneratedAssetSymbols.swift (arm64):
    /Users/vladimirsvh/Desktop/MyDashboardApp best/DDDDS_Test/DDDDS_Test/Dashboard/Widgets/TasksWidgetView.swift:2:1: error: expressions are not allowed at the top level
    backgroundColor = UIColor(hex: "#F65D2C").withAlphaComponent(0.1)
    ^
    /Users/vladimirsvh/Desktop/MyDashboardApp best/DDDDS_Test/DDDDS_Test/Dashboard/Widgets/TasksWidgetView.swift:3:1: error: expressions are not allowed at the top level
    titleLabel.text = "Tasks"
    ^
    /Users/vladimirsvh/Desktop/MyDashboardApp best/DDDDS_Test/DDDDS_Test/Dashboard/Widgets/DiaryWidgetView.swift:2:1: error: expressions are not allowed at the top level
    backgroundColor = UIColor(hex: "#F42012").withAlphaComponent(0.1)
    ^
    /Users/vladimirsvh/Desktop/MyDashboardApp best/DDDDS_Test/DDDDS_Test/Dashboard/Widgets/DiaryWidgetView.swift:3:1: error: expressions are not allowed at the top level
    titleLabel.text = "Diary"
    ^
    /Users/vladimirsvh/Desktop/MyDashboardApp best/DDDDS_Test/DDDDS_Test/Dashboard/Widgets/BodyWidgetView.swift:2:1: error: expressions are not allowed at the top level
    backgroundColor = UIColor(hex: "#E32D5F").withAlphaComponent(0.1)
    ^
    /Users/vladimirsvh/Desktop/MyDashboardApp best/DDDDS_Test/DDDDS_Test/Dashboard/Widgets/BodyWidgetView.swift:3:1: error: expressions are not allowed at the top level
    titleLabel.text = "Body"
    ^
    
    
    Compiling AppDelegate.swift, Extensions.swift:
    Failed frontend command:
    /Applications/Xcode.app/Contents/Developer/Toolchains/XcodeDefault.xctoolchain/usr/bin/swift-frontend -frontend -c -primary-file /Users/vladimirsvh/Desktop/MyDashboardApp\ best/DDDDS_Test/DDDDS_Test/Dashboard/AppDelegate.swift -primary-file /Users/vladimirsvh/Desktop/MyDashboardApp\ best/DDDDS_Test/DDDDS_Test/Dashboard/Support/Extensions.swift /Users/vladimirsvh/Desktop/MyDashboardApp\ best/DDDDS_Test/DDDDS_Test/Dashboard/Widgets/HabitsWidgetView.swift /Users/vladimirsvh/Desktop/MyDashboardApp\ best/DDDDS_Test/DDDDS_Test/Dashboard/Widgets/MoneyWidgetView.swift /Users/vladimirsvh/Desktop/MyDashboardApp\ best/DDDDS_Test/DDDDS_Test/Dashboard/Support/DesignSystem.swift /Users/vladimirsvh/Desktop/MyDashboardApp\ best/DDDDS_Test/DDDDS_Test/ContentView.swift /Users/vladimirsvh/Desktop/MyDashboardApp\ best/DDDDS_Test/DDDDS_Test/Dashboard/Widgets/TasksWidgetView.swift /Users/vladimirsvh/Desktop/MyDashboardApp\ best/DDDDS_Test/DDDDS_Test/Dashboard/Widgets/DiaryWidgetView.swift /Users/vladimirsvh/Desktop/MyDashboardApp\ best/DDDDS_Test/DDDDS_Test/Dashboard/DashboardViewController.swift /Users/vladimirsvh/Desktop/MyDashboardApp\ best/DDDDS_Test/DDDDS_Test/Dashboard/Widgets/BodyWidgetView.swift /Users/vladimirsvh/Desktop/MyDashboardApp\ best/DDDDS_Test/DDDDS_Test/DDDDS_TestApp.swift /Users/vladimirsvh/Library/Developer/Xcode/DerivedData/DDDDS_Test-baycaolwgxvqjmavfjwyeeqaloxx/Build/Intermediates.noindex/DDDDS_Test.build/Debug-iphonesimulator/DDDDS_Test.build/DerivedSources/GeneratedAssetSymbols.swift -emit-dependencies-path /Users/vladimirsvh/Library/Developer/Xcode/DerivedData/DDDDS_Test-baycaolwgxvqjmavfjwyeeqaloxx/Build/Intermediates.noindex/DDDDS_Test.build/Debug-iphonesimulator/DDDDS_Test.build/Objects-normal/arm64/AppDelegate.d -emit-const-values-path /Users/vladimirsvh/Library/Developer/Xcode/DerivedData/DDDDS_Test-baycaolwgxvqjmavfjwyeeqaloxx/Build/Intermediates.noindex/DDDDS_Test.build/Debug-iphonesimulator/DDDDS_Test.build/Objects-normal/arm64/AppDelegate.swiftconstvalues -emit-reference-dependencies-path /Users/vladimirsvh/Library/Developer/Xcode/DerivedData/DDDDS_Test-baycaolwgxvqjmavfjwyeeqaloxx/Build/Intermediates.noindex/DDDDS_Test.build/Debug-iphonesimulator/DDDDS_Test.build/Objects-normal/arm64/AppDelegate.swiftdeps -serialize-diagnostics-path /Users/vladimirsvh/Library/Developer/Xcode/DerivedData/DDDDS_Test-baycaolwgxvqjmavfjwyeeqaloxx/Build/Intermediates.noindex/DDDDS_Test.build/Debug-iphonesimulator/DDDDS_Test.build/Objects-normal/arm64/AppDelegate.dia -emit-dependencies-path /Users/vladimirsvh/Library/Developer/Xcode/DerivedData/DDDDS_Test-baycaolwgxvqjmavfjwyeeqaloxx/Build/Intermediates.noindex/DDDDS_Test.build/Debug-iphonesimulator/DDDDS_Test.build/Objects-normal/arm64/Extensions.d -emit-const-values-path /Users/vladimirsvh/Library/Developer/Xcode/DerivedData/DDDDS_Test-baycaolwgxvqjmavfjwyeeqaloxx/Build/Intermediates.noindex/DDDDS_Test.build/Debug-iphonesimulator/DDDDS_Test.build/Objects-normal/arm64/Extensions.swiftconstvalues -emit-reference-dependencies-path /Users/vladimirsvh/Library/Developer/Xcode/DerivedData/DDDDS_Test-baycaolwgxvqjmavfjwyeeqaloxx/Build/Intermediates.noindex/DDDDS_Test.build/Debug-iphonesimulator/DDDDS_Test.build/Objects-normal/arm64/Extensions.swiftdeps -serialize-diagnostics-path /Users/vladimirsvh/Library/Developer/Xcode/DerivedData/DDDDS_Test-baycaolwgxvqjmavfjwyeeqaloxx/Build/Intermediates.noindex/DDDDS_Test.build/Debug-iphonesimulator/DDDDS_Test.build/Objects-normal/arm64/Extensions.dia -emit-localized-strings -emit-localized-strings-path /Users/vladimirsvh/Library/Developer/Xcode/DerivedData/DDDDS_Test-baycaolwgxvqjmavfjwyeeqaloxx/Build/Intermediates.noindex/DDDDS_Test.build/Debug-iphonesimulator/DDDDS_Test.build/Objects-normal/arm64 -target arm64-apple-ios18.4-simulator -Xllvm -aarch64-use-tbi -enable-objc-interop -sdk /Applications/Xcode.app/Contents/Developer/Platforms/iPhoneSimulator.platform/Developer/SDKs/iPhoneSimulator18.4.sdk -I /Users/vladimirsvh/Library/Developer/Xcode/DerivedData/DDDDS_Test-baycaolwgxvqjmavfjwyeeqaloxx/Build/Products/Debug-iphonesimulator -F /Users/vladimirsvh/Library/Developer/Xcode/DerivedData/DDDDS_Test-baycaolwgxvqjmavfjwyeeqaloxx/Build/Products/Debug-iphonesimulator -no-color-diagnostics -enable-testing -g -debug-info-format\=dwarf -dwarf-version\=5 -module-cache-path /Users/vladimirsvh/Library/Developer/Xcode/DerivedData/ModuleCache.noindex -swift-version 5 -enforce-exclusivity\=checked -Onone -D DEBUG -serialize-debugging-options -const-gather-protocols-file /Users/vladimirsvh/Library/Developer/Xcode/DerivedData/DDDDS_Test-baycaolwgxvqjmavfjwyeeqaloxx/Build/Intermediates.noindex/DDDDS_Test.build/Debug-iphonesimulator/DDDDS_Test.build/Objects-normal/arm64/DDDDS_Test_const_extract_protocols.json -enable-experimental-feature DebugDescriptionMacro -enable-bare-slash-regex -empty-abi-descriptor -validate-clang-modules-once -clang-build-session-file /Users/vladimirsvh/Library/Developer/Xcode/DerivedData/ModuleCache.noindex/Session.modulevalidation -Xcc -working-directory -Xcc /Users/vladimirsvh/Desktop/MyDashboardApp\ best/DDDDS_Test -resource-dir /Applications/Xcode.app/Contents/Developer/Toolchains/XcodeDefault.xctoolchain/usr/lib/swift -enable-anonymous-context-mangled-names -file-compilation-dir /Users/vladimirsvh/Desktop/MyDashboardApp\ best/DDDDS_Test -Xcc -ivfsstatcache -Xcc /Users/vladimirsvh/Library/Developer/Xcode/DerivedData/SDKStatCaches.noindex/iphonesimulator18.4-22E235-71825a6d136aa4733edcbe86ece5525b.sdkstatcache -Xcc -I/Users/vladimirsvh/Library/Developer/Xcode/DerivedData/DDDDS_Test-baycaolwgxvqjmavfjwyeeqaloxx/Build/Intermediates.noindex/DDDDS_Test.build/Debug-iphonesimulator/DDDDS_Test.build/swift-overrides.hmap -Xcc -iquote -Xcc /Users/vladimirsvh/Library/Developer/Xcode/DerivedData/DDDDS_Test-baycaolwgxvqjmavfjwyeeqaloxx/Build/Intermediates.noindex/DDDDS_Test.build/Debug-iphonesimulator/DDDDS_Test.build/DDDDS_Test-generated-files.hmap -Xcc -I/Users/vladimirsvh/Library/Developer/Xcode/DerivedData/DDDDS_Test-baycaolwgxvqjmavfjwyeeqaloxx/Build/Intermediates.noindex/DDDDS_Test.build/Debug-iphonesimulator/DDDDS_Test.build/DDDDS_Test-own-target-headers.hmap -Xcc -I/Users/vladimirsvh/Library/Developer/Xcode/DerivedData/DDDDS_Test-baycaolwgxvqjmavfjwyeeqaloxx/Build/Intermediates.noindex/DDDDS_Test.build/Debug-iphonesimulator/DDDDS_Test.build/DDDDS_Test-all-target-headers.hmap -Xcc -iquote -Xcc /Users/vladimirsvh/Library/Developer/Xcode/DerivedData/DDDDS_Test-baycaolwgxvqjmavfjwyeeqaloxx/Build/Intermediates.noindex/DDDDS_Test.build/Debug-iphonesimulator/DDDDS_Test.build/DDDDS_Test-project-headers.hmap -Xcc -I/Users/vladimirsvh/Library/Developer/Xcode/DerivedData/DDDDS_Test-baycaolwgxvqjmavfjwyeeqaloxx/Build/Products/Debug-iphonesimulator/include -Xcc -I/Users/vladimirsvh/Library/Developer/Xcode/DerivedData/DDDDS_Test-baycaolwgxvqjmavfjwyeeqaloxx/Build/Intermediates.noindex/DDDDS_Test.build/Debug-iphonesimulator/DDDDS_Test.build/DerivedSources-normal/arm64 -Xcc -I/Users/vladimirsvh/Library/Developer/Xcode/DerivedData/DDDDS_Test-baycaolwgxvqjmavfjwyeeqaloxx/Build/Intermediates.noindex/DDDDS_Test.build/Debug-iphonesimulator/DDDDS_Test.build/DerivedSources/arm64 -Xcc -I/Users/vladimirsvh/Library/Developer/Xcode/DerivedData/DDDDS_Test-baycaolwgxvqjmavfjwyeeqaloxx/Build/Intermediates.noindex/DDDDS_Test.build/Debug-iphonesimulator/DDDDS_Test.build/DerivedSources -Xcc -DDEBUG\=1 -module-name DDDDS_Test -frontend-parseable-output -disable-clang-spi -target-sdk-version 18.4 -target-sdk-name iphonesimulator18.4 -external-plugin-path /Applications/Xcode.app/Contents/Developer/Platforms/iPhoneOS.platform/Developer/usr/lib/swift/host/plugins\#/Applications/Xcode.app/Contents/Developer/Platforms/iPhoneOS.platform/Developer/usr/bin/swift-plugin-server -external-plugin-path /Applications/Xcode.app/Contents/Developer/Platforms/iPhoneOS.platform/Developer/usr/local/lib/swift/host/plugins\#/Applications/Xcode.app/Contents/Developer/Platforms/iPhoneOS.platform/Developer/usr/bin/swift-plugin-server -in-process-plugin-server-path /Applications/Xcode.app/Contents/Developer/Toolchains/XcodeDefault.xctoolchain/usr/lib/swift/host/libSwiftInProcPluginServer.dylib -plugin-path /Applications/Xcode.app/Contents/Developer/Toolchains/XcodeDefault.xctoolchain/usr/lib/swift/host/plugins -plugin-path /Applications/Xcode.app/Contents/Developer/Toolchains/XcodeDefault.xctoolchain/usr/local/lib/swift/host/plugins -o /Users/vladimirsvh/Library/Developer/Xcode/DerivedData/DDDDS_Test-baycaolwgxvqjmavfjwyeeqaloxx/Build/Intermediates.noindex/DDDDS_Test.build/Debug-iphonesimulator/DDDDS_Test.build/Objects-normal/arm64/AppDelegate.o -o /Users/vladimirsvh/Library/Developer/Xcode/DerivedData/DDDDS_Test-baycaolwgxvqjmavfjwyeeqaloxx/Build/Intermediates.noindex/DDDDS_Test.build/Debug-iphonesimulator/DDDDS_Test.build/Objects-normal/arm64/Extensions.o -index-unit-output-path /DDDDS_Test.build/Debug-iphonesimulator/DDDDS_Test.build/Objects-normal/arm64/AppDelegate.o -index-unit-output-path /DDDDS_Test.build/Debug-iphonesimulator/DDDDS_Test.build/Objects-normal/arm64/Extensions.o -index-store-path /Users/vladimirsvh/Library/Developer/Xcode/DerivedData/DDDDS_Test-baycaolwgxvqjmavfjwyeeqaloxx/Index.noindex/DataStore -index-system-modules
    
    
    Compile AppDelegate.swift (arm64):
    /Users/vladimirsvh/Desktop/MyDashboardApp best/DDDDS_Test/DDDDS_Test/Dashboard/Widgets/TasksWidgetView.swift:2:1: error: expressions are not allowed at the top level
    backgroundColor = UIColor(hex: "#F65D2C").withAlphaComponent(0.1)
    ^
    /Users/vladimirsvh/Desktop/MyDashboardApp best/DDDDS_Test/DDDDS_Test/Dashboard/Widgets/TasksWidgetView.swift:3:1: error: expressions are not allowed at the top level
    titleLabel.text = "Tasks"
    ^
    /Users/vladimirsvh/Desktop/MyDashboardApp best/DDDDS_Test/DDDDS_Test/Dashboard/Widgets/DiaryWidgetView.swift:2:1: error: expressions are not allowed at the top level
    backgroundColor = UIColor(hex: "#F42012").withAlphaComponent(0.1)
    ^
    /Users/vladimirsvh/Desktop/MyDashboardApp best/DDDDS_Test/DDDDS_Test/Dashboard/Widgets/DiaryWidgetView.swift:3:1: error: expressions are not allowed at the top level
    titleLabel.text = "Diary"
    ^
    /Users/vladimirsvh/Desktop/MyDashboardApp best/DDDDS_Test/DDDDS_Test/Dashboard/Widgets/BodyWidgetView.swift:2:1: error: expressions are not allowed at the top level
    backgroundColor = UIColor(hex: "#E32D5F").withAlphaComponent(0.1)
    ^
    /Users/vladimirsvh/Desktop/MyDashboardApp best/DDDDS_Test/DDDDS_Test/Dashboard/Widgets/BodyWidgetView.swift:3:1: error: expressions are not allowed at the top level
    titleLabel.text = "Body"
    ^
    /Users/vladimirsvh/Desktop/MyDashboardApp best/DDDDS_Test/DDDDS_Test/Dashboard/AppDelegate.swift:2:33: error: cannot find type 'UIApplication' in scope
    func application(_ application: UIApplication, didFinishLaunchingWithOptions launchOptions: [UIApplication.LaunchOptionsKey: Any]?) -> Bool {
                                    ^~~~~~~~~~~~~
    /Users/vladimirsvh/Desktop/MyDashboardApp best/DDDDS_Test/DDDDS_Test/Dashboard/AppDelegate.swift:2:94: error: cannot find type 'UIApplication' in scope
    func application(_ application: UIApplication, didFinishLaunchingWithOptions launchOptions: [UIApplication.LaunchOptionsKey: Any]?) -> Bool {
                                                                                                 ^~~~~~~~~~~~~
    /Users/vladimirsvh/Desktop/MyDashboardApp best/DDDDS_Test/DDDDS_Test/Dashboard/AppDelegate.swift:3:5: error: cannot find 'window' in scope
        window = UIWindow(frame: UIScreen.main.bounds)
        ^~~~~~
    /Users/vladimirsvh/Desktop/MyDashboardApp best/DDDDS_Test/DDDDS_Test/Dashboard/AppDelegate.swift:3:14: error: cannot find 'UIWindow' in scope
        window = UIWindow(frame: UIScreen.main.bounds)
                 ^~~~~~~~
    /Users/vladimirsvh/Desktop/MyDashboardApp best/DDDDS_Test/DDDDS_Test/Dashboard/AppDelegate.swift:3:30: error: cannot find 'UIScreen' in scope
        window = UIWindow(frame: UIScreen.main.bounds)
                                 ^~~~~~~~
    /Users/vladimirsvh/Desktop/MyDashboardApp best/DDDDS_Test/DDDDS_Test/Dashboard/AppDelegate.swift:4:5: error: cannot find 'window' in scope
        window?.rootViewController = DashboardViewController() // ← Вот это
    /Users/vladimirsvh/Desktop/MyDashboardApp best/DDDDS_Test/DDDDS_Test/Dashboard/AppDelegate.swift:5:5: error: cannot find 'window' in scope
        window?.makeKeyAndVisible()
        ^~~~~~
    
    
    Compile Extensions.swift (arm64):
    /Users/vladimirsvh/Desktop/MyDashboardApp best/DDDDS_Test/DDDDS_Test/Dashboard/Widgets/TasksWidgetView.swift:2:1: error: expressions are not allowed at the top level
    backgroundColor = UIColor(hex: "#F65D2C").withAlphaComponent(0.1)
    ^
    /Users/vladimirsvh/Desktop/MyDashboardApp best/DDDDS_Test/DDDDS_Test/Dashboard/Widgets/TasksWidgetView.swift:3:1: error: expressions are not allowed at the top level
    titleLabel.text = "Tasks"
    ^
    /Users/vladimirsvh/Desktop/MyDashboardApp best/DDDDS_Test/DDDDS_Test/Dashboard/Widgets/DiaryWidgetView.swift:2:1: error: expressions are not allowed at the top level
    backgroundColor = UIColor(hex: "#F42012").withAlphaComponent(0.1)
    ^
    /Users/vladimirsvh/Desktop/MyDashboardApp best/DDDDS_Test/DDDDS_Test/Dashboard/Widgets/DiaryWidgetView.swift:3:1: error: expressions are not allowed at the top level
    titleLabel.text = "Diary"
    ^
    /Users/vladimirsvh/Desktop/MyDashboardApp best/DDDDS_Test/DDDDS_Test/Dashboard/Widgets/BodyWidgetView.swift:2:1: error: expressions are not allowed at the top level
    backgroundColor = UIColor(hex: "#E32D5F").withAlphaComponent(0.1)
    ^
    /Users/vladimirsvh/Desktop/MyDashboardApp best/DDDDS_Test/DDDDS_Test/Dashboard/Widgets/BodyWidgetView.swift:3:1: error: expressions are not allowed at the top level
    titleLabel.text = "Body"
    ^
    
    
    Compiling TasksWidgetView.swift, DiaryWidgetView.swift:
    Failed frontend command:
    /Applications/Xcode.app/Contents/Developer/Toolchains/XcodeDefault.xctoolchain/usr/bin/swift-frontend -frontend -c /Users/vladimirsvh/Desktop/MyDashboardApp\ best/DDDDS_Test/DDDDS_Test/Dashboard/AppDelegate.swift /Users/vladimirsvh/Desktop/MyDashboardApp\ best/DDDDS_Test/DDDDS_Test/Dashboard/Support/Extensions.swift /Users/vladimirsvh/Desktop/MyDashboardApp\ best/DDDDS_Test/DDDDS_Test/Dashboard/Widgets/HabitsWidgetView.swift /Users/vladimirsvh/Desktop/MyDashboardApp\ best/DDDDS_Test/DDDDS_Test/Dashboard/Widgets/MoneyWidgetView.swift /Users/vladimirsvh/Desktop/MyDashboardApp\ best/DDDDS_Test/DDDDS_Test/Dashboard/Support/DesignSystem.swift /Users/vladimirsvh/Desktop/MyDashboardApp\ best/DDDDS_Test/DDDDS_Test/ContentView.swift -primary-file /Users/vladimirsvh/Desktop/MyDashboardApp\ best/DDDDS_Test/DDDDS_Test/Dashboard/Widgets/TasksWidgetView.swift -primary-file /Users/vladimirsvh/Desktop/MyDashboardApp\ best/DDDDS_Test/DDDDS_Test/Dashboard/Widgets/DiaryWidgetView.swift /Users/vladimirsvh/Desktop/MyDashboardApp\ best/DDDDS_Test/DDDDS_Test/Dashboard/DashboardViewController.swift /Users/vladimirsvh/Desktop/MyDashboardApp\ best/DDDDS_Test/DDDDS_Test/Dashboard/Widgets/BodyWidgetView.swift /Users/vladimirsvh/Desktop/MyDashboardApp\ best/DDDDS_Test/DDDDS_Test/DDDDS_TestApp.swift /Users/vladimirsvh/Library/Developer/Xcode/DerivedData/DDDDS_Test-baycaolwgxvqjmavfjwyeeqaloxx/Build/Intermediates.noindex/DDDDS_Test.build/Debug-iphonesimulator/DDDDS_Test.build/DerivedSources/GeneratedAssetSymbols.swift -emit-dependencies-path /Users/vladimirsvh/Library/Developer/Xcode/DerivedData/DDDDS_Test-baycaolwgxvqjmavfjwyeeqaloxx/Build/Intermediates.noindex/DDDDS_Test.build/Debug-iphonesimulator/DDDDS_Test.build/Objects-normal/arm64/TasksWidgetView.d -emit-const-values-path /Users/vladimirsvh/Library/Developer/Xcode/DerivedData/DDDDS_Test-baycaolwgxvqjmavfjwyeeqaloxx/Build/Intermediates.noindex/DDDDS_Test.build/Debug-iphonesimulator/DDDDS_Test.build/Objects-normal/arm64/TasksWidgetView.swiftconstvalues -emit-reference-dependencies-path /Users/vladimirsvh/Library/Developer/Xcode/DerivedData/DDDDS_Test-baycaolwgxvqjmavfjwyeeqaloxx/Build/Intermediates.noindex/DDDDS_Test.build/Debug-iphonesimulator/DDDDS_Test.build/Objects-normal/arm64/TasksWidgetView.swiftdeps -serialize-diagnostics-path /Users/vladimirsvh/Library/Developer/Xcode/DerivedData/DDDDS_Test-baycaolwgxvqjmavfjwyeeqaloxx/Build/Intermediates.noindex/DDDDS_Test.build/Debug-iphonesimulator/DDDDS_Test.build/Objects-normal/arm64/TasksWidgetView.dia -emit-dependencies-path /Users/vladimirsvh/Library/Developer/Xcode/DerivedData/DDDDS_Test-baycaolwgxvqjmavfjwyeeqaloxx/Build/Intermediates.noindex/DDDDS_Test.build/Debug-iphonesimulator/DDDDS_Test.build/Objects-normal/arm64/DiaryWidgetView.d -emit-const-values-path /Users/vladimirsvh/Library/Developer/Xcode/DerivedData/DDDDS_Test-baycaolwgxvqjmavfjwyeeqaloxx/Build/Intermediates.noindex/DDDDS_Test.build/Debug-iphonesimulator/DDDDS_Test.build/Objects-normal/arm64/DiaryWidgetView.swiftconstvalues -emit-reference-dependencies-path /Users/vladimirsvh/Library/Developer/Xcode/DerivedData/DDDDS_Test-baycaolwgxvqjmavfjwyeeqaloxx/Build/Intermediates.noindex/DDDDS_Test.build/Debug-iphonesimulator/DDDDS_Test.build/Objects-normal/arm64/DiaryWidgetView.swiftdeps -serialize-diagnostics-path /Users/vladimirsvh/Library/Developer/Xcode/DerivedData/DDDDS_Test-baycaolwgxvqjmavfjwyeeqaloxx/Build/Intermediates.noindex/DDDDS_Test.build/Debug-iphonesimulator/DDDDS_Test.build/Objects-normal/arm64/DiaryWidgetView.dia -emit-localized-strings -emit-localized-strings-path /Users/vladimirsvh/Library/Developer/Xcode/DerivedData/DDDDS_Test-baycaolwgxvqjmavfjwyeeqaloxx/Build/Intermediates.noindex/DDDDS_Test.build/Debug-iphonesimulator/DDDDS_Test.build/Objects-normal/arm64 -target arm64-apple-ios18.4-simulator -Xllvm -aarch64-use-tbi -enable-objc-interop -sdk /Applications/Xcode.app/Contents/Developer/Platforms/iPhoneSimulator.platform/Developer/SDKs/iPhoneSimulator18.4.sdk -I /Users/vladimirsvh/Library/Developer/Xcode/DerivedData/DDDDS_Test-baycaolwgxvqjmavfjwyeeqaloxx/Build/Products/Debug-iphonesimulator -F /Users/vladimirsvh/Library/Developer/Xcode/DerivedData/DDDDS_Test-baycaolwgxvqjmavfjwyeeqaloxx/Build/Products/Debug-iphonesimulator -no-color-diagnostics -enable-testing -g -debug-info-format\=dwarf -dwarf-version\=5 -module-cache-path /Users/vladimirsvh/Library/Developer/Xcode/DerivedData/ModuleCache.noindex -swift-version 5 -enforce-exclusivity\=checked -Onone -D DEBUG -serialize-debugging-options -const-gather-protocols-file /Users/vladimirsvh/Library/Developer/Xcode/DerivedData/DDDDS_Test-baycaolwgxvqjmavfjwyeeqaloxx/Build/Intermediates.noindex/DDDDS_Test.build/Debug-iphonesimulator/DDDDS_Test.build/Objects-normal/arm64/DDDDS_Test_const_extract_protocols.json -enable-experimental-feature DebugDescriptionMacro -enable-bare-slash-regex -empty-abi-descriptor -validate-clang-modules-once -clang-build-session-file /Users/vladimirsvh/Library/Developer/Xcode/DerivedData/ModuleCache.noindex/Session.modulevalidation -Xcc -working-directory -Xcc /Users/vladimirsvh/Desktop/MyDashboardApp\ best/DDDDS_Test -resource-dir /Applications/Xcode.app/Contents/Developer/Toolchains/XcodeDefault.xctoolchain/usr/lib/swift -enable-anonymous-context-mangled-names -file-compilation-dir /Users/vladimirsvh/Desktop/MyDashboardApp\ best/DDDDS_Test -Xcc -ivfsstatcache -Xcc /Users/vladimirsvh/Library/Developer/Xcode/DerivedData/SDKStatCaches.noindex/iphonesimulator18.4-22E235-71825a6d136aa4733edcbe86ece5525b.sdkstatcache -Xcc -I/Users/vladimirsvh/Library/Developer/Xcode/DerivedData/DDDDS_Test-baycaolwgxvqjmavfjwyeeqaloxx/Build/Intermediates.noindex/DDDDS_Test.build/Debug-iphonesimulator/DDDDS_Test.build/swift-overrides.hmap -Xcc -iquote -Xcc /Users/vladimirsvh/Library/Developer/Xcode/DerivedData/DDDDS_Test-baycaolwgxvqjmavfjwyeeqaloxx/Build/Intermediates.noindex/DDDDS_Test.build/Debug-iphonesimulator/DDDDS_Test.build/DDDDS_Test-generated-files.hmap -Xcc -I/Users/vladimirsvh/Library/Developer/Xcode/DerivedData/DDDDS_Test-baycaolwgxvqjmavfjwyeeqaloxx/Build/Intermediates.noindex/DDDDS_Test.build/Debug-iphonesimulator/DDDDS_Test.build/DDDDS_Test-own-target-headers.hmap -Xcc -I/Users/vladimirsvh/Library/Developer/Xcode/DerivedData/DDDDS_Test-baycaolwgxvqjmavfjwyeeqaloxx/Build/Intermediates.noindex/DDDDS_Test.build/Debug-iphonesimulator/DDDDS_Test.build/DDDDS_Test-all-target-headers.hmap -Xcc -iquote -Xcc /Users/vladimirsvh/Library/Developer/Xcode/DerivedData/DDDDS_Test-baycaolwgxvqjmavfjwyeeqaloxx/Build/Intermediates.noindex/DDDDS_Test.build/Debug-iphonesimulator/DDDDS_Test.build/DDDDS_Test-project-headers.hmap -Xcc -I/Users/vladimirsvh/Library/Developer/Xcode/DerivedData/DDDDS_Test-baycaolwgxvqjmavfjwyeeqaloxx/Build/Products/Debug-iphonesimulator/include -Xcc -I/Users/vladimirsvh/Library/Developer/Xcode/DerivedData/DDDDS_Test-baycaolwgxvqjmavfjwyeeqaloxx/Build/Intermediates.noindex/DDDDS_Test.build/Debug-iphonesimulator/DDDDS_Test.build/DerivedSources-normal/arm64 -Xcc -I/Users/vladimirsvh/Library/Developer/Xcode/DerivedData/DDDDS_Test-baycaolwgxvqjmavfjwyeeqaloxx/Build/Intermediates.noindex/DDDDS_Test.build/Debug-iphonesimulator/DDDDS_Test.build/DerivedSources/arm64 -Xcc -I/Users/vladimirsvh/Library/Developer/Xcode/DerivedData/DDDDS_Test-baycaolwgxvqjmavfjwyeeqaloxx/Build/Intermediates.noindex/DDDDS_Test.build/Debug-iphonesimulator/DDDDS_Test.build/DerivedSources -Xcc -DDEBUG\=1 -module-name DDDDS_Test -frontend-parseable-output -disable-clang-spi -target-sdk-version 18.4 -target-sdk-name iphonesimulator18.4 -external-plugin-path /Applications/Xcode.app/Contents/Developer/Platforms/iPhoneOS.platform/Developer/usr/lib/swift/host/plugins\#/Applications/Xcode.app/Contents/Developer/Platforms/iPhoneOS.platform/Developer/usr/bin/swift-plugin-server -external-plugin-path /Applications/Xcode.app/Contents/Developer/Platforms/iPhoneOS.platform/Developer/usr/local/lib/swift/host/plugins\#/Applications/Xcode.app/Contents/Developer/Platforms/iPhoneOS.platform/Developer/usr/bin/swift-plugin-server -in-process-plugin-server-path /Applications/Xcode.app/Contents/Developer/Toolchains/XcodeDefault.xctoolchain/usr/lib/swift/host/libSwiftInProcPluginServer.dylib -plugin-path /Applications/Xcode.app/Contents/Developer/Toolchains/XcodeDefault.xctoolchain/usr/lib/swift/host/plugins -plugin-path /Applications/Xcode.app/Contents/Developer/Toolchains/XcodeDefault.xctoolchain/usr/local/lib/swift/host/plugins -o /Users/vladimirsvh/Library/Developer/Xcode/DerivedData/DDDDS_Test-baycaolwgxvqjmavfjwyeeqaloxx/Build/Intermediates.noindex/DDDDS_Test.build/Debug-iphonesimulator/DDDDS_Test.build/Objects-normal/arm64/TasksWidgetView.o -o /Users/vladimirsvh/Library/Developer/Xcode/DerivedData/DDDDS_Test-baycaolwgxvqjmavfjwyeeqaloxx/Build/Intermediates.noindex/DDDDS_Test.build/Debug-iphonesimulator/DDDDS_Test.build/Objects-normal/arm64/DiaryWidgetView.o -index-unit-output-path /DDDDS_Test.build/Debug-iphonesimulator/DDDDS_Test.build/Objects-normal/arm64/TasksWidgetView.o -index-unit-output-path /DDDDS_Test.build/Debug-iphonesimulator/DDDDS_Test.build/Objects-normal/arm64/DiaryWidgetView.o -index-store-path /Users/vladimirsvh/Library/Developer/Xcode/DerivedData/DDDDS_Test-baycaolwgxvqjmavfjwyeeqaloxx/Index.noindex/DataStore -index-system-modules
    
    
    Compile TasksWidgetView.swift (arm64):
    /Users/vladimirsvh/Desktop/MyDashboardApp best/DDDDS_Test/DDDDS_Test/Dashboard/Widgets/TasksWidgetView.swift:2:1: error: expressions are not allowed at the top level
    backgroundColor = UIColor(hex: "#F65D2C").withAlphaComponent(0.1)
    ^
    /Users/vladimirsvh/Desktop/MyDashboardApp best/DDDDS_Test/DDDDS_Test/Dashboard/Widgets/TasksWidgetView.swift:3:1: error: expressions are not allowed at the top level
    titleLabel.text = "Tasks"
    ^
    /Users/vladimirsvh/Desktop/MyDashboardApp best/DDDDS_Test/DDDDS_Test/Dashboard/Widgets/BodyWidgetView.swift:2:1: error: expressions are not allowed at the top level
    backgroundColor = UIColor(hex: "#E32D5F").withAlphaComponent(0.1)
    ^
    /Users/vladimirsvh/Desktop/MyDashboardApp best/DDDDS_Test/DDDDS_Test/Dashboard/Widgets/BodyWidgetView.swift:3:1: error: expressions are not allowed at the top level
    titleLabel.text = "Body"
    ^
    /Users/vladimirsvh/Desktop/MyDashboardApp best/DDDDS_Test/DDDDS_Test/Dashboard/Widgets/TasksWidgetView.swift:2:1: error: cannot find 'backgroundColor' in scope
    backgroundColor = UIColor(hex: "#F65D2C").withAlphaComponent(0.1)
    ^~~~~~~~~~~~~~~
    /Users/vladimirsvh/Desktop/MyDashboardApp best/DDDDS_Test/DDDDS_Test/Dashboard/Widgets/TasksWidgetView.swift:2:19: error: cannot find 'UIColor' in scope
    backgroundColor = UIColor(hex: "#F65D2C").withAlphaComponent(0.1)
                      ^~~~~~~
    /Users/vladimirsvh/Desktop/MyDashboardApp best/DDDDS_Test/DDDDS_Test/Dashboard/Widgets/TasksWidgetView.swift:3:1: error: cannot find 'titleLabel' in scope
    titleLabel.text = "Tasks"
    ^~~~~~~~~~
    
    
    Compile DiaryWidgetView.swift (arm64):
    /Users/vladimirsvh/Desktop/MyDashboardApp best/DDDDS_Test/DDDDS_Test/Dashboard/Widgets/DiaryWidgetView.swift:2:1: error: expressions are not allowed at the top level
    backgroundColor = UIColor(hex: "#F42012").withAlphaComponent(0.1)
    ^
    /Users/vladimirsvh/Desktop/MyDashboardApp best/DDDDS_Test/DDDDS_Test/Dashboard/Widgets/DiaryWidgetView.swift:3:1: error: expressions are not allowed at the top level
    titleLabel.text = "Diary"
    ^
    /Users/vladimirsvh/Desktop/MyDashboardApp best/DDDDS_Test/DDDDS_Test/Dashboard/Widgets/BodyWidgetView.swift:2:1: error: expressions are not allowed at the top level
    backgroundColor = UIColor(hex: "#E32D5F").withAlphaComponent(0.1)
    ^
    /Users/vladimirsvh/Desktop/MyDashboardApp best/DDDDS_Test/DDDDS_Test/Dashboard/Widgets/BodyWidgetView.swift:3:1: error: expressions are not allowed at the top level
    titleLabel.text = "Body"
    ^
    /Users/vladimirsvh/Desktop/MyDashboardApp best/DDDDS_Test/DDDDS_Test/Dashboard/Widgets/DiaryWidgetView.swift:2:1: error: cannot find 'backgroundColor' in scope
    backgroundColor = UIColor(hex: "#F42012").withAlphaComponent(0.1)
    ^~~~~~~~~~~~~~~
    /Users/vladimirsvh/Desktop/MyDashboardApp best/DDDDS_Test/DDDDS_Test/Dashboard/Widgets/DiaryWidgetView.swift:2:19: error: cannot find 'UIColor' in scope
    backgroundColor = UIColor(hex: "#F42012").withAlphaComponent(0.1)
                      ^~~~~~~
    /Users/vladimirsvh/Desktop/MyDashboardApp best/DDDDS_Test/DDDDS_Test/Dashboard/Widgets/DiaryWidgetView.swift:3:1: error: cannot find 'titleLabel' in scope
    titleLabel.text = "Diary"
    ^~~~~~~~~~
    
    
    Compiling DashboardViewController.swift:
    Failed frontend command:
    /Applications/Xcode.app/Contents/Developer/Toolchains/XcodeDefault.xctoolchain/usr/bin/swift-frontend -frontend -c /Users/vladimirsvh/Desktop/MyDashboardApp\ best/DDDDS_Test/DDDDS_Test/Dashboard/AppDelegate.swift /Users/vladimirsvh/Desktop/MyDashboardApp\ best/DDDDS_Test/DDDDS_Test/Dashboard/Support/Extensions.swift /Users/vladimirsvh/Desktop/MyDashboardApp\ best/DDDDS_Test/DDDDS_Test/Dashboard/Widgets/HabitsWidgetView.swift /Users/vladimirsvh/Desktop/MyDashboardApp\ best/DDDDS_Test/DDDDS_Test/Dashboard/Widgets/MoneyWidgetView.swift /Users/vladimirsvh/Desktop/MyDashboardApp\ best/DDDDS_Test/DDDDS_Test/Dashboard/Support/DesignSystem.swift /Users/vladimirsvh/Desktop/MyDashboardApp\ best/DDDDS_Test/DDDDS_Test/ContentView.swift /Users/vladimirsvh/Desktop/MyDashboardApp\ best/DDDDS_Test/DDDDS_Test/Dashboard/Widgets/TasksWidgetView.swift /Users/vladimirsvh/Desktop/MyDashboardApp\ best/DDDDS_Test/DDDDS_Test/Dashboard/Widgets/DiaryWidgetView.swift -primary-file /Users/vladimirsvh/Desktop/MyDashboardApp\ best/DDDDS_Test/DDDDS_Test/Dashboard/DashboardViewController.swift /Users/vladimirsvh/Desktop/MyDashboardApp\ best/DDDDS_Test/DDDDS_Test/Dashboard/Widgets/BodyWidgetView.swift /Users/vladimirsvh/Desktop/MyDashboardApp\ best/DDDDS_Test/DDDDS_Test/DDDDS_TestApp.swift /Users/vladimirsvh/Library/Developer/Xcode/DerivedData/DDDDS_Test-baycaolwgxvqjmavfjwyeeqaloxx/Build/Intermediates.noindex/DDDDS_Test.build/Debug-iphonesimulator/DDDDS_Test.build/DerivedSources/GeneratedAssetSymbols.swift -emit-dependencies-path /Users/vladimirsvh/Library/Developer/Xcode/DerivedData/DDDDS_Test-baycaolwgxvqjmavfjwyeeqaloxx/Build/Intermediates.noindex/DDDDS_Test.build/Debug-iphonesimulator/DDDDS_Test.build/Objects-normal/arm64/DashboardViewController.d -emit-const-values-path /Users/vladimirsvh/Library/Developer/Xcode/DerivedData/DDDDS_Test-baycaolwgxvqjmavfjwyeeqaloxx/Build/Intermediates.noindex/DDDDS_Test.build/Debug-iphonesimulator/DDDDS_Test.build/Objects-normal/arm64/DashboardViewController.swiftconstvalues -emit-reference-dependencies-path /Users/vladimirsvh/Library/Developer/Xcode/DerivedData/DDDDS_Test-baycaolwgxvqjmavfjwyeeqaloxx/Build/Intermediates.noindex/DDDDS_Test.build/Debug-iphonesimulator/DDDDS_Test.build/Objects-normal/arm64/DashboardViewController.swiftdeps -serialize-diagnostics-path /Users/vladimirsvh/Library/Developer/Xcode/DerivedData/DDDDS_Test-baycaolwgxvqjmavfjwyeeqaloxx/Build/Intermediates.noindex/DDDDS_Test.build/Debug-iphonesimulator/DDDDS_Test.build/Objects-normal/arm64/DashboardViewController.dia -emit-localized-strings -emit-localized-strings-path /Users/vladimirsvh/Library/Developer/Xcode/DerivedData/DDDDS_Test-baycaolwgxvqjmavfjwyeeqaloxx/Build/Intermediates.noindex/DDDDS_Test.build/Debug-iphonesimulator/DDDDS_Test.build/Objects-normal/arm64 -target arm64-apple-ios18.4-simulator -Xllvm -aarch64-use-tbi -enable-objc-interop -sdk /Applications/Xcode.app/Contents/Developer/Platforms/iPhoneSimulator.platform/Developer/SDKs/iPhoneSimulator18.4.sdk -I /Users/vladimirsvh/Library/Developer/Xcode/DerivedData/DDDDS_Test-baycaolwgxvqjmavfjwyeeqaloxx/Build/Products/Debug-iphonesimulator -F /Users/vladimirsvh/Library/Developer/Xcode/DerivedData/DDDDS_Test-baycaolwgxvqjmavfjwyeeqaloxx/Build/Products/Debug-iphonesimulator -no-color-diagnostics -enable-testing -g -debug-info-format\=dwarf -dwarf-version\=5 -module-cache-path /Users/vladimirsvh/Library/Developer/Xcode/DerivedData/ModuleCache.noindex -swift-version 5 -enforce-exclusivity\=checked -Onone -D DEBUG -serialize-debugging-options -const-gather-protocols-file /Users/vladimirsvh/Library/Developer/Xcode/DerivedData/DDDDS_Test-baycaolwgxvqjmavfjwyeeqaloxx/Build/Intermediates.noindex/DDDDS_Test.build/Debug-iphonesimulator/DDDDS_Test.build/Objects-normal/arm64/DDDDS_Test_const_extract_protocols.json -enable-experimental-feature DebugDescriptionMacro -enable-bare-slash-regex -empty-abi-descriptor -validate-clang-modules-once -clang-build-session-file /Users/vladimirsvh/Library/Developer/Xcode/DerivedData/ModuleCache.noindex/Session.modulevalidation -Xcc -working-directory -Xcc /Users/vladimirsvh/Desktop/MyDashboardApp\ best/DDDDS_Test -resource-dir /Applications/Xcode.app/Contents/Developer/Toolchains/XcodeDefault.xctoolchain/usr/lib/swift -enable-anonymous-context-mangled-names -file-compilation-dir /Users/vladimirsvh/Desktop/MyDashboardApp\ best/DDDDS_Test -Xcc -ivfsstatcache -Xcc /Users/vladimirsvh/Library/Developer/Xcode/DerivedData/SDKStatCaches.noindex/iphonesimulator18.4-22E235-71825a6d136aa4733edcbe86ece5525b.sdkstatcache -Xcc -I/Users/vladimirsvh/Library/Developer/Xcode/DerivedData/DDDDS_Test-baycaolwgxvqjmavfjwyeeqaloxx/Build/Intermediates.noindex/DDDDS_Test.build/Debug-iphonesimulator/DDDDS_Test.build/swift-overrides.hmap -Xcc -iquote -Xcc /Users/vladimirsvh/Library/Developer/Xcode/DerivedData/DDDDS_Test-baycaolwgxvqjmavfjwyeeqaloxx/Build/Intermediates.noindex/DDDDS_Test.build/Debug-iphonesimulator/DDDDS_Test.build/DDDDS_Test-generated-files.hmap -Xcc -I/Users/vladimirsvh/Library/Developer/Xcode/DerivedData/DDDDS_Test-baycaolwgxvqjmavfjwyeeqaloxx/Build/Intermediates.noindex/DDDDS_Test.build/Debug-iphonesimulator/DDDDS_Test.build/DDDDS_Test-own-target-headers.hmap -Xcc -I/Users/vladimirsvh/Library/Developer/Xcode/DerivedData/DDDDS_Test-baycaolwgxvqjmavfjwyeeqaloxx/Build/Intermediates.noindex/DDDDS_Test.build/Debug-iphonesimulator/DDDDS_Test.build/DDDDS_Test-all-target-headers.hmap -Xcc -iquote -Xcc /Users/vladimirsvh/Library/Developer/Xcode/DerivedData/DDDDS_Test-baycaolwgxvqjmavfjwyeeqaloxx/Build/Intermediates.noindex/DDDDS_Test.build/Debug-iphonesimulator/DDDDS_Test.build/DDDDS_Test-project-headers.hmap -Xcc -I/Users/vladimirsvh/Library/Developer/Xcode/DerivedData/DDDDS_Test-baycaolwgxvqjmavfjwyeeqaloxx/Build/Products/Debug-iphonesimulator/include -Xcc -I/Users/vladimirsvh/Library/Developer/Xcode/DerivedData/DDDDS_Test-baycaolwgxvqjmavfjwyeeqaloxx/Build/Intermediates.noindex/DDDDS_Test.build/Debug-iphonesimulator/DDDDS_Test.build/DerivedSources-normal/arm64 -Xcc -I/Users/vladimirsvh/Library/Developer/Xcode/DerivedData/DDDDS_Test-baycaolwgxvqjmavfjwyeeqaloxx/Build/Intermediates.noindex/DDDDS_Test.build/Debug-iphonesimulator/DDDDS_Test.build/DerivedSources/arm64 -Xcc -I/Users/vladimirsvh/Library/Developer/Xcode/DerivedData/DDDDS_Test-baycaolwgxvqjmavfjwyeeqaloxx/Build/Intermediates.noindex/DDDDS_Test.build/Debug-iphonesimulator/DDDDS_Test.build/DerivedSources -Xcc -DDEBUG\=1 -module-name DDDDS_Test -frontend-parseable-output -disable-clang-spi -target-sdk-version 18.4 -target-sdk-name iphonesimulator18.4 -external-plugin-path /Applications/Xcode.app/Contents/Developer/Platforms/iPhoneOS.platform/Developer/usr/lib/swift/host/plugins\#/Applications/Xcode.app/Contents/Developer/Platforms/iPhoneOS.platform/Developer/usr/bin/swift-plugin-server -external-plugin-path /Applications/Xcode.app/Contents/Developer/Platforms/iPhoneOS.platform/Developer/usr/local/lib/swift/host/plugins\#/Applications/Xcode.app/Contents/Developer/Platforms/iPhoneOS.platform/Developer/usr/bin/swift-plugin-server -in-process-plugin-server-path /Applications/Xcode.app/Contents/Developer/Toolchains/XcodeDefault.xctoolchain/usr/lib/swift/host/libSwiftInProcPluginServer.dylib -plugin-path /Applications/Xcode.app/Contents/Developer/Toolchains/XcodeDefault.xctoolchain/usr/lib/swift/host/plugins -plugin-path /Applications/Xcode.app/Contents/Developer/Toolchains/XcodeDefault.xctoolchain/usr/local/lib/swift/host/plugins -o /Users/vladimirsvh/Library/Developer/Xcode/DerivedData/DDDDS_Test-baycaolwgxvqjmavfjwyeeqaloxx/Build/Intermediates.noindex/DDDDS_Test.build/Debug-iphonesimulator/DDDDS_Test.build/Objects-normal/arm64/DashboardViewController.o -index-unit-output-path /DDDDS_Test.build/Debug-iphonesimulator/DDDDS_Test.build/Objects-normal/arm64/DashboardViewController.o -index-store-path /Users/vladimirsvh/Library/Developer/Xcode/DerivedData/DDDDS_Test-baycaolwgxvqjmavfjwyeeqaloxx/Index.noindex/DataStore -index-system-modules
    
    
    Compile DashboardViewController.swift (arm64):
    /Users/vladimirsvh/Desktop/MyDashboardApp best/DDDDS_Test/DDDDS_Test/Dashboard/Widgets/TasksWidgetView.swift:2:1: error: expressions are not allowed at the top level
    backgroundColor = UIColor(hex: "#F65D2C").withAlphaComponent(0.1)
    ^
    /Users/vladimirsvh/Desktop/MyDashboardApp best/DDDDS_Test/DDDDS_Test/Dashboard/Widgets/TasksWidgetView.swift:3:1: error: expressions are not allowed at the top level
    titleLabel.text = "Tasks"
    ^
    /Users/vladimirsvh/Desktop/MyDashboardApp best/DDDDS_Test/DDDDS_Test/Dashboard/Widgets/DiaryWidgetView.swift:2:1: error: expressions are not allowed at the top level
    backgroundColor = UIColor(hex: "#F42012").withAlphaComponent(0.1)
    ^
    /Users/vladimirsvh/Desktop/MyDashboardApp best/DDDDS_Test/DDDDS_Test/Dashboard/Widgets/DiaryWidgetView.swift:3:1: error: expressions are not allowed at the top level
    titleLabel.text = "Diary"
    ^
    /Users/vladimirsvh/Desktop/MyDashboardApp best/DDDDS_Test/DDDDS_Test/Dashboard/Widgets/BodyWidgetView.swift:2:1: error: expressions are not allowed at the top level
    backgroundColor = UIColor(hex: "#E32D5F").withAlphaComponent(0.1)
    ^
    /Users/vladimirsvh/Desktop/MyDashboardApp best/DDDDS_Test/DDDDS_Test/Dashboard/Widgets/BodyWidgetView.swift:3:1: error: expressions are not allowed at the top level
    titleLabel.text = "Body"
    ^
    /Users/vladimirsvh/Desktop/MyDashboardApp best/DDDDS_Test/DDDDS_Test/Dashboard/Widgets/MoneyWidgetView.swift:8:1: error: 'required' initializer 'init(coder:)' must be provided by subclass of 'UIView'
        
    ^
    /Applications/Xcode.app/Contents/Developer/Platforms/iPhoneSimulator.platform/Developer/SDKs/iPhoneSimulator18.4.sdk/System/Library/Frameworks/UIKit.framework/Headers/UIView.h:150:1: note: 'required' initializer is declared in superclass here
    - (nullable instancetype)initWithCoder:(NSCoder *)coder NS_DESIGNATED_INITIALIZER;
    ^
    /Users/vladimirsvh/Desktop/MyDashboardApp best/DDDDS_Test/DDDDS_Test/Dashboard/DashboardViewController.swift:25:41: error: cannot find 'TasksWidgetView' in scope
            contentStack.addArrangedSubview(TasksWidgetView())
                                            ^~~~~~~~~~~~~~~
    /Users/vladimirsvh/Desktop/MyDashboardApp best/DDDDS_Test/DDDDS_Test/Dashboard/DashboardViewController.swift:26:41: error: cannot find 'BodyWidgetView' in scope
            contentStack.addArrangedSubview(BodyWidgetView())
                                            ^~~~~~~~~~~~~~
    /Users/vladimirsvh/Desktop/MyDashboardApp best/DDDDS_Test/DDDDS_Test/Dashboard/DashboardViewController.swift:27:41: error: cannot find 'DiaryWidgetView' in scope
            contentStack.addArrangedSubview(DiaryWidgetView())
                                            ^~~~~~~~~~~~~~~
    /Users/vladimirsvh/Desktop/MyDashboardApp best/DDDDS_Test/DDDDS_Test/Dashboard/Widgets/HabitsWidgetView.swift:16:1: error: 'required' initializer 'init(coder:)' must be provided by subclass of 'UIView'
    }
    ^
    /Applications/Xcode.app/Contents/Developer/Platforms/iPhoneSimulator.platform/Developer/SDKs/iPhoneSimulator18.4.sdk/System/Library/Frameworks/UIKit.framework/Headers/UIView.h:150:1: note: 'required' initializer is declared in superclass here
    - (nullable instancetype)initWithCoder:(NSCoder *)coder NS_DESIGNATED_INITIALIZER;
    ^
    
    
    Compiling BodyWidgetView.swift:
    Failed frontend command:
    /Applications/Xcode.app/Contents/Developer/Toolchains/XcodeDefault.xctoolchain/usr/bin/swift-frontend -frontend -c /Users/vladimirsvh/Desktop/MyDashboardApp\ best/DDDDS_Test/DDDDS_Test/Dashboard/AppDelegate.swift /Users/vladimirsvh/Desktop/MyDashboardApp\ best/DDDDS_Test/DDDDS_Test/Dashboard/Support/Extensions.swift /Users/vladimirsvh/Desktop/MyDashboardApp\ best/DDDDS_Test/DDDDS_Test/Dashboard/Widgets/HabitsWidgetView.swift /Users/vladimirsvh/Desktop/MyDashboardApp\ best/DDDDS_Test/DDDDS_Test/Dashboard/Widgets/MoneyWidgetView.swift /Users/vladimirsvh/Desktop/MyDashboardApp\ best/DDDDS_Test/DDDDS_Test/Dashboard/Support/DesignSystem.swift /Users/vladimirsvh/Desktop/MyDashboardApp\ best/DDDDS_Test/DDDDS_Test/ContentView.swift /Users/vladimirsvh/Desktop/MyDashboardApp\ best/DDDDS_Test/DDDDS_Test/Dashboard/Widgets/TasksWidgetView.swift /Users/vladimirsvh/Desktop/MyDashboardApp\ best/DDDDS_Test/DDDDS_Test/Dashboard/Widgets/DiaryWidgetView.swift /Users/vladimirsvh/Desktop/MyDashboardApp\ best/DDDDS_Test/DDDDS_Test/Dashboard/DashboardViewController.swift -primary-file /Users/vladimirsvh/Desktop/MyDashboardApp\ best/DDDDS_Test/DDDDS_Test/Dashboard/Widgets/BodyWidgetView.swift /Users/vladimirsvh/Desktop/MyDashboardApp\ best/DDDDS_Test/DDDDS_Test/DDDDS_TestApp.swift /Users/vladimirsvh/Library/Developer/Xcode/DerivedData/DDDDS_Test-baycaolwgxvqjmavfjwyeeqaloxx/Build/Intermediates.noindex/DDDDS_Test.build/Debug-iphonesimulator/DDDDS_Test.build/DerivedSources/GeneratedAssetSymbols.swift -emit-dependencies-path /Users/vladimirsvh/Library/Developer/Xcode/DerivedData/DDDDS_Test-baycaolwgxvqjmavfjwyeeqaloxx/Build/Intermediates.noindex/DDDDS_Test.build/Debug-iphonesimulator/DDDDS_Test.build/Objects-normal/arm64/BodyWidgetView.d -emit-const-values-path /Users/vladimirsvh/Library/Developer/Xcode/DerivedData/DDDDS_Test-baycaolwgxvqjmavfjwyeeqaloxx/Build/Intermediates.noindex/DDDDS_Test.build/Debug-iphonesimulator/DDDDS_Test.build/Objects-normal/arm64/BodyWidgetView.swiftconstvalues -emit-reference-dependencies-path /Users/vladimirsvh/Library/Developer/Xcode/DerivedData/DDDDS_Test-baycaolwgxvqjmavfjwyeeqaloxx/Build/Intermediates.noindex/DDDDS_Test.build/Debug-iphonesimulator/DDDDS_Test.build/Objects-normal/arm64/BodyWidgetView.swiftdeps -serialize-diagnostics-path /Users/vladimirsvh/Library/Developer/Xcode/DerivedData/DDDDS_Test-baycaolwgxvqjmavfjwyeeqaloxx/Build/Intermediates.noindex/DDDDS_Test.build/Debug-iphonesimulator/DDDDS_Test.build/Objects-normal/arm64/BodyWidgetView.dia -emit-localized-strings -emit-localized-strings-path /Users/vladimirsvh/Library/Developer/Xcode/DerivedData/DDDDS_Test-baycaolwgxvqjmavfjwyeeqaloxx/Build/Intermediates.noindex/DDDDS_Test.build/Debug-iphonesimulator/DDDDS_Test.build/Objects-normal/arm64 -target arm64-apple-ios18.4-simulator -Xllvm -aarch64-use-tbi -enable-objc-interop -sdk /Applications/Xcode.app/Contents/Developer/Platforms/iPhoneSimulator.platform/Developer/SDKs/iPhoneSimulator18.4.sdk -I /Users/vladimirsvh/Library/Developer/Xcode/DerivedData/DDDDS_Test-baycaolwgxvqjmavfjwyeeqaloxx/Build/Products/Debug-iphonesimulator -F /Users/vladimirsvh/Library/Developer/Xcode/DerivedData/DDDDS_Test-baycaolwgxvqjmavfjwyeeqaloxx/Build/Products/Debug-iphonesimulator -no-color-diagnostics -enable-testing -g -debug-info-format\=dwarf -dwarf-version\=5 -module-cache-path /Users/vladimirsvh/Library/Developer/Xcode/DerivedData/ModuleCache.noindex -swift-version 5 -enforce-exclusivity\=checked -Onone -D DEBUG -serialize-debugging-options -const-gather-protocols-file /Users/vladimirsvh/Library/Developer/Xcode/DerivedData/DDDDS_Test-baycaolwgxvqjmavfjwyeeqaloxx/Build/Intermediates.noindex/DDDDS_Test.build/Debug-iphonesimulator/DDDDS_Test.build/Objects-normal/arm64/DDDDS_Test_const_extract_protocols.json -enable-experimental-feature DebugDescriptionMacro -enable-bare-slash-regex -empty-abi-descriptor -validate-clang-modules-once -clang-build-session-file /Users/vladimirsvh/Library/Developer/Xcode/DerivedData/ModuleCache.noindex/Session.modulevalidation -Xcc -working-directory -Xcc /Users/vladimirsvh/Desktop/MyDashboardApp\ best/DDDDS_Test -resource-dir /Applications/Xcode.app/Contents/Developer/Toolchains/XcodeDefault.xctoolchain/usr/lib/swift -enable-anonymous-context-mangled-names -file-compilation-dir /Users/vladimirsvh/Desktop/MyDashboardApp\ best/DDDDS_Test -Xcc -ivfsstatcache -Xcc /Users/vladimirsvh/Library/Developer/Xcode/DerivedData/SDKStatCaches.noindex/iphonesimulator18.4-22E235-71825a6d136aa4733edcbe86ece5525b.sdkstatcache -Xcc -I/Users/vladimirsvh/Library/Developer/Xcode/DerivedData/DDDDS_Test-baycaolwgxvqjmavfjwyeeqaloxx/Build/Intermediates.noindex/DDDDS_Test.build/Debug-iphonesimulator/DDDDS_Test.build/swift-overrides.hmap -Xcc -iquote -Xcc /Users/vladimirsvh/Library/Developer/Xcode/DerivedData/DDDDS_Test-baycaolwgxvqjmavfjwyeeqaloxx/Build/Intermediates.noindex/DDDDS_Test.build/Debug-iphonesimulator/DDDDS_Test.build/DDDDS_Test-generated-files.hmap -Xcc -I/Users/vladimirsvh/Library/Developer/Xcode/DerivedData/DDDDS_Test-baycaolwgxvqjmavfjwyeeqaloxx/Build/Intermediates.noindex/DDDDS_Test.build/Debug-iphonesimulator/DDDDS_Test.build/DDDDS_Test-own-target-headers.hmap -Xcc -I/Users/vladimirsvh/Library/Developer/Xcode/DerivedData/DDDDS_Test-baycaolwgxvqjmavfjwyeeqaloxx/Build/Intermediates.noindex/DDDDS_Test.build/Debug-iphonesimulator/DDDDS_Test.build/DDDDS_Test-all-target-headers.hmap -Xcc -iquote -Xcc /Users/vladimirsvh/Library/Developer/Xcode/DerivedData/DDDDS_Test-baycaolwgxvqjmavfjwyeeqaloxx/Build/Intermediates.noindex/DDDDS_Test.build/Debug-iphonesimulator/DDDDS_Test.build/DDDDS_Test-project-headers.hmap -Xcc -I/Users/vladimirsvh/Library/Developer/Xcode/DerivedData/DDDDS_Test-baycaolwgxvqjmavfjwyeeqaloxx/Build/Products/Debug-iphonesimulator/include -Xcc -I/Users/vladimirsvh/Library/Developer/Xcode/DerivedData/DDDDS_Test-baycaolwgxvqjmavfjwyeeqaloxx/Build/Intermediates.noindex/DDDDS_Test.build/Debug-iphonesimulator/DDDDS_Test.build/DerivedSources-normal/arm64 -Xcc -I/Users/vladimirsvh/Library/Developer/Xcode/DerivedData/DDDDS_Test-baycaolwgxvqjmavfjwyeeqaloxx/Build/Intermediates.noindex/DDDDS_Test.build/Debug-iphonesimulator/DDDDS_Test.build/DerivedSources/arm64 -Xcc -I/Users/vladimirsvh/Library/Developer/Xcode/DerivedData/DDDDS_Test-baycaolwgxvqjmavfjwyeeqaloxx/Build/Intermediates.noindex/DDDDS_Test.build/Debug-iphonesimulator/DDDDS_Test.build/DerivedSources -Xcc -DDEBUG\=1 -module-name DDDDS_Test -frontend-parseable-output -disable-clang-spi -target-sdk-version 18.4 -target-sdk-name iphonesimulator18.4 -external-plugin-path /Applications/Xcode.app/Contents/Developer/Platforms/iPhoneOS.platform/Developer/usr/lib/swift/host/plugins\#/Applications/Xcode.app/Contents/Developer/Platforms/iPhoneOS.platform/Developer/usr/bin/swift-plugin-server -external-plugin-path /Applications/Xcode.app/Contents/Developer/Platforms/iPhoneOS.platform/Developer/usr/local/lib/swift/host/plugins\#/Applications/Xcode.app/Contents/Developer/Platforms/iPhoneOS.platform/Developer/usr/bin/swift-plugin-server -in-process-plugin-server-path /Applications/Xcode.app/Contents/Developer/Toolchains/XcodeDefault.xctoolchain/usr/lib/swift/host/libSwiftInProcPluginServer.dylib -plugin-path /Applications/Xcode.app/Contents/Developer/Toolchains/XcodeDefault.xctoolchain/usr/lib/swift/host/plugins -plugin-path /Applications/Xcode.app/Contents/Developer/Toolchains/XcodeDefault.xctoolchain/usr/local/lib/swift/host/plugins -o /Users/vladimirsvh/Library/Developer/Xcode/DerivedData/DDDDS_Test-baycaolwgxvqjmavfjwyeeqaloxx/Build/Intermediates.noindex/DDDDS_Test.build/Debug-iphonesimulator/DDDDS_Test.build/Objects-normal/arm64/BodyWidgetView.o -index-unit-output-path /DDDDS_Test.build/Debug-iphonesimulator/DDDDS_Test.build/Objects-normal/arm64/BodyWidgetView.o -index-store-path /Users/vladimirsvh/Library/Developer/Xcode/DerivedData/DDDDS_Test-baycaolwgxvqjmavfjwyeeqaloxx/Index.noindex/DataStore -index-system-modules
    
    
    Compile BodyWidgetView.swift (arm64):
    /Users/vladimirsvh/Desktop/MyDashboardApp best/DDDDS_Test/DDDDS_Test/Dashboard/Widgets/TasksWidgetView.swift:2:1: error: expressions are not allowed at the top level
    backgroundColor = UIColor(hex: "#F65D2C").withAlphaComponent(0.1)
    ^
    /Users/vladimirsvh/Desktop/MyDashboardApp best/DDDDS_Test/DDDDS_Test/Dashboard/Widgets/TasksWidgetView.swift:3:1: error: expressions are not allowed at the top level
    titleLabel.text = "Tasks"
    ^
    /Users/vladimirsvh/Desktop/MyDashboardApp best/DDDDS_Test/DDDDS_Test/Dashboard/Widgets/DiaryWidgetView.swift:2:1: error: expressions are not allowed at the top level
    backgroundColor = UIColor(hex: "#F42012").withAlphaComponent(0.1)
    ^
    /Users/vladimirsvh/Desktop/MyDashboardApp best/DDDDS_Test/DDDDS_Test/Dashboard/Widgets/DiaryWidgetView.swift:3:1: error: expressions are not allowed at the top level
    titleLabel.text = "Diary"
    ^
    /Users/vladimirsvh/Desktop/MyDashboardApp best/DDDDS_Test/DDDDS_Test/Dashboard/Widgets/BodyWidgetView.swift:2:1: error: expressions are not allowed at the top level
    backgroundColor = UIColor(hex: "#E32D5F").withAlphaComponent(0.1)
    ^
    /Users/vladimirsvh/Desktop/MyDashboardApp best/DDDDS_Test/DDDDS_Test/Dashboard/Widgets/BodyWidgetView.swift:3:1: error: expressions are not allowed at the top level
    titleLabel.text = "Body"
    ^
    /Users/vladimirsvh/Desktop/MyDashboardApp best/DDDDS_Test/DDDDS_Test/Dashboard/Widgets/BodyWidgetView.swift:2:1: error: cannot find 'backgroundColor' in scope
    backgroundColor = UIColor(hex: "#E32D5F").withAlphaComponent(0.1)
    ^~~~~~~~~~~~~~~
    /Users/vladimirsvh/Desktop/MyDashboardApp best/DDDDS_Test/DDDDS_Test/Dashboard/Widgets/BodyWidgetView.swift:2:19: error: cannot find 'UIColor' in scope
    backgroundColor = UIColor(hex: "#E32D5F").withAlphaComponent(0.1)
                      ^~~~~~~
    /Users/vladimirsvh/Desktop/MyDashboardApp best/DDDDS_Test/DDDDS_Test/Dashboard/Widgets/BodyWidgetView.swift:3:1: error: cannot find 'titleLabel' in scope
    titleLabel.text = "Body"
    ^~~~~~~~~~
    
    
    Copy DDDDS_Test.swiftmodule (arm64):
    error: lstat(/Users/vladimirsvh/Library/Developer/Xcode/DerivedData/DDDDS_Test-baycaolwgxvqjmavfjwyeeqaloxx/Build/Intermediates.noindex/DDDDS_Test.build/Debug-iphonesimulator/DDDDS_Test.build/Objects-normal/arm64/DDDDS_Test.swiftmodule): No such file or directory (2) (in target 'DDDDS_Test' from project 'DDDDS_Test')
    
    
    Copy DDDDS_Test.swiftdoc (arm64):
    error: lstat(/Users/vladimirsvh/Library/Developer/Xcode/DerivedData/DDDDS_Test-baycaolwgxvqjmavfjwyeeqaloxx/Build/Intermediates.noindex/DDDDS_Test.build/Debug-iphonesimulator/DDDDS_Test.build/Objects-normal/arm64/DDDDS_Test.swiftdoc): No such file or directory (2) (in target 'DDDDS_Test' from project 'DDDDS_Test')
    
    
    Copy DDDDS_Test.abi.json (arm64):
    error: lstat(/Users/vladimirsvh/Library/Developer/Xcode/DerivedData/DDDDS_Test-baycaolwgxvqjmavfjwyeeqaloxx/Build/Intermediates.noindex/DDDDS_Test.build/Debug-iphonesimulator/DDDDS_Test.build/Objects-normal/arm64/DDDDS_Test.abi.json): No such file or directory (2) (in target 'DDDDS_Test' from project 'DDDDS_Test')
    
    
    Copy DDDDS_Test.swiftsourceinfo (arm64):
    error: lstat(/Users/vladimirsvh/Library/Developer/Xcode/DerivedData/DDDDS_Test-baycaolwgxvqjmavfjwyeeqaloxx/Build/Intermediates.noindex/DDDDS_Test.build/Debug-iphonesimulator/DDDDS_Test.build/Objects-normal/arm64/DDDDS_Test.swiftsourceinfo): No such file or directory (2) (in target 'DDDDS_Test' from project 'DDDDS_Test')
    



== VERSION INFO:

    Tools: 16E140
    OS:    24D81
    PID:   4135
    Model: MacBook Air
    Arch:  arm64e



== EXECUTION MODE PROPERTIES:

    Automatically Refresh Previews: true
    JIT Mode User Enabled: true
    Falling back to Dynamic Replacement: false



== ENVIRONMENT:

    openFiles = [
        /Users/vladimirsvh/Desktop/MyDashboardApp best/DDDDS_Test/DDDDS_Test/ContentView.swift
    ]
    wantsNewBuildSystem = true
    newBuildSystemAvailable = true
    activeScheme = DDDDS_Test
    activeRunDestination = iPhone 16 Pro variant iphonesimulator arm64
    workspaceArena = [x]
    buildArena = [x]
    buildableEntries = [
        DDDDS_Test.app
    ]
    runMode = JIT Executor



== SELECTED RUN DESTINATION:

    Simulator - iOS 18.4 | iphonesimulator | arm64 | iPhone 16 Pro | no proxy



== PACKAGE RESOLUTION ERRORS:

    



== REFERENCED SOURCE PACKAGES:

    



== JIT LINKAGE:

    



== SESSION GROUP 4777:

    workspace identifier: WorkspaceIdentifier(identifier: 137B61E0-BFC6-4338-BBB6-6A86D2A277EE)
    providers: [
        Preview Provider | Registry-ContentView.swift#1[preview] [Editor(4723)]
    ]
    translation units: [
        /Users/vladimirsvh/Desktop/MyDashboardApp best/DDDDS_Test/DDDDS_Test/ContentView.swift
    ]
    attributes: [
        Editor(4723):     []
    ]
    session: 4778
    request sessions: [
        Registry[Registry-ContentView.swift#1[preview] (line 22)]: not completed
    ]



== UPDATE SESSION 4778:

    Start Date: Monday, 19 May 2025 at 12:04:10 AM Central Indonesia Time
    Timing {
        Elapsed Time: 0.47009897232055664s
        5b14a7737c2c163a,769277049.162503,1.3703069686889648s,,WorkspaceBuild,
        231cdb3c4c1ea9fc,769277050.064808,0.47009897232055664s,,PreviewUpdateSession,id:4778
        ccbc0b90b55d280d,769277050.081566,0.00026297569274902344s,,MakeBuildGraph,
    }
    Preview Preflight {
        UpdaterStore {
            updaterLimit: single
            expectedAbandonedIdentifiers: [4504]
        }
        Simulator {
            platform: iphonesimulator
            device: 6EF2EBEA-D4F0-427B-BAAE-2A62D33F55B7 iPhone 16 Pro
            buildNumber: 22E238
            runtimePath: /Library/Developer/CoreSimulator/Volumes/iOS_22E238/Library/Developer/CoreSimulator/Profiles/Runtimes/iOS 18.4.simruntime
        }
    }
    Preview Provider {
        UpdaterStore {
            updaterLimit: single
            expectedAbandonedIdentifiers: [4504]
        }
        Simulator {
            platform: iphonesimulator
            device: 6EF2EBEA-D4F0-427B-BAAE-2A62D33F55B7 iPhone 16 Pro
            buildNumber: 22E238
            runtimePath: /Library/Developer/CoreSimulator/Volumes/iOS_22E238/Library/Developer/CoreSimulator/Profiles/Runtimes/iOS 18.4.simruntime
        }
    }
    Build Graph {
        DDDDS_Test.app (#3)
           sourceFile(file:///Users/vladimirsvh/Desktop/MyDashboardApp%20best/DDDDS_Test/DDDDS_Test/ContentView.swift -> ContentView.swift) (#1)
           ContentView.swift (#2)
    }
    Update Plan {
        iOS [arm64 iphonesimulator18.4 iphonesimulator] (iPhone 16 Pro, 3838F0CA-35E0-4491-89A8-755D15A7AA98-iphonesimulator18.4-arm64-iphonesimulator), [], thinning disabled, thunking enabled) {
            Destination: iPhone 16 Pro 3838F0CA-35E0-4491-89A8-755D15A7AA98 | default device for iphonesimulator [
                DDDDS_Test app - Previews {
                    execution point packs [
                        [source: ContentView.swift, role: Previews] (in DDDDS_Test)
                    ]
                    translation units [
                        ContentView.swift (in DDDDS_Test.app)
                    ]
                    modules [
                        DDDDS_Test.app
                    ]
                    jit link description [
                        DDDDS_Test.app
                    ]
                }
            ]
        }
    }



== BUILD PRODUCTS CACHE:

    BuildCache {
        Translation Units [
            file:///Users/vladimirsvh/Desktop/MyDashboardApp%20best/DDDDS_Test/DDDDS_Test/ContentView.swift -> ContentView.swift {
                workspace: iOS [arm64 iphonesimulator18.4 iphonesimulator] (iPhone 16 Pro, 3838F0CA-35E0-4491-89A8-755D15A7AA98-iphonesimulator18.4-arm64-iphonesimulator), [], thinning disabled, thunking enabled)
                Previews_ContentView
            }
        ]
    }



== POWER STATE LOGS:

    18/05/2025, 11:51 PM Received power source state: Battery Powered (lowPowerMode: false, status: charging, level: 100%)
    18/05/2025, 11:51 PM No device power state user override user default value.Current power state: Full Power

 и проверь структуру на скриншоте, я правильно сделал или есть ошибки??
